[0.413s] Invoking command in '/home/walt/ws_moveit/build/uf_ros_lib': DEBUGINFOD_URLS=https://debuginfod.ubuntu.com PYTHONPATH=/home/walt/ws_moveit/build/uf_ros_lib/prefix_override:/usr/lib/python3/dist-packages/colcon_core/task/python/colcon_distutils_commands:/home/walt/ws_moveit/install/uf_ros_lib/lib/python3.12/site-packages:${PYTHONPATH} /usr/bin/python3 -W ignore:setup.py install is deprecated -W ignore:easy_install command is deprecated setup.py develop --editable --build-directory /home/walt/ws_moveit/build/uf_ros_lib/build --no-deps symlink_data
[0.575s] running develop
[0.708s] running egg_info
[0.708s] creating uf_ros_lib.egg-info
[0.722s] writing uf_ros_lib.egg-info/PKG-INFO
[0.723s] writing dependency_links to uf_ros_lib.egg-info/dependency_links.txt
[0.723s] writing requirements to uf_ros_lib.egg-info/requires.txt
[0.723s] writing top-level names to uf_ros_lib.egg-info/top_level.txt
[0.727s] writing manifest file 'uf_ros_lib.egg-info/SOURCES.txt'
[0.753s] reading manifest file 'uf_ros_lib.egg-info/SOURCES.txt'
[0.754s] writing manifest file 'uf_ros_lib.egg-info/SOURCES.txt'
[0.769s] running build_ext
[0.769s] Creating /home/walt/ws_moveit/install/uf_ros_lib/lib/python3.12/site-packages/uf-ros-lib.egg-link (link to .)
[0.769s] 
[0.769s] Installed /home/walt/ws_moveit/build/uf_ros_lib
[0.769s] running symlink_data
[0.769s] creating /home/walt/ws_moveit/install/uf_ros_lib/share/ament_index
[0.770s] creating /home/walt/ws_moveit/install/uf_ros_lib/share/ament_index/resource_index
[0.770s] creating /home/walt/ws_moveit/install/uf_ros_lib/share/ament_index/resource_index/packages
[0.770s] symbolically linking /home/walt/ws_moveit/build/uf_ros_lib/resource/uf_ros_lib -> /home/walt/ws_moveit/install/uf_ros_lib/share/ament_index/resource_index/packages
[0.770s] symbolically linking /home/walt/ws_moveit/build/uf_ros_lib/package.xml -> /home/walt/ws_moveit/install/uf_ros_lib/share/uf_ros_lib
[0.800s] Invoked command in '/home/walt/ws_moveit/build/uf_ros_lib' returned '0': DEBUGINFOD_URLS=https://debuginfod.ubuntu.com PYTHONPATH=/home/walt/ws_moveit/build/uf_ros_lib/prefix_override:/usr/lib/python3/dist-packages/colcon_core/task/python/colcon_distutils_commands:/home/walt/ws_moveit/install/uf_ros_lib/lib/python3.12/site-packages:${PYTHONPATH} /usr/bin/python3 -W ignore:setup.py install is deprecated -W ignore:easy_install command is deprecated setup.py develop --editable --build-directory /home/walt/ws_moveit/build/uf_ros_lib/build --no-deps symlink_data
