-- The C compiler identification is GNU 13.3.0
-- The CXX compiler identification is GNU 13.3.0
-- Detecting C compiler ABI info
-- Detecting C compiler ABI info - done
-- Check for working C compiler: /usr/bin/cc - skipped
-- Detecting C compile features
-- Detecting C compile features - done
-- Detecting CXX compiler ABI info
-- Detecting CXX compiler ABI info - done
-- Check for working CXX compiler: /usr/bin/c++ - skipped
-- Detecting CXX compile features
-- Detecting CXX compile features - done
-- Found ament_cmake: 2.5.3 (/opt/ros/jazzy/share/ament_cmake/cmake)
-- Found Python3: /usr/bin/python3 (found version "3.12.3") found components: Interpreter 
-- Override CMake install command with custom implementation using symlinks instead of copying resources
-- Found ament_lint_auto: 0.17.1 (/opt/ros/jazzy/share/ament_lint_auto/cmake)
-- Added test 'copyright' to check source files copyright and LICENSE
-- Added test 'flake8' to check Python code syntax and style conventions
-- Configured 'flake8' exclude dirs and/or files: 
-- Added test 'lint_cmake' to check CMake code style
-- Added test 'pep257' to check Python code against some of the docstring style conventions in PEP 257
-- Added test 'xmllint' to check XML markup files
-- Configuring done (0.5s)
-- Generating done (0.0s)
-- Build files have been written to: /home/walt/ws_moveit/build/xarm_description
-- Install configuration: ""
-- Execute custom install script
-- Symlinking: /home/walt/ws_moveit/install/xarm_description/share/xarm_description//rviz/display.rviz
-- Symlinking: /home/walt/ws_moveit/install/xarm_description/share/xarm_description//urdf/_private_macro.xacro
-- Symlinking: /home/walt/ws_moveit/install/xarm_description/share/xarm_description//urdf/camera/camera.gazebo.xacro
-- Symlinking: /home/walt/ws_moveit/install/xarm_description/share/xarm_description//urdf/camera/realsense.gazebo.xacro
-- Symlinking: /home/walt/ws_moveit/install/xarm_description/share/xarm_description//urdf/camera/realsense_d435i.urdf.xacro
-- Symlinking: /home/walt/ws_moveit/install/xarm_description/share/xarm_description//urdf/common/common.gazebo.xacro
-- Symlinking: /home/walt/ws_moveit/install/xarm_description/share/xarm_description//urdf/common/common.link.xacro
-- Symlinking: /home/walt/ws_moveit/install/xarm_description/share/xarm_description//urdf/common/common.material.xacro
-- Symlinking: /home/walt/ws_moveit/install/xarm_description/share/xarm_description//urdf/dual_xarm_device.urdf.xacro
-- Symlinking: /home/walt/ws_moveit/install/xarm_description/share/xarm_description//urdf/gripper/bio_gripper.gazebo.xacro
-- Symlinking: /home/walt/ws_moveit/install/xarm_description/share/xarm_description//urdf/gripper/bio_gripper.ros2_control.xacro
-- Symlinking: /home/walt/ws_moveit/install/xarm_description/share/xarm_description//urdf/gripper/bio_gripper.transmission.xacro
-- Symlinking: /home/walt/ws_moveit/install/xarm_description/share/xarm_description//urdf/gripper/bio_gripper.urdf.xacro
-- Symlinking: /home/walt/ws_moveit/install/xarm_description/share/xarm_description//urdf/gripper/bio_gripper_macro.xacro
-- Symlinking: /home/walt/ws_moveit/install/xarm_description/share/xarm_description//urdf/gripper/gripper.urdf.xacro
-- Symlinking: /home/walt/ws_moveit/install/xarm_description/share/xarm_description//urdf/gripper/gripper_macro.xacro
-- Symlinking: /home/walt/ws_moveit/install/xarm_description/share/xarm_description//urdf/gripper/lite_gripper.urdf.xacro
-- Symlinking: /home/walt/ws_moveit/install/xarm_description/share/xarm_description//urdf/gripper/xarm_gripper.gazebo.xacro
-- Symlinking: /home/walt/ws_moveit/install/xarm_description/share/xarm_description//urdf/gripper/xarm_gripper.ros2_control.xacro
-- Symlinking: /home/walt/ws_moveit/install/xarm_description/share/xarm_description//urdf/gripper/xarm_gripper.transmission.xacro
-- Symlinking: /home/walt/ws_moveit/install/xarm_description/share/xarm_description//urdf/gripper/xarm_gripper.urdf.xacro
-- Symlinking: /home/walt/ws_moveit/install/xarm_description/share/xarm_description//urdf/gripper/xarm_gripper_macro.xacro
-- Symlinking: /home/walt/ws_moveit/install/xarm_description/share/xarm_description//urdf/lite6/lite6.gazebo.xacro
-- Symlinking: /home/walt/ws_moveit/install/xarm_description/share/xarm_description//urdf/lite6/lite6.ros2_control.xacro
-- Symlinking: /home/walt/ws_moveit/install/xarm_description/share/xarm_description//urdf/lite6/lite6.transmission.xacro
-- Symlinking: /home/walt/ws_moveit/install/xarm_description/share/xarm_description//urdf/lite6/lite6.urdf.xacro
-- Symlinking: /home/walt/ws_moveit/install/xarm_description/share/xarm_description//urdf/lite6/lite6_robot_macro.xacro
-- Symlinking: /home/walt/ws_moveit/install/xarm_description/share/xarm_description//urdf/other/other_geometry.urdf.xacro
-- Symlinking: /home/walt/ws_moveit/install/xarm_description/share/xarm_description//urdf/uf850/uf850.gazebo.xacro
-- Symlinking: /home/walt/ws_moveit/install/xarm_description/share/xarm_description//urdf/uf850/uf850.ros2_control.xacro
-- Symlinking: /home/walt/ws_moveit/install/xarm_description/share/xarm_description//urdf/uf850/uf850.transmission.xacro
-- Symlinking: /home/walt/ws_moveit/install/xarm_description/share/xarm_description//urdf/uf850/uf850.urdf.xacro
-- Symlinking: /home/walt/ws_moveit/install/xarm_description/share/xarm_description//urdf/uf850/uf850_robot_macro.xacro
-- Symlinking: /home/walt/ws_moveit/install/xarm_description/share/xarm_description//urdf/vacuum_gripper/lite_vacuum_gripper.urdf.xacro
-- Symlinking: /home/walt/ws_moveit/install/xarm_description/share/xarm_description//urdf/vacuum_gripper/vacuum_gripper.urdf.xacro
-- Symlinking: /home/walt/ws_moveit/install/xarm_description/share/xarm_description//urdf/vacuum_gripper/vacuum_gripper_macro.xacro
-- Symlinking: /home/walt/ws_moveit/install/xarm_description/share/xarm_description//urdf/vacuum_gripper/xarm_vacuum_gripper.urdf.xacro
-- Symlinking: /home/walt/ws_moveit/install/xarm_description/share/xarm_description//urdf/xarm5/xarm5.gazebo.xacro
-- Symlinking: /home/walt/ws_moveit/install/xarm_description/share/xarm_description//urdf/xarm5/xarm5.ros2_control.xacro
-- Symlinking: /home/walt/ws_moveit/install/xarm_description/share/xarm_description//urdf/xarm5/xarm5.transmission.xacro
-- Symlinking: /home/walt/ws_moveit/install/xarm_description/share/xarm_description//urdf/xarm5/xarm5.urdf.xacro
-- Symlinking: /home/walt/ws_moveit/install/xarm_description/share/xarm_description//urdf/xarm5/xarm5_robot_macro.xacro
-- Symlinking: /home/walt/ws_moveit/install/xarm_description/share/xarm_description//urdf/xarm6/xarm6.gazebo.xacro
-- Symlinking: /home/walt/ws_moveit/install/xarm_description/share/xarm_description//urdf/xarm6/xarm6.ros2_control.xacro
-- Symlinking: /home/walt/ws_moveit/install/xarm_description/share/xarm_description//urdf/xarm6/xarm6.transmission.xacro
-- Symlinking: /home/walt/ws_moveit/install/xarm_description/share/xarm_description//urdf/xarm6/xarm6.urdf.xacro
-- Symlinking: /home/walt/ws_moveit/install/xarm_description/share/xarm_description//urdf/xarm6/xarm6_robot_macro.xacro
-- Symlinking: /home/walt/ws_moveit/install/xarm_description/share/xarm_description//urdf/xarm7/xarm7.gazebo.xacro
-- Symlinking: /home/walt/ws_moveit/install/xarm_description/share/xarm_description//urdf/xarm7/xarm7.ros2_control.xacro
-- Symlinking: /home/walt/ws_moveit/install/xarm_description/share/xarm_description//urdf/xarm7/xarm7.transmission.xacro
-- Symlinking: /home/walt/ws_moveit/install/xarm_description/share/xarm_description//urdf/xarm7/xarm7.urdf.xacro
-- Symlinking: /home/walt/ws_moveit/install/xarm_description/share/xarm_description//urdf/xarm7/xarm7_robot_macro.xacro
-- Symlinking: /home/walt/ws_moveit/install/xarm_description/share/xarm_description//urdf/xarm7_mirror/xarm7_mirror.gazebo.xacro
-- Symlinking: /home/walt/ws_moveit/install/xarm_description/share/xarm_description//urdf/xarm7_mirror/xarm7_mirror.ros2_control.xacro
-- Symlinking: /home/walt/ws_moveit/install/xarm_description/share/xarm_description//urdf/xarm7_mirror/xarm7_mirror.transmission.xacro
-- Symlinking: /home/walt/ws_moveit/install/xarm_description/share/xarm_description//urdf/xarm7_mirror/xarm7_mirror.urdf.xacro
-- Symlinking: /home/walt/ws_moveit/install/xarm_description/share/xarm_description//urdf/xarm7_mirror/xarm7_mirror_robot_macro.xacro
-- Symlinking: /home/walt/ws_moveit/install/xarm_description/share/xarm_description//urdf/xarm_device.urdf.xacro
-- Symlinking: /home/walt/ws_moveit/install/xarm_description/share/xarm_description//urdf/xarm_device_macro.xacro
-- Symlinking: /home/walt/ws_moveit/install/xarm_description/share/xarm_description//config/kinematics/default/lite6_default_kinematics.yaml
-- Symlinking: /home/walt/ws_moveit/install/xarm_description/share/xarm_description//config/kinematics/default/uf850_default_kinematics.yaml
-- Symlinking: /home/walt/ws_moveit/install/xarm_description/share/xarm_description//config/kinematics/default/xarm5_default_kinematics.yaml
-- Symlinking: /home/walt/ws_moveit/install/xarm_description/share/xarm_description//config/kinematics/default/xarm6_default_kinematics.yaml
-- Symlinking: /home/walt/ws_moveit/install/xarm_description/share/xarm_description//config/kinematics/default/xarm7_default_kinematics.yaml
-- Symlinking: /home/walt/ws_moveit/install/xarm_description/share/xarm_description//config/kinematics/default/xarm7_mirror_default_kinematics.yaml
-- Symlinking: /home/walt/ws_moveit/install/xarm_description/share/xarm_description//config/kinematics/gen_kinematics_params.py
-- Symlinking: /home/walt/ws_moveit/install/xarm_description/share/xarm_description//config/link_inertial/gen_link_inertial_params.py
-- Symlinking: /home/walt/ws_moveit/install/xarm_description/share/xarm_description//config/link_inertial/xarm5_type5_HT_BR.yaml
-- Symlinking: /home/walt/ws_moveit/install/xarm_description/share/xarm_description//config/link_inertial/xarm5_type5_HT_BR2.yaml
-- Symlinking: /home/walt/ws_moveit/install/xarm_description/share/xarm_description//config/link_inertial/xarm5_type5_HT_LD.yaml
-- Symlinking: /home/walt/ws_moveit/install/xarm_description/share/xarm_description//config/link_inertial/xarm5_type5_UJ_BR_2403.yaml
-- Symlinking: /home/walt/ws_moveit/install/xarm_description/share/xarm_description//config/link_inertial/xarm6_type11_HT_LD.yaml
-- Symlinking: /home/walt/ws_moveit/install/xarm_description/share/xarm_description//config/link_inertial/xarm6_type12_HT_LDBR2.yaml
-- Symlinking: /home/walt/ws_moveit/install/xarm_description/share/xarm_description//config/link_inertial/xarm6_type6_HT2_LD.yaml
-- Symlinking: /home/walt/ws_moveit/install/xarm_description/share/xarm_description//config/link_inertial/xarm6_type6_HT_BR.yaml
-- Symlinking: /home/walt/ws_moveit/install/xarm_description/share/xarm_description//config/link_inertial/xarm6_type6_HT_BR2.yaml
-- Symlinking: /home/walt/ws_moveit/install/xarm_description/share/xarm_description//config/link_inertial/xarm6_type6_HT_LD.yaml
-- Symlinking: /home/walt/ws_moveit/install/xarm_description/share/xarm_description//config/link_inertial/xarm6_type6_UJ_BR_2403.yaml
-- Symlinking: /home/walt/ws_moveit/install/xarm_description/share/xarm_description//config/link_inertial/xarm6_type8_HT2_BR2.yaml
-- Symlinking: /home/walt/ws_moveit/install/xarm_description/share/xarm_description//config/link_inertial/xarm6_type9_HT_BR2.yaml
-- Symlinking: /home/walt/ws_moveit/install/xarm_description/share/xarm_description//config/link_inertial/xarm7_type13_HT_BR2.yaml
-- Symlinking: /home/walt/ws_moveit/install/xarm_description/share/xarm_description//config/link_inertial/xarm7_type3_YT_SP.yaml
-- Symlinking: /home/walt/ws_moveit/install/xarm_description/share/xarm_description//config/link_inertial/xarm7_type7_HT_BR.yaml
-- Symlinking: /home/walt/ws_moveit/install/xarm_description/share/xarm_description//config/link_inertial/xarm7_type7_HT_BR2.yaml
-- Symlinking: /home/walt/ws_moveit/install/xarm_description/share/xarm_description//config/link_inertial/xarm7_type7_HT_LD.yaml
-- Symlinking: /home/walt/ws_moveit/install/xarm_description/share/xarm_description//config/link_inertial/xarm7_type7_UJ_BR_2403.yaml
-- Symlinking: /home/walt/ws_moveit/install/xarm_description/share/xarm_description//meshes/camera/realsense/collision/d435_with_cam_stand.stl
-- Symlinking: /home/walt/ws_moveit/install/xarm_description/share/xarm_description//meshes/camera/realsense/visual/d435_with_cam_stand.stl
-- Symlinking: /home/walt/ws_moveit/install/xarm_description/share/xarm_description//meshes/end_tool/collision/end_tool.stl
-- Symlinking: /home/walt/ws_moveit/install/xarm_description/share/xarm_description//meshes/end_tool/collision/end_tool_1300.stl
-- Symlinking: /home/walt/ws_moveit/install/xarm_description/share/xarm_description//meshes/end_tool/visual/end_tool_1300.stl
-- Symlinking: /home/walt/ws_moveit/install/xarm_description/share/xarm_description//meshes/gripper/bio/left_finger.stl
-- Symlinking: /home/walt/ws_moveit/install/xarm_description/share/xarm_description//meshes/gripper/bio/link_base.stl
-- Symlinking: /home/walt/ws_moveit/install/xarm_description/share/xarm_description//meshes/gripper/bio/right_finger.stl
-- Symlinking: /home/walt/ws_moveit/install/xarm_description/share/xarm_description//meshes/gripper/lite/collision/gripper_lite.stl
-- Symlinking: /home/walt/ws_moveit/install/xarm_description/share/xarm_description//meshes/gripper/lite/visual/gripper_lite.stl
-- Symlinking: /home/walt/ws_moveit/install/xarm_description/share/xarm_description//meshes/gripper/xarm/base_link.stl
-- Symlinking: /home/walt/ws_moveit/install/xarm_description/share/xarm_description//meshes/gripper/xarm/left_finger.stl
-- Symlinking: /home/walt/ws_moveit/install/xarm_description/share/xarm_description//meshes/gripper/xarm/left_inner_knuckle.stl
-- Symlinking: /home/walt/ws_moveit/install/xarm_description/share/xarm_description//meshes/gripper/xarm/left_outer_knuckle.stl
-- Symlinking: /home/walt/ws_moveit/install/xarm_description/share/xarm_description//meshes/gripper/xarm/right_finger.stl
-- Symlinking: /home/walt/ws_moveit/install/xarm_description/share/xarm_description//meshes/gripper/xarm/right_inner_knuckle.stl
-- Symlinking: /home/walt/ws_moveit/install/xarm_description/share/xarm_description//meshes/gripper/xarm/right_outer_knuckle.stl
-- Symlinking: /home/walt/ws_moveit/install/xarm_description/share/xarm_description//meshes/lite6/collision/link1.stl
-- Symlinking: /home/walt/ws_moveit/install/xarm_description/share/xarm_description//meshes/lite6/collision/link2.stl
-- Symlinking: /home/walt/ws_moveit/install/xarm_description/share/xarm_description//meshes/lite6/collision/link3.stl
-- Symlinking: /home/walt/ws_moveit/install/xarm_description/share/xarm_description//meshes/lite6/collision/link4.stl
-- Symlinking: /home/walt/ws_moveit/install/xarm_description/share/xarm_description//meshes/lite6/collision/link5.stl
-- Symlinking: /home/walt/ws_moveit/install/xarm_description/share/xarm_description//meshes/lite6/collision/link6.stl
-- Symlinking: /home/walt/ws_moveit/install/xarm_description/share/xarm_description//meshes/lite6/collision/link_base.stl
-- Symlinking: /home/walt/ws_moveit/install/xarm_description/share/xarm_description//meshes/lite6/visual/link1.stl
-- Symlinking: /home/walt/ws_moveit/install/xarm_description/share/xarm_description//meshes/lite6/visual/link2.stl
-- Symlinking: /home/walt/ws_moveit/install/xarm_description/share/xarm_description//meshes/lite6/visual/link3.stl
-- Symlinking: /home/walt/ws_moveit/install/xarm_description/share/xarm_description//meshes/lite6/visual/link4.stl
-- Symlinking: /home/walt/ws_moveit/install/xarm_description/share/xarm_description//meshes/lite6/visual/link5.stl
-- Symlinking: /home/walt/ws_moveit/install/xarm_description/share/xarm_description//meshes/lite6/visual/link6.stl
-- Symlinking: /home/walt/ws_moveit/install/xarm_description/share/xarm_description//meshes/lite6/visual/link_base.stl
-- Symlinking: /home/walt/ws_moveit/install/xarm_description/share/xarm_description//meshes/uf850/collision/link1.stl
-- Symlinking: /home/walt/ws_moveit/install/xarm_description/share/xarm_description//meshes/uf850/collision/link2.stl
-- Symlinking: /home/walt/ws_moveit/install/xarm_description/share/xarm_description//meshes/uf850/collision/link3.stl
-- Symlinking: /home/walt/ws_moveit/install/xarm_description/share/xarm_description//meshes/uf850/collision/link4.stl
-- Symlinking: /home/walt/ws_moveit/install/xarm_description/share/xarm_description//meshes/uf850/collision/link5.stl
-- Symlinking: /home/walt/ws_moveit/install/xarm_description/share/xarm_description//meshes/uf850/collision/link6.stl
-- Symlinking: /home/walt/ws_moveit/install/xarm_description/share/xarm_description//meshes/uf850/collision/link_base.stl
-- Symlinking: /home/walt/ws_moveit/install/xarm_description/share/xarm_description//meshes/uf850/visual/link1.stl
-- Symlinking: /home/walt/ws_moveit/install/xarm_description/share/xarm_description//meshes/uf850/visual/link2.stl
-- Symlinking: /home/walt/ws_moveit/install/xarm_description/share/xarm_description//meshes/uf850/visual/link3.stl
-- Symlinking: /home/walt/ws_moveit/install/xarm_description/share/xarm_description//meshes/uf850/visual/link4.stl
-- Symlinking: /home/walt/ws_moveit/install/xarm_description/share/xarm_description//meshes/uf850/visual/link5.stl
-- Symlinking: /home/walt/ws_moveit/install/xarm_description/share/xarm_description//meshes/uf850/visual/link6.stl
-- Symlinking: /home/walt/ws_moveit/install/xarm_description/share/xarm_description//meshes/uf850/visual/link_base.stl
-- Symlinking: /home/walt/ws_moveit/install/xarm_description/share/xarm_description//meshes/vacuum_gripper/lite/collision/vacuum_gripper_lite.stl
-- Symlinking: /home/walt/ws_moveit/install/xarm_description/share/xarm_description//meshes/vacuum_gripper/lite/visual/vacuum_gripper_lite.stl
-- Symlinking: /home/walt/ws_moveit/install/xarm_description/share/xarm_description//meshes/vacuum_gripper/xarm/collision/vacuum_gripper.stl
-- Symlinking: /home/walt/ws_moveit/install/xarm_description/share/xarm_description//meshes/vacuum_gripper/xarm/visual/vacuum_gripper.stl
-- Symlinking: /home/walt/ws_moveit/install/xarm_description/share/xarm_description//meshes/xarm5/visual/link1.stl
-- Symlinking: /home/walt/ws_moveit/install/xarm_description/share/xarm_description//meshes/xarm5/visual/link2.stl
-- Symlinking: /home/walt/ws_moveit/install/xarm_description/share/xarm_description//meshes/xarm5/visual/link3.stl
-- Symlinking: /home/walt/ws_moveit/install/xarm_description/share/xarm_description//meshes/xarm5/visual/link4.stl
-- Symlinking: /home/walt/ws_moveit/install/xarm_description/share/xarm_description//meshes/xarm5/visual/link5.stl
-- Symlinking: /home/walt/ws_moveit/install/xarm_description/share/xarm_description//meshes/xarm5/visual/link_base.stl
-- Symlinking: /home/walt/ws_moveit/install/xarm_description/share/xarm_description//meshes/xarm5_1305/collision/link1.obj
-- Symlinking: /home/walt/ws_moveit/install/xarm_description/share/xarm_description//meshes/xarm5_1305/collision/link2.obj
-- Symlinking: /home/walt/ws_moveit/install/xarm_description/share/xarm_description//meshes/xarm5_1305/collision/link3.obj
-- Symlinking: /home/walt/ws_moveit/install/xarm_description/share/xarm_description//meshes/xarm5_1305/collision/link4.obj
-- Symlinking: /home/walt/ws_moveit/install/xarm_description/share/xarm_description//meshes/xarm5_1305/collision/link5.obj
-- Symlinking: /home/walt/ws_moveit/install/xarm_description/share/xarm_description//meshes/xarm5_1305/collision/link_base.obj
-- Symlinking: /home/walt/ws_moveit/install/xarm_description/share/xarm_description//meshes/xarm5_1305/visual/link1.stl
-- Symlinking: /home/walt/ws_moveit/install/xarm_description/share/xarm_description//meshes/xarm5_1305/visual/link2.stl
-- Symlinking: /home/walt/ws_moveit/install/xarm_description/share/xarm_description//meshes/xarm5_1305/visual/link3.stl
-- Symlinking: /home/walt/ws_moveit/install/xarm_description/share/xarm_description//meshes/xarm5_1305/visual/link4.stl
-- Symlinking: /home/walt/ws_moveit/install/xarm_description/share/xarm_description//meshes/xarm5_1305/visual/link5.stl
-- Symlinking: /home/walt/ws_moveit/install/xarm_description/share/xarm_description//meshes/xarm5_1305/visual/link_base.stl
-- Symlinking: /home/walt/ws_moveit/install/xarm_description/share/xarm_description//meshes/xarm6/visual/link1.stl
-- Symlinking: /home/walt/ws_moveit/install/xarm_description/share/xarm_description//meshes/xarm6/visual/link2.stl
-- Symlinking: /home/walt/ws_moveit/install/xarm_description/share/xarm_description//meshes/xarm6/visual/link3.stl
-- Symlinking: /home/walt/ws_moveit/install/xarm_description/share/xarm_description//meshes/xarm6/visual/link4.stl
-- Symlinking: /home/walt/ws_moveit/install/xarm_description/share/xarm_description//meshes/xarm6/visual/link5.stl
-- Symlinking: /home/walt/ws_moveit/install/xarm_description/share/xarm_description//meshes/xarm6/visual/link6.stl
-- Symlinking: /home/walt/ws_moveit/install/xarm_description/share/xarm_description//meshes/xarm6/visual/link_base.stl
-- Symlinking: /home/walt/ws_moveit/install/xarm_description/share/xarm_description//meshes/xarm6_1305/collision/link1.obj
-- Symlinking: /home/walt/ws_moveit/install/xarm_description/share/xarm_description//meshes/xarm6_1305/collision/link2.obj
-- Symlinking: /home/walt/ws_moveit/install/xarm_description/share/xarm_description//meshes/xarm6_1305/collision/link3.obj
-- Symlinking: /home/walt/ws_moveit/install/xarm_description/share/xarm_description//meshes/xarm6_1305/collision/link4.obj
-- Symlinking: /home/walt/ws_moveit/install/xarm_description/share/xarm_description//meshes/xarm6_1305/collision/link5.obj
-- Symlinking: /home/walt/ws_moveit/install/xarm_description/share/xarm_description//meshes/xarm6_1305/collision/link6.obj
-- Symlinking: /home/walt/ws_moveit/install/xarm_description/share/xarm_description//meshes/xarm6_1305/collision/link_base.obj
-- Symlinking: /home/walt/ws_moveit/install/xarm_description/share/xarm_description//meshes/xarm6_1305/visual/link1.stl
-- Symlinking: /home/walt/ws_moveit/install/xarm_description/share/xarm_description//meshes/xarm6_1305/visual/link2.stl
-- Symlinking: /home/walt/ws_moveit/install/xarm_description/share/xarm_description//meshes/xarm6_1305/visual/link3.stl
-- Symlinking: /home/walt/ws_moveit/install/xarm_description/share/xarm_description//meshes/xarm6_1305/visual/link4.stl
-- Symlinking: /home/walt/ws_moveit/install/xarm_description/share/xarm_description//meshes/xarm6_1305/visual/link5.stl
-- Symlinking: /home/walt/ws_moveit/install/xarm_description/share/xarm_description//meshes/xarm6_1305/visual/link6.stl
-- Symlinking: /home/walt/ws_moveit/install/xarm_description/share/xarm_description//meshes/xarm6_1305/visual/link_base.stl
-- Symlinking: /home/walt/ws_moveit/install/xarm_description/share/xarm_description//meshes/xarm7/visual/link1.stl
-- Symlinking: /home/walt/ws_moveit/install/xarm_description/share/xarm_description//meshes/xarm7/visual/link2.stl
-- Symlinking: /home/walt/ws_moveit/install/xarm_description/share/xarm_description//meshes/xarm7/visual/link3.stl
-- Symlinking: /home/walt/ws_moveit/install/xarm_description/share/xarm_description//meshes/xarm7/visual/link4.stl
-- Symlinking: /home/walt/ws_moveit/install/xarm_description/share/xarm_description//meshes/xarm7/visual/link5.stl
-- Symlinking: /home/walt/ws_moveit/install/xarm_description/share/xarm_description//meshes/xarm7/visual/link6.stl
-- Symlinking: /home/walt/ws_moveit/install/xarm_description/share/xarm_description//meshes/xarm7/visual/link7.stl
-- Symlinking: /home/walt/ws_moveit/install/xarm_description/share/xarm_description//meshes/xarm7/visual/link_base.stl
-- Symlinking: /home/walt/ws_moveit/install/xarm_description/share/xarm_description//meshes/xarm7_1305/collision/link1.obj
-- Symlinking: /home/walt/ws_moveit/install/xarm_description/share/xarm_description//meshes/xarm7_1305/collision/link2.obj
-- Symlinking: /home/walt/ws_moveit/install/xarm_description/share/xarm_description//meshes/xarm7_1305/collision/link3.obj
-- Symlinking: /home/walt/ws_moveit/install/xarm_description/share/xarm_description//meshes/xarm7_1305/collision/link4.obj
-- Symlinking: /home/walt/ws_moveit/install/xarm_description/share/xarm_description//meshes/xarm7_1305/collision/link5.obj
-- Symlinking: /home/walt/ws_moveit/install/xarm_description/share/xarm_description//meshes/xarm7_1305/collision/link6.obj
-- Symlinking: /home/walt/ws_moveit/install/xarm_description/share/xarm_description//meshes/xarm7_1305/collision/link7.obj
-- Symlinking: /home/walt/ws_moveit/install/xarm_description/share/xarm_description//meshes/xarm7_1305/collision/link_base.obj
-- Symlinking: /home/walt/ws_moveit/install/xarm_description/share/xarm_description//meshes/xarm7_1305/visual/link1.stl
-- Symlinking: /home/walt/ws_moveit/install/xarm_description/share/xarm_description//meshes/xarm7_1305/visual/link2.stl
-- Symlinking: /home/walt/ws_moveit/install/xarm_description/share/xarm_description//meshes/xarm7_1305/visual/link3.stl
-- Symlinking: /home/walt/ws_moveit/install/xarm_description/share/xarm_description//meshes/xarm7_1305/visual/link4.stl
-- Symlinking: /home/walt/ws_moveit/install/xarm_description/share/xarm_description//meshes/xarm7_1305/visual/link5.stl
-- Symlinking: /home/walt/ws_moveit/install/xarm_description/share/xarm_description//meshes/xarm7_1305/visual/link6.stl
-- Symlinking: /home/walt/ws_moveit/install/xarm_description/share/xarm_description//meshes/xarm7_1305/visual/link7.stl
-- Symlinking: /home/walt/ws_moveit/install/xarm_description/share/xarm_description//meshes/xarm7_1305/visual/link_base.stl
-- Symlinking: /home/walt/ws_moveit/install/xarm_description/share/xarm_description//meshes/xarm7_mirror/collision/link1.stl
-- Symlinking: /home/walt/ws_moveit/install/xarm_description/share/xarm_description//meshes/xarm7_mirror/collision/link2.stl
-- Symlinking: /home/walt/ws_moveit/install/xarm_description/share/xarm_description//meshes/xarm7_mirror/collision/link3.stl
-- Symlinking: /home/walt/ws_moveit/install/xarm_description/share/xarm_description//meshes/xarm7_mirror/collision/link4.stl
-- Symlinking: /home/walt/ws_moveit/install/xarm_description/share/xarm_description//meshes/xarm7_mirror/collision/link5.stl
-- Symlinking: /home/walt/ws_moveit/install/xarm_description/share/xarm_description//meshes/xarm7_mirror/collision/link6.stl
-- Symlinking: /home/walt/ws_moveit/install/xarm_description/share/xarm_description//meshes/xarm7_mirror/collision/link7.stl
-- Symlinking: /home/walt/ws_moveit/install/xarm_description/share/xarm_description//meshes/xarm7_mirror/collision/link_base.stl
-- Symlinking: /home/walt/ws_moveit/install/xarm_description/share/xarm_description//meshes/xarm7_mirror/visual/link1.stl
-- Symlinking: /home/walt/ws_moveit/install/xarm_description/share/xarm_description//meshes/xarm7_mirror/visual/link2.stl
-- Symlinking: /home/walt/ws_moveit/install/xarm_description/share/xarm_description//meshes/xarm7_mirror/visual/link3.stl
-- Symlinking: /home/walt/ws_moveit/install/xarm_description/share/xarm_description//meshes/xarm7_mirror/visual/link4.stl
-- Symlinking: /home/walt/ws_moveit/install/xarm_description/share/xarm_description//meshes/xarm7_mirror/visual/link5.stl
-- Symlinking: /home/walt/ws_moveit/install/xarm_description/share/xarm_description//meshes/xarm7_mirror/visual/link6.stl
-- Symlinking: /home/walt/ws_moveit/install/xarm_description/share/xarm_description//meshes/xarm7_mirror/visual/link7.stl
-- Symlinking: /home/walt/ws_moveit/install/xarm_description/share/xarm_description//meshes/xarm7_mirror/visual/link_base.stl
-- Symlinking: /home/walt/ws_moveit/install/xarm_description/share/xarm_description//launch/_robot_description.launch.py
-- Symlinking: /home/walt/ws_moveit/install/xarm_description/share/xarm_description//launch/_robot_joint_state.launch.py
-- Symlinking: /home/walt/ws_moveit/install/xarm_description/share/xarm_description//launch/_robot_rviz_display.launch.py
-- Symlinking: /home/walt/ws_moveit/install/xarm_description/share/xarm_description//launch/_rviz_display.launch.py
-- Symlinking: /home/walt/ws_moveit/install/xarm_description/share/xarm_description//launch/lib/robot_description_lib.py
-- Symlinking: /home/walt/ws_moveit/install/xarm_description/share/xarm_description//launch/lite6_rviz_display.launch.py
-- Symlinking: /home/walt/ws_moveit/install/xarm_description/share/xarm_description//launch/uf850_rviz_display.launch.py
-- Symlinking: /home/walt/ws_moveit/install/xarm_description/share/xarm_description//launch/xarm5_rviz_display.launch.py
-- Symlinking: /home/walt/ws_moveit/install/xarm_description/share/xarm_description//launch/xarm6_rviz_display.launch.py
-- Symlinking: /home/walt/ws_moveit/install/xarm_description/share/xarm_description//launch/xarm7_mirror_rviz_display.launch.py
-- Symlinking: /home/walt/ws_moveit/install/xarm_description/share/xarm_description//launch/xarm7_rviz_display.launch.py
-- Symlinking: /home/walt/ws_moveit/install/xarm_description/share/ament_index/resource_index/package_run_dependencies/xarm_description
-- Symlinking: /home/walt/ws_moveit/install/xarm_description/share/ament_index/resource_index/parent_prefix_path/xarm_description
-- Symlinking: /home/walt/ws_moveit/install/xarm_description/share/xarm_description/environment/ament_prefix_path.sh
-- Symlinking: /home/walt/ws_moveit/install/xarm_description/share/xarm_description/environment/ament_prefix_path.dsv
-- Symlinking: /home/walt/ws_moveit/install/xarm_description/share/xarm_description/environment/path.sh
-- Symlinking: /home/walt/ws_moveit/install/xarm_description/share/xarm_description/environment/path.dsv
-- Symlinking: /home/walt/ws_moveit/install/xarm_description/share/xarm_description/local_setup.bash
-- Symlinking: /home/walt/ws_moveit/install/xarm_description/share/xarm_description/local_setup.sh
-- Symlinking: /home/walt/ws_moveit/install/xarm_description/share/xarm_description/local_setup.zsh
-- Symlinking: /home/walt/ws_moveit/install/xarm_description/share/xarm_description/local_setup.dsv
-- Symlinking: /home/walt/ws_moveit/install/xarm_description/share/xarm_description/package.dsv
-- Symlinking: /home/walt/ws_moveit/install/xarm_description/share/ament_index/resource_index/packages/xarm_description
-- Symlinking: /home/walt/ws_moveit/install/xarm_description/share/xarm_description/cmake/xarm_descriptionConfig.cmake
-- Symlinking: /home/walt/ws_moveit/install/xarm_description/share/xarm_description/cmake/xarm_descriptionConfig-version.cmake
-- Symlinking: /home/walt/ws_moveit/install/xarm_description/share/xarm_description/package.xml
