-- The C compiler identification is GNU 13.3.0
-- The CXX compiler identification is GNU 13.3.0
-- Detecting C compiler ABI info
-- Detecting C compiler ABI info - done
-- Check for working C compiler: /usr/bin/cc - skipped
-- Detecting C compile features
-- Detecting C compile features - done
-- Detecting CXX compiler ABI info
-- Detecting CXX compiler ABI info - done
-- Check for working CXX compiler: /usr/bin/c++ - skipped
-- Detecting CXX compile features
-- Detecting CXX compile features - done
-- Found ament_cmake: 2.5.3 (/opt/ros/jazzy/share/ament_cmake/cmake)
-- Found Python3: /usr/bin/python3 (found version "3.12.3") found components: Interpreter 
-- Override CMake install command with custom implementation using symlinks instead of copying resources
-- Found rclcpp: 28.1.6 (/opt/ros/jazzy/share/rclcpp/cmake)
-- Found rosidl_generator_c: 4.6.5 (/opt/ros/jazzy/share/rosidl_generator_c/cmake)
-- Found rosidl_generator_cpp: 4.6.5 (/opt/ros/jazzy/share/rosidl_generator_cpp/cmake)
-- Using all available rosidl_typesupport_c: rosidl_typesupport_fastrtps_c;rosidl_typesupport_introspection_c
-- Using all available rosidl_typesupport_cpp: rosidl_typesupport_fastrtps_cpp;rosidl_typesupport_introspection_cpp
-- Found rmw_implementation_cmake: 7.3.1 (/opt/ros/jazzy/share/rmw_implementation_cmake/cmake)
-- Found rmw_fastrtps_cpp: 8.4.1 (/opt/ros/jazzy/share/rmw_fastrtps_cpp/cmake)
-- Found OpenSSL: /usr/lib/x86_64-linux-gnu/libcrypto.so (found version "3.0.13")  
-- Found FastRTPS: /opt/ros/jazzy/include (Required is at least version "2.13") 
-- Using RMW implementation 'rmw_fastrtps_cpp' as default
-- Found control_toolbox: 4.0.1 (/opt/ros/jazzy/share/control_toolbox/cmake)
-- Found controller_manager: 4.27.0 (/opt/ros/jazzy/share/controller_manager/cmake)
-- Found gz_ros2_control: 1.2.11 (/opt/ros/jazzy/share/gz_ros2_control/cmake)
-- Found ros_gz_sim: 1.0.9 (/opt/ros/jazzy/share/ros_gz_sim/cmake)
-- Found ament_lint_auto: 0.17.1 (/opt/ros/jazzy/share/ament_lint_auto/cmake)
-- Added test 'copyright' to check source files copyright and LICENSE
-- Added test 'cppcheck' to perform static code analysis on C / C++ code
-- Configured cppcheck include dirs: 
-- Configured cppcheck exclude dirs and/or files: 
-- Added test 'cpplint' to check C / C++ code against the Google style
-- Configured cpplint exclude dirs and/or files: 
-- Added test 'flake8' to check Python code syntax and style conventions
-- Configured 'flake8' exclude dirs and/or files: 
-- Added test 'lint_cmake' to check CMake code style
-- Added test 'pep257' to check Python code against some of the docstring style conventions in PEP 257
-- Added test 'uncrustify' to check C / C++ code style
-- Configured uncrustify additional arguments: 
-- Added test 'xmllint' to check XML markup files
-- Configuring done (1.3s)
-- Generating done (0.0s)
-- Build files have been written to: /home/walt/ws_moveit/build/xarm_gazebo
-- Install configuration: ""
-- Execute custom install script
-- Symlinking: /home/walt/ws_moveit/install/xarm_gazebo/share/xarm_gazebo//worlds/table.world
-- Symlinking: /home/walt/ws_moveit/install/xarm_gazebo/share/xarm_gazebo//launch/_dual_robot_beside_table_gazebo.launch.py
-- Symlinking: /home/walt/ws_moveit/install/xarm_gazebo/share/xarm_gazebo//launch/_dual_robot_beside_table_gz.launch.py
-- Symlinking: /home/walt/ws_moveit/install/xarm_gazebo/share/xarm_gazebo//launch/_robot_beside_table_gazebo.launch.py
-- Symlinking: /home/walt/ws_moveit/install/xarm_gazebo/share/xarm_gazebo//launch/_robot_beside_table_gz.launch.py
-- Symlinking: /home/walt/ws_moveit/install/xarm_gazebo/share/xarm_gazebo//launch/lite6_beside_table_gazebo.launch.py
-- Symlinking: /home/walt/ws_moveit/install/xarm_gazebo/share/xarm_gazebo//launch/uf850_beside_table_gazebo.launch.py
-- Symlinking: /home/walt/ws_moveit/install/xarm_gazebo/share/xarm_gazebo//launch/xarm5_beside_table_gazebo.launch.py
-- Symlinking: /home/walt/ws_moveit/install/xarm_gazebo/share/xarm_gazebo//launch/xarm6_beside_table_gazebo.launch.py
-- Symlinking: /home/walt/ws_moveit/install/xarm_gazebo/share/xarm_gazebo//launch/xarm7_beside_table_gazebo.launch.py
-- Symlinking: /home/walt/ws_moveit/install/xarm_gazebo/share/xarm_gazebo//launch/xarm7_mirror_beside_table_gazebo.launch.py
-- Symlinking: /home/walt/ws_moveit/install/xarm_gazebo/share/ament_index/resource_index/package_run_dependencies/xarm_gazebo
-- Symlinking: /home/walt/ws_moveit/install/xarm_gazebo/share/ament_index/resource_index/parent_prefix_path/xarm_gazebo
-- Symlinking: /home/walt/ws_moveit/install/xarm_gazebo/share/xarm_gazebo/environment/ament_prefix_path.sh
-- Symlinking: /home/walt/ws_moveit/install/xarm_gazebo/share/xarm_gazebo/environment/ament_prefix_path.dsv
-- Symlinking: /home/walt/ws_moveit/install/xarm_gazebo/share/xarm_gazebo/environment/path.sh
-- Symlinking: /home/walt/ws_moveit/install/xarm_gazebo/share/xarm_gazebo/environment/path.dsv
-- Symlinking: /home/walt/ws_moveit/install/xarm_gazebo/share/xarm_gazebo/local_setup.bash
-- Symlinking: /home/walt/ws_moveit/install/xarm_gazebo/share/xarm_gazebo/local_setup.sh
-- Symlinking: /home/walt/ws_moveit/install/xarm_gazebo/share/xarm_gazebo/local_setup.zsh
-- Symlinking: /home/walt/ws_moveit/install/xarm_gazebo/share/xarm_gazebo/local_setup.dsv
-- Symlinking: /home/walt/ws_moveit/install/xarm_gazebo/share/xarm_gazebo/package.dsv
-- Symlinking: /home/walt/ws_moveit/install/xarm_gazebo/share/ament_index/resource_index/packages/xarm_gazebo
-- Symlinking: /home/walt/ws_moveit/install/xarm_gazebo/share/xarm_gazebo/cmake/xarm_gazeboConfig.cmake
-- Symlinking: /home/walt/ws_moveit/install/xarm_gazebo/share/xarm_gazebo/cmake/xarm_gazeboConfig-version.cmake
-- Symlinking: /home/walt/ws_moveit/install/xarm_gazebo/share/xarm_gazebo/package.xml
