[0.031s] Invoking command in '/home/walt/ws_moveit/build/xarm_gazebo': AMENT_PREFIX_PATH=/home/walt/ws_moveit/install/xarm_controller:/home/walt/ws_moveit/install/xarm_api:/home/walt/ws_moveit/install/xarm_sdk:/home/walt/ws_moveit/install/xarm_msgs:/home/walt/ws_moveit/install/xarm_description:/home/walt/ws_moveit/install/uf_ros_lib:${AMENT_PREFIX_PATH} CMAKE_PREFIX_PATH=/home/walt/ws_moveit/install/xarm_controller:/home/walt/ws_moveit/install/xarm_api:/home/walt/ws_moveit/install/xarm_sdk:/home/walt/ws_moveit/install/xarm_msgs:/home/walt/ws_moveit/install/xarm_description:/home/walt/dev_ws/install/xarm_planner:/home/walt/dev_ws/install/xarm_moveit_servo:/home/walt/dev_ws/install/xarm_moveit_config:/home/walt/dev_ws/install/xarm_gazebo:/home/walt/dev_ws/install/xarm_controller:/home/walt/dev_ws/install/xarm_api:/home/walt/dev_ws/install/xarm_sdk:/home/walt/dev_ws/install/xarm_msgs:/home/walt/dev_ws/install/xarm_description:/home/walt/dev_ws/install/realsense_gazebo_plugin:/home/walt/dev_ws/install/mbot_demo:/opt/ros/jazzy/opt/gz_sim_vendor:/opt/ros/jazzy/opt/gz_sensors_vendor:/opt/ros/jazzy/opt/gz_physics_vendor:/opt/ros/jazzy/opt/sdformat_vendor:/opt/ros/jazzy/opt/gz_gui_vendor:/opt/ros/jazzy/opt/gz_transport_vendor:/opt/ros/jazzy/opt/gz_rendering_vendor:/opt/ros/jazzy/opt/gz_plugin_vendor:/opt/ros/jazzy/opt/gz_fuel_tools_vendor:/opt/ros/jazzy/opt/gz_msgs_vendor:/opt/ros/jazzy/opt/gz_common_vendor:/opt/ros/jazzy/opt/gz_tools_vendor:/opt/ros/jazzy/opt/gz_ogre_next_vendor:/opt/ros/jazzy/opt/gz_dartsim_vendor:/opt/ros/jazzy/opt/gz_math_vendor:/opt/ros/jazzy/opt/gz_utils_vendor:/opt/ros/jazzy/opt/gz_cmake_vendor:/home/walt/dev_ws/install/uf_ros_lib:/opt/ros/jazzy DEBUGINFOD_URLS=https://debuginfod.ubuntu.com LD_LIBRARY_PATH=/home/walt/ws_moveit/install/xarm_controller/lib:/home/walt/ws_moveit/install/xarm_api/lib:/home/walt/ws_moveit/install/xarm_sdk/lib:/home/walt/ws_moveit/install/xarm_msgs/lib:${LD_LIBRARY_PATH} PYTHONPATH=/home/walt/ws_moveit/install/xarm_msgs/lib/python3.12/site-packages:/home/walt/ws_moveit/build/uf_ros_lib:/home/walt/ws_moveit/install/uf_ros_lib/lib/python3.12/site-packages:${PYTHONPATH} /usr/bin/cmake /home/walt/ws_moveit/src/xarm_ros2/xarm_gazebo -DAMENT_CMAKE_SYMLINK_INSTALL=1 -DCMAKE_INSTALL_PREFIX=/home/walt/ws_moveit/install/xarm_gazebo
[0.104s] -- The C compiler identification is GNU 13.3.0
[0.143s] -- The CXX compiler identification is GNU 13.3.0
[0.168s] -- Detecting C compiler ABI info
[0.280s] -- Detecting C compiler ABI info - done
[0.288s] -- Check for working C compiler: /usr/bin/cc - skipped
[0.288s] -- Detecting C compile features
[0.288s] -- Detecting C compile features - done
[0.297s] -- Detecting CXX compiler ABI info
[0.433s] -- Detecting CXX compiler ABI info - done
[0.442s] -- Check for working CXX compiler: /usr/bin/c++ - skipped
[0.442s] -- Detecting CXX compile features
[0.443s] -- Detecting CXX compile features - done
[0.445s] -- Found ament_cmake: 2.5.3 (/opt/ros/jazzy/share/ament_cmake/cmake)
[0.576s] -- Found Python3: /usr/bin/python3 (found version "3.12.3") found components: Interpreter 
[0.629s] -- Override CMake install command with custom implementation using symlinks instead of copying resources
[0.655s] -- Found rclcpp: 28.1.6 (/opt/ros/jazzy/share/rclcpp/cmake)
[0.684s] -- Found rosidl_generator_c: 4.6.5 (/opt/ros/jazzy/share/rosidl_generator_c/cmake)
[0.692s] -- Found rosidl_generator_cpp: 4.6.5 (/opt/ros/jazzy/share/rosidl_generator_cpp/cmake)
[0.702s] -- Using all available rosidl_typesupport_c: rosidl_typesupport_fastrtps_c;rosidl_typesupport_introspection_c
[0.713s] -- Using all available rosidl_typesupport_cpp: rosidl_typesupport_fastrtps_cpp;rosidl_typesupport_introspection_cpp
[0.756s] -- Found rmw_implementation_cmake: 7.3.1 (/opt/ros/jazzy/share/rmw_implementation_cmake/cmake)
[0.758s] -- Found rmw_fastrtps_cpp: 8.4.1 (/opt/ros/jazzy/share/rmw_fastrtps_cpp/cmake)
[0.839s] -- Found OpenSSL: /usr/lib/x86_64-linux-gnu/libcrypto.so (found version "3.0.13")  
[0.857s] -- Found FastRTPS: /opt/ros/jazzy/include (Required is at least version "2.13") 
[0.884s] -- Using RMW implementation 'rmw_fastrtps_cpp' as default
[0.928s] -- Found control_toolbox: 4.0.1 (/opt/ros/jazzy/share/control_toolbox/cmake)
[1.161s] -- Found controller_manager: 4.27.0 (/opt/ros/jazzy/share/controller_manager/cmake)
[1.236s] -- Found gz_ros2_control: 1.2.11 (/opt/ros/jazzy/share/gz_ros2_control/cmake)
[1.238s] -- Found ros_gz_sim: 1.0.9 (/opt/ros/jazzy/share/ros_gz_sim/cmake)
[1.241s] -- Found ament_lint_auto: 0.17.1 (/opt/ros/jazzy/share/ament_lint_auto/cmake)
[1.300s] -- Added test 'copyright' to check source files copyright and LICENSE
[1.300s] -- Added test 'cppcheck' to perform static code analysis on C / C++ code
[1.301s] -- Configured cppcheck include dirs: 
[1.301s] -- Configured cppcheck exclude dirs and/or files: 
[1.301s] -- Added test 'cpplint' to check C / C++ code against the Google style
[1.301s] -- Configured cpplint exclude dirs and/or files: 
[1.302s] -- Added test 'flake8' to check Python code syntax and style conventions
[1.302s] -- Configured 'flake8' exclude dirs and/or files: 
[1.302s] -- Added test 'lint_cmake' to check CMake code style
[1.303s] -- Added test 'pep257' to check Python code against some of the docstring style conventions in PEP 257
[1.303s] -- Added test 'uncrustify' to check C / C++ code style
[1.303s] -- Configured uncrustify additional arguments: 
[1.304s] -- Added test 'xmllint' to check XML markup files
[1.305s] -- Configuring done (1.3s)
[1.307s] -- Generating done (0.0s)
[1.309s] -- Build files have been written to: /home/walt/ws_moveit/build/xarm_gazebo
[1.315s] Invoked command in '/home/walt/ws_moveit/build/xarm_gazebo' returned '0': AMENT_PREFIX_PATH=/home/walt/ws_moveit/install/xarm_controller:/home/walt/ws_moveit/install/xarm_api:/home/walt/ws_moveit/install/xarm_sdk:/home/walt/ws_moveit/install/xarm_msgs:/home/walt/ws_moveit/install/xarm_description:/home/walt/ws_moveit/install/uf_ros_lib:${AMENT_PREFIX_PATH} CMAKE_PREFIX_PATH=/home/walt/ws_moveit/install/xarm_controller:/home/walt/ws_moveit/install/xarm_api:/home/walt/ws_moveit/install/xarm_sdk:/home/walt/ws_moveit/install/xarm_msgs:/home/walt/ws_moveit/install/xarm_description:/home/walt/dev_ws/install/xarm_planner:/home/walt/dev_ws/install/xarm_moveit_servo:/home/walt/dev_ws/install/xarm_moveit_config:/home/walt/dev_ws/install/xarm_gazebo:/home/walt/dev_ws/install/xarm_controller:/home/walt/dev_ws/install/xarm_api:/home/walt/dev_ws/install/xarm_sdk:/home/walt/dev_ws/install/xarm_msgs:/home/walt/dev_ws/install/xarm_description:/home/walt/dev_ws/install/realsense_gazebo_plugin:/home/walt/dev_ws/install/mbot_demo:/opt/ros/jazzy/opt/gz_sim_vendor:/opt/ros/jazzy/opt/gz_sensors_vendor:/opt/ros/jazzy/opt/gz_physics_vendor:/opt/ros/jazzy/opt/sdformat_vendor:/opt/ros/jazzy/opt/gz_gui_vendor:/opt/ros/jazzy/opt/gz_transport_vendor:/opt/ros/jazzy/opt/gz_rendering_vendor:/opt/ros/jazzy/opt/gz_plugin_vendor:/opt/ros/jazzy/opt/gz_fuel_tools_vendor:/opt/ros/jazzy/opt/gz_msgs_vendor:/opt/ros/jazzy/opt/gz_common_vendor:/opt/ros/jazzy/opt/gz_tools_vendor:/opt/ros/jazzy/opt/gz_ogre_next_vendor:/opt/ros/jazzy/opt/gz_dartsim_vendor:/opt/ros/jazzy/opt/gz_math_vendor:/opt/ros/jazzy/opt/gz_utils_vendor:/opt/ros/jazzy/opt/gz_cmake_vendor:/home/walt/dev_ws/install/uf_ros_lib:/opt/ros/jazzy DEBUGINFOD_URLS=https://debuginfod.ubuntu.com LD_LIBRARY_PATH=/home/walt/ws_moveit/install/xarm_controller/lib:/home/walt/ws_moveit/install/xarm_api/lib:/home/walt/ws_moveit/install/xarm_sdk/lib:/home/walt/ws_moveit/install/xarm_msgs/lib:${LD_LIBRARY_PATH} PYTHONPATH=/home/walt/ws_moveit/install/xarm_msgs/lib/python3.12/site-packages:/home/walt/ws_moveit/build/uf_ros_lib:/home/walt/ws_moveit/install/uf_ros_lib/lib/python3.12/site-packages:${PYTHONPATH} /usr/bin/cmake /home/walt/ws_moveit/src/xarm_ros2/xarm_gazebo -DAMENT_CMAKE_SYMLINK_INSTALL=1 -DCMAKE_INSTALL_PREFIX=/home/walt/ws_moveit/install/xarm_gazebo
[1.316s] Invoking command in '/home/walt/ws_moveit/build/xarm_gazebo': AMENT_PREFIX_PATH=/home/walt/ws_moveit/install/xarm_controller:/home/walt/ws_moveit/install/xarm_api:/home/walt/ws_moveit/install/xarm_sdk:/home/walt/ws_moveit/install/xarm_msgs:/home/walt/ws_moveit/install/xarm_description:/home/walt/ws_moveit/install/uf_ros_lib:${AMENT_PREFIX_PATH} CMAKE_PREFIX_PATH=/home/walt/ws_moveit/install/xarm_controller:/home/walt/ws_moveit/install/xarm_api:/home/walt/ws_moveit/install/xarm_sdk:/home/walt/ws_moveit/install/xarm_msgs:/home/walt/ws_moveit/install/xarm_description:/home/walt/dev_ws/install/xarm_planner:/home/walt/dev_ws/install/xarm_moveit_servo:/home/walt/dev_ws/install/xarm_moveit_config:/home/walt/dev_ws/install/xarm_gazebo:/home/walt/dev_ws/install/xarm_controller:/home/walt/dev_ws/install/xarm_api:/home/walt/dev_ws/install/xarm_sdk:/home/walt/dev_ws/install/xarm_msgs:/home/walt/dev_ws/install/xarm_description:/home/walt/dev_ws/install/realsense_gazebo_plugin:/home/walt/dev_ws/install/mbot_demo:/opt/ros/jazzy/opt/gz_sim_vendor:/opt/ros/jazzy/opt/gz_sensors_vendor:/opt/ros/jazzy/opt/gz_physics_vendor:/opt/ros/jazzy/opt/sdformat_vendor:/opt/ros/jazzy/opt/gz_gui_vendor:/opt/ros/jazzy/opt/gz_transport_vendor:/opt/ros/jazzy/opt/gz_rendering_vendor:/opt/ros/jazzy/opt/gz_plugin_vendor:/opt/ros/jazzy/opt/gz_fuel_tools_vendor:/opt/ros/jazzy/opt/gz_msgs_vendor:/opt/ros/jazzy/opt/gz_common_vendor:/opt/ros/jazzy/opt/gz_tools_vendor:/opt/ros/jazzy/opt/gz_ogre_next_vendor:/opt/ros/jazzy/opt/gz_dartsim_vendor:/opt/ros/jazzy/opt/gz_math_vendor:/opt/ros/jazzy/opt/gz_utils_vendor:/opt/ros/jazzy/opt/gz_cmake_vendor:/home/walt/dev_ws/install/uf_ros_lib:/opt/ros/jazzy DEBUGINFOD_URLS=https://debuginfod.ubuntu.com LD_LIBRARY_PATH=/home/walt/ws_moveit/install/xarm_controller/lib:/home/walt/ws_moveit/install/xarm_api/lib:/home/walt/ws_moveit/install/xarm_sdk/lib:/home/walt/ws_moveit/install/xarm_msgs/lib:${LD_LIBRARY_PATH} PYTHONPATH=/home/walt/ws_moveit/install/xarm_msgs/lib/python3.12/site-packages:/home/walt/ws_moveit/build/uf_ros_lib:/home/walt/ws_moveit/install/uf_ros_lib/lib/python3.12/site-packages:${PYTHONPATH} /usr/bin/cmake --build /home/walt/ws_moveit/build/xarm_gazebo -- -j32 -l32
[1.352s] Invoked command in '/home/walt/ws_moveit/build/xarm_gazebo' returned '0': AMENT_PREFIX_PATH=/home/walt/ws_moveit/install/xarm_controller:/home/walt/ws_moveit/install/xarm_api:/home/walt/ws_moveit/install/xarm_sdk:/home/walt/ws_moveit/install/xarm_msgs:/home/walt/ws_moveit/install/xarm_description:/home/walt/ws_moveit/install/uf_ros_lib:${AMENT_PREFIX_PATH} CMAKE_PREFIX_PATH=/home/walt/ws_moveit/install/xarm_controller:/home/walt/ws_moveit/install/xarm_api:/home/walt/ws_moveit/install/xarm_sdk:/home/walt/ws_moveit/install/xarm_msgs:/home/walt/ws_moveit/install/xarm_description:/home/walt/dev_ws/install/xarm_planner:/home/walt/dev_ws/install/xarm_moveit_servo:/home/walt/dev_ws/install/xarm_moveit_config:/home/walt/dev_ws/install/xarm_gazebo:/home/walt/dev_ws/install/xarm_controller:/home/walt/dev_ws/install/xarm_api:/home/walt/dev_ws/install/xarm_sdk:/home/walt/dev_ws/install/xarm_msgs:/home/walt/dev_ws/install/xarm_description:/home/walt/dev_ws/install/realsense_gazebo_plugin:/home/walt/dev_ws/install/mbot_demo:/opt/ros/jazzy/opt/gz_sim_vendor:/opt/ros/jazzy/opt/gz_sensors_vendor:/opt/ros/jazzy/opt/gz_physics_vendor:/opt/ros/jazzy/opt/sdformat_vendor:/opt/ros/jazzy/opt/gz_gui_vendor:/opt/ros/jazzy/opt/gz_transport_vendor:/opt/ros/jazzy/opt/gz_rendering_vendor:/opt/ros/jazzy/opt/gz_plugin_vendor:/opt/ros/jazzy/opt/gz_fuel_tools_vendor:/opt/ros/jazzy/opt/gz_msgs_vendor:/opt/ros/jazzy/opt/gz_common_vendor:/opt/ros/jazzy/opt/gz_tools_vendor:/opt/ros/jazzy/opt/gz_ogre_next_vendor:/opt/ros/jazzy/opt/gz_dartsim_vendor:/opt/ros/jazzy/opt/gz_math_vendor:/opt/ros/jazzy/opt/gz_utils_vendor:/opt/ros/jazzy/opt/gz_cmake_vendor:/home/walt/dev_ws/install/uf_ros_lib:/opt/ros/jazzy DEBUGINFOD_URLS=https://debuginfod.ubuntu.com LD_LIBRARY_PATH=/home/walt/ws_moveit/install/xarm_controller/lib:/home/walt/ws_moveit/install/xarm_api/lib:/home/walt/ws_moveit/install/xarm_sdk/lib:/home/walt/ws_moveit/install/xarm_msgs/lib:${LD_LIBRARY_PATH} PYTHONPATH=/home/walt/ws_moveit/install/xarm_msgs/lib/python3.12/site-packages:/home/walt/ws_moveit/build/uf_ros_lib:/home/walt/ws_moveit/install/uf_ros_lib/lib/python3.12/site-packages:${PYTHONPATH} /usr/bin/cmake --build /home/walt/ws_moveit/build/xarm_gazebo -- -j32 -l32
[1.353s] Invoking command in '/home/walt/ws_moveit/build/xarm_gazebo': AMENT_PREFIX_PATH=/home/walt/ws_moveit/install/xarm_controller:/home/walt/ws_moveit/install/xarm_api:/home/walt/ws_moveit/install/xarm_sdk:/home/walt/ws_moveit/install/xarm_msgs:/home/walt/ws_moveit/install/xarm_description:/home/walt/ws_moveit/install/uf_ros_lib:${AMENT_PREFIX_PATH} CMAKE_PREFIX_PATH=/home/walt/ws_moveit/install/xarm_controller:/home/walt/ws_moveit/install/xarm_api:/home/walt/ws_moveit/install/xarm_sdk:/home/walt/ws_moveit/install/xarm_msgs:/home/walt/ws_moveit/install/xarm_description:/home/walt/dev_ws/install/xarm_planner:/home/walt/dev_ws/install/xarm_moveit_servo:/home/walt/dev_ws/install/xarm_moveit_config:/home/walt/dev_ws/install/xarm_gazebo:/home/walt/dev_ws/install/xarm_controller:/home/walt/dev_ws/install/xarm_api:/home/walt/dev_ws/install/xarm_sdk:/home/walt/dev_ws/install/xarm_msgs:/home/walt/dev_ws/install/xarm_description:/home/walt/dev_ws/install/realsense_gazebo_plugin:/home/walt/dev_ws/install/mbot_demo:/opt/ros/jazzy/opt/gz_sim_vendor:/opt/ros/jazzy/opt/gz_sensors_vendor:/opt/ros/jazzy/opt/gz_physics_vendor:/opt/ros/jazzy/opt/sdformat_vendor:/opt/ros/jazzy/opt/gz_gui_vendor:/opt/ros/jazzy/opt/gz_transport_vendor:/opt/ros/jazzy/opt/gz_rendering_vendor:/opt/ros/jazzy/opt/gz_plugin_vendor:/opt/ros/jazzy/opt/gz_fuel_tools_vendor:/opt/ros/jazzy/opt/gz_msgs_vendor:/opt/ros/jazzy/opt/gz_common_vendor:/opt/ros/jazzy/opt/gz_tools_vendor:/opt/ros/jazzy/opt/gz_ogre_next_vendor:/opt/ros/jazzy/opt/gz_dartsim_vendor:/opt/ros/jazzy/opt/gz_math_vendor:/opt/ros/jazzy/opt/gz_utils_vendor:/opt/ros/jazzy/opt/gz_cmake_vendor:/home/walt/dev_ws/install/uf_ros_lib:/opt/ros/jazzy DEBUGINFOD_URLS=https://debuginfod.ubuntu.com LD_LIBRARY_PATH=/home/walt/ws_moveit/install/xarm_controller/lib:/home/walt/ws_moveit/install/xarm_api/lib:/home/walt/ws_moveit/install/xarm_sdk/lib:/home/walt/ws_moveit/install/xarm_msgs/lib:${LD_LIBRARY_PATH} PYTHONPATH=/home/walt/ws_moveit/install/xarm_msgs/lib/python3.12/site-packages:/home/walt/ws_moveit/build/uf_ros_lib:/home/walt/ws_moveit/install/uf_ros_lib/lib/python3.12/site-packages:${PYTHONPATH} /usr/bin/cmake --install /home/walt/ws_moveit/build/xarm_gazebo
[1.357s] -- Install configuration: ""
[1.358s] -- Execute custom install script
[1.358s] -- Symlinking: /home/walt/ws_moveit/install/xarm_gazebo/share/xarm_gazebo//worlds/table.world
[1.372s] -- Symlinking: /home/walt/ws_moveit/install/xarm_gazebo/share/xarm_gazebo//launch/_dual_robot_beside_table_gazebo.launch.py
[1.384s] -- Symlinking: /home/walt/ws_moveit/install/xarm_gazebo/share/xarm_gazebo//launch/_dual_robot_beside_table_gz.launch.py
[1.392s] -- Symlinking: /home/walt/ws_moveit/install/xarm_gazebo/share/xarm_gazebo//launch/_robot_beside_table_gazebo.launch.py
[1.406s] -- Symlinking: /home/walt/ws_moveit/install/xarm_gazebo/share/xarm_gazebo//launch/_robot_beside_table_gz.launch.py
[1.415s] -- Symlinking: /home/walt/ws_moveit/install/xarm_gazebo/share/xarm_gazebo//launch/lite6_beside_table_gazebo.launch.py
[1.426s] -- Symlinking: /home/walt/ws_moveit/install/xarm_gazebo/share/xarm_gazebo//launch/uf850_beside_table_gazebo.launch.py
[1.439s] -- Symlinking: /home/walt/ws_moveit/install/xarm_gazebo/share/xarm_gazebo//launch/xarm5_beside_table_gazebo.launch.py
[1.450s] -- Symlinking: /home/walt/ws_moveit/install/xarm_gazebo/share/xarm_gazebo//launch/xarm6_beside_table_gazebo.launch.py
[1.466s] -- Symlinking: /home/walt/ws_moveit/install/xarm_gazebo/share/xarm_gazebo//launch/xarm7_beside_table_gazebo.launch.py
[1.476s] -- Symlinking: /home/walt/ws_moveit/install/xarm_gazebo/share/xarm_gazebo//launch/xarm7_mirror_beside_table_gazebo.launch.py
[1.489s] -- Symlinking: /home/walt/ws_moveit/install/xarm_gazebo/share/ament_index/resource_index/package_run_dependencies/xarm_gazebo
[1.505s] -- Symlinking: /home/walt/ws_moveit/install/xarm_gazebo/share/ament_index/resource_index/parent_prefix_path/xarm_gazebo
[1.521s] -- Symlinking: /home/walt/ws_moveit/install/xarm_gazebo/share/xarm_gazebo/environment/ament_prefix_path.sh
[1.537s] -- Symlinking: /home/walt/ws_moveit/install/xarm_gazebo/share/xarm_gazebo/environment/ament_prefix_path.dsv
[1.549s] -- Symlinking: /home/walt/ws_moveit/install/xarm_gazebo/share/xarm_gazebo/environment/path.sh
[1.561s] -- Symlinking: /home/walt/ws_moveit/install/xarm_gazebo/share/xarm_gazebo/environment/path.dsv
[1.573s] -- Symlinking: /home/walt/ws_moveit/install/xarm_gazebo/share/xarm_gazebo/local_setup.bash
[1.586s] -- Symlinking: /home/walt/ws_moveit/install/xarm_gazebo/share/xarm_gazebo/local_setup.sh
[1.598s] -- Symlinking: /home/walt/ws_moveit/install/xarm_gazebo/share/xarm_gazebo/local_setup.zsh
[1.602s] -- Symlinking: /home/walt/ws_moveit/install/xarm_gazebo/share/xarm_gazebo/local_setup.dsv
[1.611s] -- Symlinking: /home/walt/ws_moveit/install/xarm_gazebo/share/xarm_gazebo/package.dsv
[1.621s] -- Symlinking: /home/walt/ws_moveit/install/xarm_gazebo/share/ament_index/resource_index/packages/xarm_gazebo
[1.636s] -- Symlinking: /home/walt/ws_moveit/install/xarm_gazebo/share/xarm_gazebo/cmake/xarm_gazeboConfig.cmake
[1.650s] -- Symlinking: /home/walt/ws_moveit/install/xarm_gazebo/share/xarm_gazebo/cmake/xarm_gazeboConfig-version.cmake
[1.661s] -- Symlinking: /home/walt/ws_moveit/install/xarm_gazebo/share/xarm_gazebo/package.xml
[1.671s] Invoked command in '/home/walt/ws_moveit/build/xarm_gazebo' returned '0': AMENT_PREFIX_PATH=/home/walt/ws_moveit/install/xarm_controller:/home/walt/ws_moveit/install/xarm_api:/home/walt/ws_moveit/install/xarm_sdk:/home/walt/ws_moveit/install/xarm_msgs:/home/walt/ws_moveit/install/xarm_description:/home/walt/ws_moveit/install/uf_ros_lib:${AMENT_PREFIX_PATH} CMAKE_PREFIX_PATH=/home/walt/ws_moveit/install/xarm_controller:/home/walt/ws_moveit/install/xarm_api:/home/walt/ws_moveit/install/xarm_sdk:/home/walt/ws_moveit/install/xarm_msgs:/home/walt/ws_moveit/install/xarm_description:/home/walt/dev_ws/install/xarm_planner:/home/walt/dev_ws/install/xarm_moveit_servo:/home/walt/dev_ws/install/xarm_moveit_config:/home/walt/dev_ws/install/xarm_gazebo:/home/walt/dev_ws/install/xarm_controller:/home/walt/dev_ws/install/xarm_api:/home/walt/dev_ws/install/xarm_sdk:/home/walt/dev_ws/install/xarm_msgs:/home/walt/dev_ws/install/xarm_description:/home/walt/dev_ws/install/realsense_gazebo_plugin:/home/walt/dev_ws/install/mbot_demo:/opt/ros/jazzy/opt/gz_sim_vendor:/opt/ros/jazzy/opt/gz_sensors_vendor:/opt/ros/jazzy/opt/gz_physics_vendor:/opt/ros/jazzy/opt/sdformat_vendor:/opt/ros/jazzy/opt/gz_gui_vendor:/opt/ros/jazzy/opt/gz_transport_vendor:/opt/ros/jazzy/opt/gz_rendering_vendor:/opt/ros/jazzy/opt/gz_plugin_vendor:/opt/ros/jazzy/opt/gz_fuel_tools_vendor:/opt/ros/jazzy/opt/gz_msgs_vendor:/opt/ros/jazzy/opt/gz_common_vendor:/opt/ros/jazzy/opt/gz_tools_vendor:/opt/ros/jazzy/opt/gz_ogre_next_vendor:/opt/ros/jazzy/opt/gz_dartsim_vendor:/opt/ros/jazzy/opt/gz_math_vendor:/opt/ros/jazzy/opt/gz_utils_vendor:/opt/ros/jazzy/opt/gz_cmake_vendor:/home/walt/dev_ws/install/uf_ros_lib:/opt/ros/jazzy DEBUGINFOD_URLS=https://debuginfod.ubuntu.com LD_LIBRARY_PATH=/home/walt/ws_moveit/install/xarm_controller/lib:/home/walt/ws_moveit/install/xarm_api/lib:/home/walt/ws_moveit/install/xarm_sdk/lib:/home/walt/ws_moveit/install/xarm_msgs/lib:${LD_LIBRARY_PATH} PYTHONPATH=/home/walt/ws_moveit/install/xarm_msgs/lib/python3.12/site-packages:/home/walt/ws_moveit/build/uf_ros_lib:/home/walt/ws_moveit/install/uf_ros_lib/lib/python3.12/site-packages:${PYTHONPATH} /usr/bin/cmake --install /home/walt/ws_moveit/build/xarm_gazebo
