[0.009s] Invoking command in '/home/walt/ws_moveit/build/xarm_sdk': CMAKE_PREFIX_PATH=${CMAKE_PREFIX_PATH}:/home/walt/dev_ws/install/uf_ros_lib:/opt/ros/jazzy DEBUGINFOD_URLS=https://debuginfod.ubuntu.com /usr/bin/cmake /home/walt/ws_moveit/src/xarm_ros2/xarm_sdk -DAMENT_CMAKE_SYMLINK_INSTALL=1 -DCMAKE_INSTALL_PREFIX=/home/walt/ws_moveit/install/xarm_sdk
[0.109s] -- The C compiler identification is GNU 13.3.0
[0.109s] -- The CXX compiler identification is GNU 13.3.0
[0.109s] -- Detecting C compiler ABI info
[0.148s] -- Detecting C compiler ABI info - done
[0.157s] -- Check for working C compiler: /usr/bin/cc - skipped
[0.157s] -- Detecting C compile features
[0.157s] -- Detecting C compile features - done
[0.163s] -- Detecting CXX compiler ABI info
[0.226s] -- Detecting CXX compiler ABI info - done
[0.231s] -- Check for working CXX compiler: /usr/bin/c++ - skipped
[0.231s] -- Detecting CXX compile features
[0.231s] -- Detecting CXX compile features - done
[0.233s] -- Found ament_cmake: 2.5.3 (/opt/ros/jazzy/share/ament_cmake/cmake)
[0.321s] -- Found Python3: /usr/bin/python3 (found version "3.12.3") found components: Interpreter 
[0.360s] -- Override CMake install command with custom implementation using symlinks instead of copying resources
[0.386s] -- Found ament_lint_auto: 0.17.1 (/opt/ros/jazzy/share/ament_lint_auto/cmake)
[0.456s] -- Added test 'copyright' to check source files copyright and LICENSE
[0.461s] -- Added test 'cppcheck' to perform static code analysis on C / C++ code
[0.461s] -- Configured cppcheck include dirs: /home/walt/ws_moveit/src/xarm_ros2/xarm_sdk/cxx/include
[0.461s] -- Configured cppcheck exclude dirs and/or files: 
[0.466s] -- Added test 'cpplint' to check C / C++ code against the Google style
[0.466s] -- Configured cpplint exclude dirs and/or files: 
[0.468s] -- Added test 'lint_cmake' to check CMake code style
[0.473s] -- Added test 'uncrustify' to check C / C++ code style
[0.473s] -- Configured uncrustify additional arguments: 
[0.474s] -- Added test 'xmllint' to check XML markup files
[0.475s] -- Configuring done (0.5s)
[0.478s] -- Generating done (0.0s)
[0.479s] -- Build files have been written to: /home/walt/ws_moveit/build/xarm_sdk
[0.483s] Invoked command in '/home/walt/ws_moveit/build/xarm_sdk' returned '0': CMAKE_PREFIX_PATH=${CMAKE_PREFIX_PATH}:/home/walt/dev_ws/install/uf_ros_lib:/opt/ros/jazzy DEBUGINFOD_URLS=https://debuginfod.ubuntu.com /usr/bin/cmake /home/walt/ws_moveit/src/xarm_ros2/xarm_sdk -DAMENT_CMAKE_SYMLINK_INSTALL=1 -DCMAKE_INSTALL_PREFIX=/home/walt/ws_moveit/install/xarm_sdk
[0.484s] Invoking command in '/home/walt/ws_moveit/build/xarm_sdk': CMAKE_PREFIX_PATH=${CMAKE_PREFIX_PATH}:/home/walt/dev_ws/install/uf_ros_lib:/opt/ros/jazzy DEBUGINFOD_URLS=https://debuginfod.ubuntu.com /usr/bin/cmake --build /home/walt/ws_moveit/build/xarm_sdk -- -j32 -l32
[0.520s] [  3%] [32mBuilding CXX object CMakeFiles/xarm_cxx_sdk.dir/cxx/src/xarm/core/debug/debug_print.cc.o[0m
[0.521s] [  6%] [32mBuilding CXX object CMakeFiles/xarm_cxx_sdk.dir/cxx/src/xarm/core/instruction/uxbus_cmd_tcp.cc.o[0m
[0.521s] [ 12%] [32mBuilding CXX object CMakeFiles/xarm_cxx_sdk.dir/cxx/src/serial/impl/list_ports/list_ports_osx.cc.o[0m
[0.521s] [ 12%] [32mBuilding CXX object CMakeFiles/xarm_cxx_sdk.dir/cxx/src/serial/impl/list_ports/list_ports_linux.cc.o[0m
[0.521s] [ 18%] [32mBuilding CXX object CMakeFiles/xarm_cxx_sdk.dir/cxx/src/xarm/core/common/queue_memcpy.cc.o[0m
[0.521s] [ 18%] [32mBuilding CXX object CMakeFiles/xarm_cxx_sdk.dir/cxx/src/serial/impl/list_ports/list_ports_win.cc.o[0m
[0.521s] [ 25%] [32mBuilding CXX object CMakeFiles/xarm_cxx_sdk.dir/cxx/src/serial/impl/win.cc.o[0m
[0.521s] [ 25%] [32mBuilding CXX object CMakeFiles/xarm_cxx_sdk.dir/cxx/src/serial/impl/unix.cc.o[0m
[0.521s] [ 28%] [32mBuilding CXX object CMakeFiles/xarm_cxx_sdk.dir/cxx/src/xarm/core/port/ser.cc.o[0m
[0.521s] [ 37%] [32mBuilding CXX object CMakeFiles/xarm_cxx_sdk.dir/cxx/src/xarm/core/connect.cc.o[0m
[0.521s] [ 34%] [32mBuilding CXX object CMakeFiles/xarm_cxx_sdk.dir/cxx/src/serial/serial.cc.o[0m
[0.523s] [ 56%] [32mBuilding CXX object CMakeFiles/xarm_cxx_sdk.dir/cxx/src/xarm/wrapper/xarm_api.cc.o[0m
[0.524s] [ 56%] [32mBuilding CXX object CMakeFiles/xarm_cxx_sdk.dir/cxx/src/xarm/wrapper/xarm_events.cc.o[0m
[0.524s] [ 59%] [32mBuilding CXX object CMakeFiles/xarm_cxx_sdk.dir/cxx/src/xarm/wrapper/xarm_gripper.cc.o[0m
[0.524s] [ 62%] [32mBuilding CXX object CMakeFiles/xarm_cxx_sdk.dir/cxx/src/xarm/wrapper/xarm_ft_sensor.cc.o[0m
[0.524s] [ 65%] [32mBuilding CXX object CMakeFiles/xarm_cxx_sdk.dir/cxx/src/xarm/wrapper/xarm_gpio.cc.o[0m
[0.524s] [ 68%] [32mBuilding CXX object CMakeFiles/xarm_cxx_sdk.dir/cxx/src/xarm/core/os/network.cc.o[0m
[0.524s] [ 71%] [32mBuilding CXX object CMakeFiles/xarm_cxx_sdk.dir/cxx/src/xarm/wrapper/xarm_modbus_tcp.cc.o[0m
[0.525s] [ 75%] [32mBuilding CXX object CMakeFiles/xarm_cxx_sdk.dir/cxx/src/xarm/wrapper/xarm_motion.cc.o[0m
[0.525s] [ 37%] [32mBuilding CXX object CMakeFiles/xarm_cxx_sdk.dir/cxx/src/xarm/core/common/crc16.cc.o[0m
[0.525s] [ 78%] [32mBuilding CXX object CMakeFiles/xarm_cxx_sdk.dir/cxx/src/xarm/wrapper/xarm_params.cc.o[0m
[0.525s] [ 78%] [32mBuilding CXX object CMakeFiles/xarm_cxx_sdk.dir/cxx/src/xarm/core/port/socket.cc.o[0m
[0.525s] [ 78%] [32mBuilding CXX object CMakeFiles/xarm_cxx_sdk.dir/cxx/src/xarm/core/instruction/uxbus_cmd_ser.cc.o[0m
[0.525s] [ 78%] [32mBuilding CXX object CMakeFiles/xarm_cxx_sdk.dir/cxx/src/xarm/core/instruction/uxbus_cmd.cc.o[0m
[0.525s] [ 78%] [32mBuilding CXX object CMakeFiles/xarm_cxx_sdk.dir/cxx/src/xarm/core/report_data.cc.o[0m
[0.525s] [ 81%] [32mBuilding CXX object CMakeFiles/xarm_cxx_sdk.dir/cxx/src/xarm/wrapper/xarm_bio.cc.o[0m
[0.526s] [ 84%] [32mBuilding CXX object CMakeFiles/xarm_cxx_sdk.dir/cxx/src/xarm/wrapper/xarm_record.cc.o[0m
[0.526s] [ 87%] [32mBuilding CXX object CMakeFiles/xarm_cxx_sdk.dir/cxx/src/xarm/wrapper/xarm_report.cc.o[0m
[0.529s] [ 90%] [32mBuilding CXX object CMakeFiles/xarm_cxx_sdk.dir/cxx/src/xarm/wrapper/xarm_robotiq.cc.o[0m
[0.529s] [ 93%] [32mBuilding CXX object CMakeFiles/xarm_cxx_sdk.dir/cxx/src/xarm/wrapper/xarm_track.cc.o[0m
[0.529s] [ 96%] [32mBuilding CXX object CMakeFiles/xarm_cxx_sdk.dir/cxx/src/xarm/wrapper/xarm_servo.cc.o[0m
[2.170s] [100%] [32m[1mLinking CXX shared library libxarm_cxx_sdk.so[0m
[2.387s] [100%] Built target xarm_cxx_sdk
[2.401s] Invoked command in '/home/walt/ws_moveit/build/xarm_sdk' returned '0': CMAKE_PREFIX_PATH=${CMAKE_PREFIX_PATH}:/home/walt/dev_ws/install/uf_ros_lib:/opt/ros/jazzy DEBUGINFOD_URLS=https://debuginfod.ubuntu.com /usr/bin/cmake --build /home/walt/ws_moveit/build/xarm_sdk -- -j32 -l32
[2.402s] Invoking command in '/home/walt/ws_moveit/build/xarm_sdk': CMAKE_PREFIX_PATH=${CMAKE_PREFIX_PATH}:/home/walt/dev_ws/install/uf_ros_lib:/opt/ros/jazzy DEBUGINFOD_URLS=https://debuginfod.ubuntu.com /usr/bin/cmake --install /home/walt/ws_moveit/build/xarm_sdk
[2.408s] -- Install configuration: ""
[2.408s] -- Execute custom install script
[2.408s] -- Symlinking: /home/walt/ws_moveit/install/xarm_sdk/share/xarm_sdk/environment/library_path.sh
[2.412s] -- Symlinking: /home/walt/ws_moveit/install/xarm_sdk/share/xarm_sdk/environment/library_path.dsv
[2.418s] -- Symlinking: /home/walt/ws_moveit/install/xarm_sdk/cxx/include/serial/impl/unix.h
[2.422s] -- Symlinking: /home/walt/ws_moveit/install/xarm_sdk/cxx/include/serial/impl/win.h
[2.427s] -- Symlinking: /home/walt/ws_moveit/install/xarm_sdk/cxx/include/serial/serial.h
[2.433s] -- Symlinking: /home/walt/ws_moveit/install/xarm_sdk/cxx/include/serial/v8stdint.h
[2.439s] -- Symlinking: /home/walt/ws_moveit/install/xarm_sdk/cxx/include/xarm/core/common/crc16.h
[2.444s] -- Symlinking: /home/walt/ws_moveit/install/xarm_sdk/cxx/include/xarm/core/common/data_type.h
[2.450s] -- Symlinking: /home/walt/ws_moveit/install/xarm_sdk/cxx/include/xarm/core/common/queue_memcpy.h
[2.455s] -- Symlinking: /home/walt/ws_moveit/install/xarm_sdk/cxx/include/xarm/core/connect.h
[2.460s] -- Symlinking: /home/walt/ws_moveit/install/xarm_sdk/cxx/include/xarm/core/debug/debug_print.h
[2.465s] -- Symlinking: /home/walt/ws_moveit/install/xarm_sdk/cxx/include/xarm/core/instruction/servo3_config.h
[2.469s] -- Symlinking: /home/walt/ws_moveit/install/xarm_sdk/cxx/include/xarm/core/instruction/uxbus_cmd.h
[2.474s] -- Symlinking: /home/walt/ws_moveit/install/xarm_sdk/cxx/include/xarm/core/instruction/uxbus_cmd_config.h
[2.479s] -- Symlinking: /home/walt/ws_moveit/install/xarm_sdk/cxx/include/xarm/core/instruction/uxbus_cmd_ser.h
[2.483s] -- Symlinking: /home/walt/ws_moveit/install/xarm_sdk/cxx/include/xarm/core/instruction/uxbus_cmd_tcp.h
[2.488s] -- Symlinking: /home/walt/ws_moveit/install/xarm_sdk/cxx/include/xarm/core/os/bak/thread.h
[2.493s] -- Symlinking: /home/walt/ws_moveit/install/xarm_sdk/cxx/include/xarm/core/os/network.h
[2.497s] -- Symlinking: /home/walt/ws_moveit/install/xarm_sdk/cxx/include/xarm/core/port/ser.h
[2.501s] -- Symlinking: /home/walt/ws_moveit/install/xarm_sdk/cxx/include/xarm/core/port/socket.h
[2.506s] -- Symlinking: /home/walt/ws_moveit/install/xarm_sdk/cxx/include/xarm/core/report_data.h
[2.510s] -- Symlinking: /home/walt/ws_moveit/install/xarm_sdk/cxx/include/xarm/core/xarm_config.h
[2.514s] -- Symlinking: /home/walt/ws_moveit/install/xarm_sdk/cxx/include/xarm/wrapper/common/timer.h
[2.520s] -- Symlinking: /home/walt/ws_moveit/install/xarm_sdk/cxx/include/xarm/wrapper/common/utils.h
[2.525s] -- Symlinking: /home/walt/ws_moveit/install/xarm_sdk/cxx/include/xarm/wrapper/xarm_api.h
[2.529s] -- Symlinking: /home/walt/ws_moveit/install/xarm_sdk/lib/libxarm_cxx_sdk.so
[2.533s] -- Symlinking: /home/walt/ws_moveit/install/xarm_sdk/share/ament_index/resource_index/package_run_dependencies/xarm_sdk
[2.538s] -- Symlinking: /home/walt/ws_moveit/install/xarm_sdk/share/ament_index/resource_index/parent_prefix_path/xarm_sdk
[2.544s] -- Symlinking: /home/walt/ws_moveit/install/xarm_sdk/share/xarm_sdk/environment/ament_prefix_path.sh
[2.549s] -- Symlinking: /home/walt/ws_moveit/install/xarm_sdk/share/xarm_sdk/environment/ament_prefix_path.dsv
[2.555s] -- Symlinking: /home/walt/ws_moveit/install/xarm_sdk/share/xarm_sdk/environment/path.sh
[2.561s] -- Symlinking: /home/walt/ws_moveit/install/xarm_sdk/share/xarm_sdk/environment/path.dsv
[2.566s] -- Symlinking: /home/walt/ws_moveit/install/xarm_sdk/share/xarm_sdk/local_setup.bash
[2.571s] -- Symlinking: /home/walt/ws_moveit/install/xarm_sdk/share/xarm_sdk/local_setup.sh
[2.576s] -- Symlinking: /home/walt/ws_moveit/install/xarm_sdk/share/xarm_sdk/local_setup.zsh
[2.581s] -- Symlinking: /home/walt/ws_moveit/install/xarm_sdk/share/xarm_sdk/local_setup.dsv
[2.588s] -- Symlinking: /home/walt/ws_moveit/install/xarm_sdk/share/xarm_sdk/package.dsv
[2.593s] -- Symlinking: /home/walt/ws_moveit/install/xarm_sdk/share/ament_index/resource_index/packages/xarm_sdk
[2.597s] -- Symlinking: /home/walt/ws_moveit/install/xarm_sdk/share/xarm_sdk/cmake/ament_cmake_export_libraries-extras.cmake
[2.601s] -- Symlinking: /home/walt/ws_moveit/install/xarm_sdk/share/xarm_sdk/cmake/ament_cmake_export_include_directories-extras.cmake
[2.606s] -- Symlinking: /home/walt/ws_moveit/install/xarm_sdk/share/xarm_sdk/cmake/xarm_sdkConfig.cmake
[2.610s] -- Symlinking: /home/walt/ws_moveit/install/xarm_sdk/share/xarm_sdk/cmake/xarm_sdkConfig-version.cmake
[2.614s] -- Symlinking: /home/walt/ws_moveit/install/xarm_sdk/share/xarm_sdk/package.xml
[2.619s] Invoked command in '/home/walt/ws_moveit/build/xarm_sdk' returned '0': CMAKE_PREFIX_PATH=${CMAKE_PREFIX_PATH}:/home/walt/dev_ws/install/uf_ros_lib:/opt/ros/jazzy DEBUGINFOD_URLS=https://debuginfod.ubuntu.com /usr/bin/cmake --install /home/walt/ws_moveit/build/xarm_sdk
