-- The C compiler identification is GNU 13.3.0
-- The CXX compiler identification is GNU 13.3.0
-- Detecting C compiler ABI info
-- Detecting C compiler ABI info - done
-- Check for working C compiler: /usr/bin/cc - skipped
-- Detecting C compile features
-- Detecting C compile features - done
-- Detecting CXX compiler ABI info
-- Detecting CXX compiler ABI info - done
-- Check for working CXX compiler: /usr/bin/c++ - skipped
-- Detecting CXX compile features
-- Detecting CXX compile features - done
-- Found ament_cmake: 2.5.3 (/opt/ros/jazzy/share/ament_cmake/cmake)
-- Found Python3: /usr/bin/python3 (found version "3.12.3") found components: Interpreter 
-- Override CMake install command with custom implementation using symlinks instead of copying resources
-- Found rclcpp: 28.1.6 (/opt/ros/jazzy/share/rclcpp/cmake)
-- Found rosidl_generator_c: 4.6.5 (/opt/ros/jazzy/share/rosidl_generator_c/cmake)
-- Found rosidl_generator_cpp: 4.6.5 (/opt/ros/jazzy/share/rosidl_generator_cpp/cmake)
-- Using all available rosidl_typesupport_c: rosidl_typesupport_fastrtps_c;rosidl_typesupport_introspection_c
-- Using all available rosidl_typesupport_cpp: rosidl_typesupport_fastrtps_cpp;rosidl_typesupport_introspection_cpp
-- Found rmw_implementation_cmake: 7.3.1 (/opt/ros/jazzy/share/rmw_implementation_cmake/cmake)
-- Found rmw_fastrtps_cpp: 8.4.1 (/opt/ros/jazzy/share/rmw_fastrtps_cpp/cmake)
-- Found OpenSSL: /usr/lib/x86_64-linux-gnu/libcrypto.so (found version "3.0.13")  
-- Found FastRTPS: /opt/ros/foxy/include (Required is at least version "2.13") 
-- Using RMW implementation 'rmw_fastrtps_cpp' as default
-- Found ament_lint_auto: 0.17.1 (/opt/ros/jazzy/share/ament_lint_auto/cmake)
-- Configuring done (0.8s)
-- Generating done (0.0s)
-- Build files have been written to: /home/walt/ws_moveit/build/realsense_gazebo_plugin
-- Install configuration: ""
-- Execute custom install script
-- Symlinking: /home/walt/ws_moveit/install/realsense_gazebo_plugin/share/realsense_gazebo_plugin/environment/library_path.sh
-- Symlinking: /home/walt/ws_moveit/install/realsense_gazebo_plugin/share/realsense_gazebo_plugin/environment/library_path.dsv
-- Symlinking: /home/walt/ws_moveit/install/realsense_gazebo_plugin/share/ament_index/resource_index/package_run_dependencies/realsense_gazebo_plugin
-- Symlinking: /home/walt/ws_moveit/install/realsense_gazebo_plugin/share/ament_index/resource_index/parent_prefix_path/realsense_gazebo_plugin
-- Symlinking: /home/walt/ws_moveit/install/realsense_gazebo_plugin/share/realsense_gazebo_plugin/environment/ament_prefix_path.sh
-- Symlinking: /home/walt/ws_moveit/install/realsense_gazebo_plugin/share/realsense_gazebo_plugin/environment/ament_prefix_path.dsv
-- Symlinking: /home/walt/ws_moveit/install/realsense_gazebo_plugin/share/realsense_gazebo_plugin/environment/path.sh
-- Symlinking: /home/walt/ws_moveit/install/realsense_gazebo_plugin/share/realsense_gazebo_plugin/environment/path.dsv
-- Symlinking: /home/walt/ws_moveit/install/realsense_gazebo_plugin/share/realsense_gazebo_plugin/local_setup.bash
-- Symlinking: /home/walt/ws_moveit/install/realsense_gazebo_plugin/share/realsense_gazebo_plugin/local_setup.sh
-- Symlinking: /home/walt/ws_moveit/install/realsense_gazebo_plugin/share/realsense_gazebo_plugin/local_setup.zsh
-- Symlinking: /home/walt/ws_moveit/install/realsense_gazebo_plugin/share/realsense_gazebo_plugin/local_setup.dsv
-- Symlinking: /home/walt/ws_moveit/install/realsense_gazebo_plugin/share/realsense_gazebo_plugin/package.dsv
-- Symlinking: /home/walt/ws_moveit/install/realsense_gazebo_plugin/share/ament_index/resource_index/packages/realsense_gazebo_plugin
-- Symlinking: /home/walt/ws_moveit/install/realsense_gazebo_plugin/share/realsense_gazebo_plugin/cmake/ament_cmake_export_include_directories-extras.cmake
-- Symlinking: /home/walt/ws_moveit/install/realsense_gazebo_plugin/share/realsense_gazebo_plugin/cmake/ament_cmake_export_libraries-extras.cmake
-- Symlinking: /home/walt/ws_moveit/install/realsense_gazebo_plugin/share/realsense_gazebo_plugin/cmake/realsense_gazebo_pluginConfig.cmake
-- Symlinking: /home/walt/ws_moveit/install/realsense_gazebo_plugin/share/realsense_gazebo_plugin/cmake/realsense_gazebo_pluginConfig-version.cmake
-- Symlinking: /home/walt/ws_moveit/install/realsense_gazebo_plugin/share/realsense_gazebo_plugin/package.xml
