[0.105s] Invoking command in '/home/walt/ws_moveit/build/realsense_gazebo_plugin': CMAKE_PREFIX_PATH=${CMAKE_PREFIX_PATH}:/home/walt/dev_ws/install/uf_ros_lib:/opt/ros/jazzy DEBUGINFOD_URLS=https://debuginfod.ubuntu.com /usr/bin/cmake /home/walt/ws_moveit/src/xarm_ros2/thirdparty/realsense_gazebo_plugin -DAMENT_CMAKE_SYMLINK_INSTALL=1 -DCMAKE_INSTALL_PREFIX=/home/walt/ws_moveit/install/realsense_gazebo_plugin
[0.141s] -- The C compiler identification is GNU 13.3.0
[0.173s] -- The CXX compiler identification is GNU 13.3.0
[0.183s] -- Detecting C compiler ABI info
[0.236s] -- Detecting C compiler ABI info - done
[0.243s] -- Check for working C compiler: /usr/bin/cc - skipped
[0.243s] -- Detecting C compile features
[0.243s] -- Detecting C compile features - done
[0.249s] -- Detecting CXX compiler ABI info
[0.314s] -- Detecting CXX compiler ABI info - done
[0.319s] -- Check for working CXX compiler: /usr/bin/c++ - skipped
[0.319s] -- Detecting CXX compile features
[0.319s] -- Detecting CXX compile features - done
[0.321s] -- Found ament_cmake: 2.5.3 (/opt/ros/jazzy/share/ament_cmake/cmake)
[0.408s] -- Found Python3: /usr/bin/python3 (found version "3.12.3") found components: Interpreter 
[0.450s] -- Override CMake install command with custom implementation using symlinks instead of copying resources
[0.475s] -- Found rclcpp: 28.1.6 (/opt/ros/jazzy/share/rclcpp/cmake)
[0.501s] -- Found rosidl_generator_c: 4.6.5 (/opt/ros/jazzy/share/rosidl_generator_c/cmake)
[0.509s] -- Found rosidl_generator_cpp: 4.6.5 (/opt/ros/jazzy/share/rosidl_generator_cpp/cmake)
[0.528s] -- Using all available rosidl_typesupport_c: rosidl_typesupport_fastrtps_c;rosidl_typesupport_introspection_c
[0.545s] -- Using all available rosidl_typesupport_cpp: rosidl_typesupport_fastrtps_cpp;rosidl_typesupport_introspection_cpp
[0.631s] -- Found rmw_implementation_cmake: 7.3.1 (/opt/ros/jazzy/share/rmw_implementation_cmake/cmake)
[0.635s] -- Found rmw_fastrtps_cpp: 8.4.1 (/opt/ros/jazzy/share/rmw_fastrtps_cpp/cmake)
[0.720s] -- Found OpenSSL: /usr/lib/x86_64-linux-gnu/libcrypto.so (found version "3.0.13")  
[0.738s] -- Found FastRTPS: /opt/ros/foxy/include (Required is at least version "2.13") 
[0.757s] -- Using RMW implementation 'rmw_fastrtps_cpp' as default
[0.849s] -- Found ament_lint_auto: 0.17.1 (/opt/ros/jazzy/share/ament_lint_auto/cmake)
[0.911s] -- Configuring done (0.8s)
[0.915s] -- Generating done (0.0s)
[0.917s] -- Build files have been written to: /home/walt/ws_moveit/build/realsense_gazebo_plugin
[0.927s] Invoked command in '/home/walt/ws_moveit/build/realsense_gazebo_plugin' returned '0': CMAKE_PREFIX_PATH=${CMAKE_PREFIX_PATH}:/home/walt/dev_ws/install/uf_ros_lib:/opt/ros/jazzy DEBUGINFOD_URLS=https://debuginfod.ubuntu.com /usr/bin/cmake /home/walt/ws_moveit/src/xarm_ros2/thirdparty/realsense_gazebo_plugin -DAMENT_CMAKE_SYMLINK_INSTALL=1 -DCMAKE_INSTALL_PREFIX=/home/walt/ws_moveit/install/realsense_gazebo_plugin
[0.928s] Invoking command in '/home/walt/ws_moveit/build/realsense_gazebo_plugin': CMAKE_PREFIX_PATH=${CMAKE_PREFIX_PATH}:/home/walt/dev_ws/install/uf_ros_lib:/opt/ros/jazzy DEBUGINFOD_URLS=https://debuginfod.ubuntu.com /usr/bin/cmake --build /home/walt/ws_moveit/build/realsense_gazebo_plugin -- -j32 -l32
[0.952s] Invoked command in '/home/walt/ws_moveit/build/realsense_gazebo_plugin' returned '0': CMAKE_PREFIX_PATH=${CMAKE_PREFIX_PATH}:/home/walt/dev_ws/install/uf_ros_lib:/opt/ros/jazzy DEBUGINFOD_URLS=https://debuginfod.ubuntu.com /usr/bin/cmake --build /home/walt/ws_moveit/build/realsense_gazebo_plugin -- -j32 -l32
[0.953s] Invoking command in '/home/walt/ws_moveit/build/realsense_gazebo_plugin': CMAKE_PREFIX_PATH=${CMAKE_PREFIX_PATH}:/home/walt/dev_ws/install/uf_ros_lib:/opt/ros/jazzy DEBUGINFOD_URLS=https://debuginfod.ubuntu.com /usr/bin/cmake --install /home/walt/ws_moveit/build/realsense_gazebo_plugin
[0.957s] -- Install configuration: ""
[0.957s] -- Execute custom install script
[0.957s] -- Symlinking: /home/walt/ws_moveit/install/realsense_gazebo_plugin/share/realsense_gazebo_plugin/environment/library_path.sh
[0.964s] -- Symlinking: /home/walt/ws_moveit/install/realsense_gazebo_plugin/share/realsense_gazebo_plugin/environment/library_path.dsv
[0.970s] -- Symlinking: /home/walt/ws_moveit/install/realsense_gazebo_plugin/share/ament_index/resource_index/package_run_dependencies/realsense_gazebo_plugin
[0.978s] -- Symlinking: /home/walt/ws_moveit/install/realsense_gazebo_plugin/share/ament_index/resource_index/parent_prefix_path/realsense_gazebo_plugin
[0.984s] -- Symlinking: /home/walt/ws_moveit/install/realsense_gazebo_plugin/share/realsense_gazebo_plugin/environment/ament_prefix_path.sh
[0.990s] -- Symlinking: /home/walt/ws_moveit/install/realsense_gazebo_plugin/share/realsense_gazebo_plugin/environment/ament_prefix_path.dsv
[0.997s] -- Symlinking: /home/walt/ws_moveit/install/realsense_gazebo_plugin/share/realsense_gazebo_plugin/environment/path.sh
[1.005s] -- Symlinking: /home/walt/ws_moveit/install/realsense_gazebo_plugin/share/realsense_gazebo_plugin/environment/path.dsv
[1.013s] -- Symlinking: /home/walt/ws_moveit/install/realsense_gazebo_plugin/share/realsense_gazebo_plugin/local_setup.bash
[1.020s] -- Symlinking: /home/walt/ws_moveit/install/realsense_gazebo_plugin/share/realsense_gazebo_plugin/local_setup.sh
[1.025s] -- Symlinking: /home/walt/ws_moveit/install/realsense_gazebo_plugin/share/realsense_gazebo_plugin/local_setup.zsh
[1.031s] -- Symlinking: /home/walt/ws_moveit/install/realsense_gazebo_plugin/share/realsense_gazebo_plugin/local_setup.dsv
[1.039s] -- Symlinking: /home/walt/ws_moveit/install/realsense_gazebo_plugin/share/realsense_gazebo_plugin/package.dsv
[1.045s] -- Symlinking: /home/walt/ws_moveit/install/realsense_gazebo_plugin/share/ament_index/resource_index/packages/realsense_gazebo_plugin
[1.052s] -- Symlinking: /home/walt/ws_moveit/install/realsense_gazebo_plugin/share/realsense_gazebo_plugin/cmake/ament_cmake_export_include_directories-extras.cmake
[1.059s] -- Symlinking: /home/walt/ws_moveit/install/realsense_gazebo_plugin/share/realsense_gazebo_plugin/cmake/ament_cmake_export_libraries-extras.cmake
[1.064s] -- Symlinking: /home/walt/ws_moveit/install/realsense_gazebo_plugin/share/realsense_gazebo_plugin/cmake/realsense_gazebo_pluginConfig.cmake
[1.071s] -- Symlinking: /home/walt/ws_moveit/install/realsense_gazebo_plugin/share/realsense_gazebo_plugin/cmake/realsense_gazebo_pluginConfig-version.cmake
[1.077s] -- Symlinking: /home/walt/ws_moveit/install/realsense_gazebo_plugin/share/realsense_gazebo_plugin/package.xml
[1.085s] Invoked command in '/home/walt/ws_moveit/build/realsense_gazebo_plugin' returned '0': CMAKE_PREFIX_PATH=${CMAKE_PREFIX_PATH}:/home/walt/dev_ws/install/uf_ros_lib:/opt/ros/jazzy DEBUGINFOD_URLS=https://debuginfod.ubuntu.com /usr/bin/cmake --install /home/walt/ws_moveit/build/realsense_gazebo_plugin
