-- The C compiler identification is GNU 13.3.0
-- The CXX compiler identification is GNU 13.3.0
-- Detecting C compiler ABI info
-- Detecting C compiler ABI info - done
-- Check for working C compiler: /usr/bin/cc - skipped
-- Detecting C compile features
-- Detecting C compile features - done
-- Detecting CXX compiler ABI info
-- Detecting CXX compiler ABI info - done
-- Check for working CXX compiler: /usr/bin/c++ - skipped
-- Detecting CXX compile features
-- Detecting CXX compile features - done
-- Found ament_cmake: 2.5.3 (/opt/ros/jazzy/share/ament_cmake/cmake)
-- Found Python3: /usr/bin/python3 (found version "3.12.3") found components: Interpreter 
-- Override CMake install command with custom implementation using symlinks instead of copying resources
-- Found moveit: 2.12.2 (/opt/ros/jazzy/share/moveit/cmake)
-- Found moveit_ros_planning_interface: 2.12.2 (/opt/ros/jazzy/share/moveit_ros_planning_interface/cmake)
-- Found Boost: /usr/lib/x86_64-linux-gnu/cmake/Boost-1.83.0/BoostConfig.cmake (found version "1.83.0") found components: date_time filesystem program_options system thread 
-- Found rosidl_generator_c: 4.6.5 (/opt/ros/jazzy/share/rosidl_generator_c/cmake)
-- Found rosidl_generator_cpp: 4.6.5 (/opt/ros/jazzy/share/rosidl_generator_cpp/cmake)
-- Using all available rosidl_typesupport_c: rosidl_typesupport_fastrtps_c;rosidl_typesupport_introspection_c
-- Using all available rosidl_typesupport_cpp: rosidl_typesupport_fastrtps_cpp;rosidl_typesupport_introspection_cpp
-- Found Boost: /usr/lib/x86_64-linux-gnu/cmake/Boost-1.83.0/BoostConfig.cmake (found version "1.83.0") found components: chrono date_time filesystem iostreams program_options regex serialization system thread 
-- Found parameter_traits: 0.4.0 (/opt/ros/jazzy/share/parameter_traits/cmake)
-- Found rmw_implementation_cmake: 7.3.1 (/opt/ros/jazzy/share/rmw_implementation_cmake/cmake)
-- Found rmw_fastrtps_cpp: 8.4.1 (/opt/ros/jazzy/share/rmw_fastrtps_cpp/cmake)
-- Found OpenSSL: /usr/lib/x86_64-linux-gnu/libcrypto.so (found version "3.0.13")  
-- Found FastRTPS: /opt/ros/jazzy/include (Required is at least version "2.13") 
-- Using RMW implementation 'rmw_fastrtps_cpp' as default
-- Found rclcpp_lifecycle: 28.1.6 (/opt/ros/jazzy/share/rclcpp_lifecycle/cmake)
-- Found Boost: /usr/lib/x86_64-linux-gnu/cmake/Boost-1.83.0/BoostConfig.cmake (found version "1.83.0") found components: filesystem 
-- Found Eigen3: TRUE (found version "3.4.0") 
-- Ensuring Eigen3 include directory is part of orocos-kdl CMake target
-- Found Boost: /usr/lib/x86_64-linux-gnu/cmake/Boost-1.83.0/BoostConfig.cmake (found version "1.83.0") found components: system filesystem date_time program_options thread chrono 
-- Found Boost: /usr/lib/x86_64-linux-gnu/cmake/Boost-1.83.0/BoostConfig.cmake (found version "1.83.0") found components: thread system filesystem regex date_time program_options 
-- Found Boost: /usr/lib/x86_64-linux-gnu/cmake/Boost-1.83.0/BoostConfig.cmake (found version "1.83.0") found components: system filesystem date_time program_options thread 
-- Found xarm_msgs: 0.0.0 (/home/walt/ws_moveit/install/xarm_msgs/share/xarm_msgs/cmake)
-- Found ament_lint_auto: 0.17.1 (/opt/ros/jazzy/share/ament_lint_auto/cmake)
-- Added test 'copyright' to check source files copyright and LICENSE
-- Added test 'cppcheck' to perform static code analysis on C / C++ code
-- Configured cppcheck include dirs: /home/walt/ws_moveit/src/xarm_ros2/xarm_planner/include
-- Configured cppcheck exclude dirs and/or files: 
-- Added test 'cpplint' to check C / C++ code against the Google style
-- Configured cpplint exclude dirs and/or files: 
-- Added test 'flake8' to check Python code syntax and style conventions
-- Configured 'flake8' exclude dirs and/or files: 
-- Added test 'lint_cmake' to check CMake code style
-- Added test 'pep257' to check Python code against some of the docstring style conventions in PEP 257
-- Added test 'uncrustify' to check C / C++ code style
-- Configured uncrustify additional arguments: 
-- Added test 'xmllint' to check XML markup files
-- Configuring done (1.4s)
-- Generating done (0.0s)
-- Build files have been written to: /home/walt/ws_moveit/build/xarm_planner
[ 22%] [32mBuilding CXX object CMakeFiles/test_lite_gripper_realmove.dir/test/test_lite_gripper_realmove.cpp.o[0m
[ 22%] [32mBuilding CXX object CMakeFiles/xarm_planner.dir/src/xarm_planner.cpp.o[0m
[ 22%] [32mBuilding CXX object CMakeFiles/test_xarm_planner_client_joint.dir/test/test_xarm_planner_client_joint.cpp.o[0m
[ 22%] [32mBuilding CXX object CMakeFiles/test_xarm_gripper_planner_client_joint.dir/test/test_xarm_gripper_planner_client_joint.cpp.o[0m
[ 22%] [32mBuilding CXX object CMakeFiles/test_xarm_planner_client_pose.dir/test/test_xarm_planner_client_pose.cpp.o[0m
[ 27%] [32m[1mLinking CXX executable test_lite_gripper_realmove[0m
[ 27%] Built target test_lite_gripper_realmove
[ 31%] [32m[1mLinking CXX executable test_xarm_planner_client_pose[0m
[ 36%] [32m[1mLinking CXX executable test_xarm_gripper_planner_client_joint[0m
[ 40%] [32m[1mLinking CXX executable test_xarm_planner_client_joint[0m
[ 40%] Built target test_xarm_planner_client_pose
[ 40%] Built target test_xarm_gripper_planner_client_joint
[ 40%] Built target test_xarm_planner_client_joint
[ 45%] [32m[1mLinking CXX shared library libxarm_planner.so[0m
[ 45%] Built target xarm_planner
[ 50%] [32mBuilding CXX object CMakeFiles/xarm_planner_node.dir/src/xarm_planner_node.cpp.o[0m
[ 59%] [32mBuilding CXX object CMakeFiles/test_xarm_planner_api_joint.dir/test/test_xarm_planner_api_joint.cpp.o[0m
[ 59%] [32mBuilding CXX object CMakeFiles/test_dual_xarm_planner_api_joint.dir/test/test_dual_xarm_planner_api_joint.cpp.o[0m
[ 63%] [32mBuilding CXX object CMakeFiles/xarm_gripper_planner_node.dir/src/xarm_gripper_planner_node.cpp.o[0m
[ 68%] [32mBuilding CXX object CMakeFiles/test_xarm_planner_api_pose.dir/test/test_xarm_planner_api_pose.cpp.o[0m
[ 72%] [32mBuilding CXX object CMakeFiles/test_xarm_gripper_planner_api_joint.dir/test/test_xarm_gripper_planner_api_joint.cpp.o[0m
[ 77%] [32m[1mLinking CXX executable test_xarm_gripper_planner_api_joint[0m
[ 81%] [32m[1mLinking CXX executable test_xarm_planner_api_pose[0m
[ 86%] [32m[1mLinking CXX executable test_dual_xarm_planner_api_joint[0m
[ 90%] [32m[1mLinking CXX executable test_xarm_planner_api_joint[0m
[ 90%] Built target test_xarm_gripper_planner_api_joint
[ 90%] Built target test_xarm_planner_api_pose
[ 90%] Built target test_dual_xarm_planner_api_joint
[ 90%] Built target test_xarm_planner_api_joint
[ 95%] [32m[1mLinking CXX executable xarm_gripper_planner_node[0m
[ 95%] Built target xarm_gripper_planner_node
[100%] [32m[1mLinking CXX executable xarm_planner_node[0m
[100%] Built target xarm_planner_node
-- Install configuration: ""
-- Execute custom install script
-- Symlinking: /home/walt/ws_moveit/install/xarm_planner/include/xarm_planner/xarm_planner.h
-- Symlinking: /home/walt/ws_moveit/install/xarm_planner/lib/libxarm_planner.so
-- Symlinking: /home/walt/ws_moveit/install/xarm_planner/lib/xarm_planner/xarm_planner_node
-- Symlinking: /home/walt/ws_moveit/install/xarm_planner/lib/xarm_planner/xarm_gripper_planner_node
-- Symlinking: /home/walt/ws_moveit/install/xarm_planner/lib/xarm_planner/test_xarm_planner_api_joint
-- Symlinking: /home/walt/ws_moveit/install/xarm_planner/lib/xarm_planner/test_dual_xarm_planner_api_joint
-- Symlinking: /home/walt/ws_moveit/install/xarm_planner/lib/xarm_planner/test_xarm_planner_api_pose
-- Symlinking: /home/walt/ws_moveit/install/xarm_planner/lib/xarm_planner/test_xarm_gripper_planner_api_joint
-- Symlinking: /home/walt/ws_moveit/install/xarm_planner/lib/xarm_planner/test_xarm_planner_client_joint
-- Symlinking: /home/walt/ws_moveit/install/xarm_planner/lib/xarm_planner/test_xarm_planner_client_pose
-- Symlinking: /home/walt/ws_moveit/install/xarm_planner/lib/xarm_planner/test_xarm_gripper_planner_client_joint
-- Symlinking: /home/walt/ws_moveit/install/xarm_planner/lib/xarm_planner/test_lite_gripper_realmove
-- Symlinking: /home/walt/ws_moveit/install/xarm_planner/share/xarm_planner//launch/_dual_robot_planner.launch.py
-- Symlinking: /home/walt/ws_moveit/install/xarm_planner/share/xarm_planner//launch/_robot_planner.launch.py
-- Symlinking: /home/walt/ws_moveit/install/xarm_planner/share/xarm_planner//launch/lite6_planner_fake.launch.py
-- Symlinking: /home/walt/ws_moveit/install/xarm_planner/share/xarm_planner//launch/lite6_planner_gazebo.launch.py
-- Symlinking: /home/walt/ws_moveit/install/xarm_planner/share/xarm_planner//launch/lite6_planner_realmove.launch.py
-- Symlinking: /home/walt/ws_moveit/install/xarm_planner/share/xarm_planner//launch/test_dual_xarm_planner_api_joint.launch.py
-- Symlinking: /home/walt/ws_moveit/install/xarm_planner/share/xarm_planner//launch/test_lite_gripper_realmove.launch.py
-- Symlinking: /home/walt/ws_moveit/install/xarm_planner/share/xarm_planner//launch/test_move_group.launch.py
-- Symlinking: /home/walt/ws_moveit/install/xarm_planner/share/xarm_planner//launch/test_xarm_gripper_planner_api_joint.launch.py
-- Symlinking: /home/walt/ws_moveit/install/xarm_planner/share/xarm_planner//launch/test_xarm_gripper_planner_client_joint.launch.py
-- Symlinking: /home/walt/ws_moveit/install/xarm_planner/share/xarm_planner//launch/test_xarm_planner_api_joint.launch.py
-- Symlinking: /home/walt/ws_moveit/install/xarm_planner/share/xarm_planner//launch/test_xarm_planner_api_pose.launch.py
-- Symlinking: /home/walt/ws_moveit/install/xarm_planner/share/xarm_planner//launch/test_xarm_planner_client_joint.launch.py
-- Symlinking: /home/walt/ws_moveit/install/xarm_planner/share/xarm_planner//launch/test_xarm_planner_client_pose.launch.py
-- Symlinking: /home/walt/ws_moveit/install/xarm_planner/share/xarm_planner//launch/uf850_planner_fake.launch.py
-- Symlinking: /home/walt/ws_moveit/install/xarm_planner/share/xarm_planner//launch/uf850_planner_gazebo.launch.py
-- Symlinking: /home/walt/ws_moveit/install/xarm_planner/share/xarm_planner//launch/uf850_planner_realmove.launch.py
-- Symlinking: /home/walt/ws_moveit/install/xarm_planner/share/xarm_planner//launch/xarm5_planner_fake.launch.py
-- Symlinking: /home/walt/ws_moveit/install/xarm_planner/share/xarm_planner//launch/xarm5_planner_gazebo.launch.py
-- Symlinking: /home/walt/ws_moveit/install/xarm_planner/share/xarm_planner//launch/xarm5_planner_realmove.launch.py
-- Symlinking: /home/walt/ws_moveit/install/xarm_planner/share/xarm_planner//launch/xarm6_planner_fake.launch.py
-- Symlinking: /home/walt/ws_moveit/install/xarm_planner/share/xarm_planner//launch/xarm6_planner_gazebo.launch.py
-- Symlinking: /home/walt/ws_moveit/install/xarm_planner/share/xarm_planner//launch/xarm6_planner_realmove.launch.py
-- Symlinking: /home/walt/ws_moveit/install/xarm_planner/share/xarm_planner//launch/xarm7_mirror_planner_fake.launch.py
-- Symlinking: /home/walt/ws_moveit/install/xarm_planner/share/xarm_planner//launch/xarm7_mirror_planner_gazebo.launch.py
-- Symlinking: /home/walt/ws_moveit/install/xarm_planner/share/xarm_planner//launch/xarm7_mirror_planner_realmove.launch.py
-- Symlinking: /home/walt/ws_moveit/install/xarm_planner/share/xarm_planner//launch/xarm7_planner_fake.launch.py
-- Symlinking: /home/walt/ws_moveit/install/xarm_planner/share/xarm_planner//launch/xarm7_planner_gazebo.launch.py
-- Symlinking: /home/walt/ws_moveit/install/xarm_planner/share/xarm_planner//launch/xarm7_planner_realmove.launch.py
-- Symlinking: /home/walt/ws_moveit/install/xarm_planner/share/ament_index/resource_index/package_run_dependencies/xarm_planner
-- Symlinking: /home/walt/ws_moveit/install/xarm_planner/share/ament_index/resource_index/parent_prefix_path/xarm_planner
-- Symlinking: /home/walt/ws_moveit/install/xarm_planner/share/xarm_planner/environment/ament_prefix_path.sh
-- Symlinking: /home/walt/ws_moveit/install/xarm_planner/share/xarm_planner/environment/ament_prefix_path.dsv
-- Symlinking: /home/walt/ws_moveit/install/xarm_planner/share/xarm_planner/environment/path.sh
-- Symlinking: /home/walt/ws_moveit/install/xarm_planner/share/xarm_planner/environment/path.dsv
-- Symlinking: /home/walt/ws_moveit/install/xarm_planner/share/xarm_planner/local_setup.bash
-- Symlinking: /home/walt/ws_moveit/install/xarm_planner/share/xarm_planner/local_setup.sh
-- Symlinking: /home/walt/ws_moveit/install/xarm_planner/share/xarm_planner/local_setup.zsh
-- Symlinking: /home/walt/ws_moveit/install/xarm_planner/share/xarm_planner/local_setup.dsv
-- Symlinking: /home/walt/ws_moveit/install/xarm_planner/share/xarm_planner/package.dsv
-- Symlinking: /home/walt/ws_moveit/install/xarm_planner/share/ament_index/resource_index/packages/xarm_planner
-- Symlinking: /home/walt/ws_moveit/install/xarm_planner/share/xarm_planner/cmake/xarm_plannerConfig.cmake
-- Symlinking: /home/walt/ws_moveit/install/xarm_planner/share/xarm_planner/cmake/xarm_plannerConfig-version.cmake
-- Symlinking: /home/walt/ws_moveit/install/xarm_planner/share/xarm_planner/package.xml
