-- The C compiler identification is GNU 13.3.0
-- The CXX compiler identification is GNU 13.3.0
-- Detecting C compiler ABI info
-- Detecting C compiler ABI info - done
-- Check for working C compiler: /usr/bin/cc - skipped
-- Detecting C compile features
-- Detecting C compile features - done
-- Detecting CXX compiler ABI info
-- Detecting CXX compiler ABI info - done
-- Check for working CXX compiler: /usr/bin/c++ - skipped
-- Detecting CXX compile features
-- Detecting CXX compile features - done
-- Found ament_cmake: 2.5.3 (/opt/ros/jazzy/share/ament_cmake/cmake)
-- Found Python3: /usr/bin/python3 (found version "3.12.3") found components: Interpreter 
-- Override CMake install command with custom implementation using symlinks instead of copying resources
-- Found ament_lint_auto: 0.17.1 (/opt/ros/jazzy/share/ament_lint_auto/cmake)
-- Found rclcpp: 28.1.6 (/opt/ros/jazzy/share/rclcpp/cmake)
-- Found rosidl_generator_c: 4.6.5 (/opt/ros/jazzy/share/rosidl_generator_c/cmake)
-- Found rosidl_generator_cpp: 4.6.5 (/opt/ros/jazzy/share/rosidl_generator_cpp/cmake)
-- Using all available rosidl_typesupport_c: rosidl_typesupport_fastrtps_c;rosidl_typesupport_introspection_c
-- Using all available rosidl_typesupport_cpp: rosidl_typesupport_fastrtps_cpp;rosidl_typesupport_introspection_cpp
-- Found rmw_implementation_cmake: 7.3.1 (/opt/ros/jazzy/share/rmw_implementation_cmake/cmake)
-- Found rmw_fastrtps_cpp: 8.4.1 (/opt/ros/jazzy/share/rmw_fastrtps_cpp/cmake)
-- Found OpenSSL: /usr/lib/x86_64-linux-gnu/libcrypto.so (found version "3.0.13")  
-- Found FastRTPS: /opt/ros/jazzy/include (Required is at least version "2.13") 
-- Using RMW implementation 'rmw_fastrtps_cpp' as default
-- Found rclcpp_action: 28.1.6 (/opt/ros/jazzy/share/rclcpp_action/cmake)
-- Found std_msgs: 5.3.5 (/opt/ros/jazzy/share/std_msgs/cmake)
-- Found sensor_msgs: 5.3.5 (/opt/ros/jazzy/share/sensor_msgs/cmake)
-- Found control_msgs: 5.3.0 (/opt/ros/jazzy/share/control_msgs/cmake)
-- Found xarm_msgs: 0.0.0 (/home/walt/ws_moveit/install/xarm_msgs/share/xarm_msgs/cmake)
-- Found xarm_sdk: 0.0.0 (/home/walt/ws_moveit/install/xarm_sdk/share/xarm_sdk/cmake)
-- Added test 'copyright' to check source files copyright and LICENSE
-- Added test 'cppcheck' to perform static code analysis on C / C++ code
-- Configured cppcheck include dirs: /home/walt/ws_moveit/src/xarm_ros2/xarm_api/include
-- Configured cppcheck exclude dirs and/or files: 
-- Added test 'cpplint' to check C / C++ code against the Google style
-- Configured cpplint exclude dirs and/or files: 
-- Added test 'flake8' to check Python code syntax and style conventions
-- Configured 'flake8' exclude dirs and/or files: 
-- Added test 'lint_cmake' to check CMake code style
-- Added test 'pep257' to check Python code against some of the docstring style conventions in PEP 257
-- Added test 'uncrustify' to check C / C++ code style
-- Configured uncrustify additional arguments: 
-- Added test 'xmllint' to check XML markup files
-- Configuring done (1.1s)
-- Generating done (0.0s)
-- Build files have been written to: /home/walt/ws_moveit/build/xarm_api
[  7%] [32mBuilding CXX object CMakeFiles/xarm_ros_driver.dir/src/xarm_driver_service.cpp.o[0m
[ 15%] [32mBuilding CXX object CMakeFiles/xarm_ros_driver.dir/src/xarm_driver.cpp.o[0m
[ 23%] [32mBuilding CXX object CMakeFiles/test_robot_states.dir/test/test_robot_states.cpp.o[0m
[ 30%] [32mBuilding CXX object CMakeFiles/xarm_ros_client.dir/src/xarm_ros_client.cpp.o[0m
[ 38%] [32m[1mLinking CXX executable test_robot_states[0m
[ 38%] Built target test_robot_states
[ 46%] [32m[1mLinking CXX shared library libxarm_ros_client.so[0m
[ 46%] Built target xarm_ros_client
[ 53%] [32mBuilding CXX object CMakeFiles/test_xarm_ros_client.dir/test/test_xarm_ros_client.cpp.o[0m
[ 61%] [32mBuilding CXX object CMakeFiles/test_xarm_velo_move.dir/test/test_xarm_velo_move.cpp.o[0m
[ 69%] [32m[1mLinking CXX shared library libxarm_ros_driver.so[0m
[ 76%] [32m[1mLinking CXX executable test_xarm_velo_move[0m
[ 84%] [32m[1mLinking CXX executable test_xarm_ros_client[0m
[ 84%] Built target test_xarm_velo_move
[ 84%] Built target test_xarm_ros_client
[ 84%] Built target xarm_ros_driver
[ 92%] [32mBuilding CXX object CMakeFiles/xarm_driver_node.dir/src/xarm_driver_node.cpp.o[0m
[100%] [32m[1mLinking CXX executable xarm_driver_node[0m
[100%] Built target xarm_driver_node
-- Install configuration: ""
-- Execute custom install script
-- Symlinking: /home/walt/ws_moveit/install/xarm_api/share/xarm_api/environment/library_path.sh
-- Symlinking: /home/walt/ws_moveit/install/xarm_api/share/xarm_api/environment/library_path.dsv
-- Symlinking: /home/walt/ws_moveit/install/xarm_api/include/xarm_api/visibility_control.h
-- Symlinking: /home/walt/ws_moveit/install/xarm_api/include/xarm_api/xarm_driver.h
-- Symlinking: /home/walt/ws_moveit/install/xarm_api/include/xarm_api/xarm_msgs.h
-- Symlinking: /home/walt/ws_moveit/install/xarm_api/include/xarm_api/xarm_ros_client.h
-- Symlinking: /home/walt/ws_moveit/install/xarm_api/lib/libxarm_ros_driver.so
-- Symlinking: /home/walt/ws_moveit/install/xarm_api/lib/libxarm_ros_client.so
-- Symlinking: /home/walt/ws_moveit/install/xarm_api/lib/xarm_api/xarm_driver_node
-- Symlinking: /home/walt/ws_moveit/install/xarm_api/lib/xarm_api/test_xarm_ros_client
-- Symlinking: /home/walt/ws_moveit/install/xarm_api/lib/xarm_api/test_xarm_velo_move
-- Symlinking: /home/walt/ws_moveit/install/xarm_api/lib/xarm_api/test_robot_states
-- Symlinking: /home/walt/ws_moveit/install/xarm_api/share/xarm_api//launch/_robot_driver.launch.py
-- Symlinking: /home/walt/ws_moveit/install/xarm_api/share/xarm_api//launch/lib/robot_api_lib.py
-- Symlinking: /home/walt/ws_moveit/install/xarm_api/share/xarm_api//launch/lite6_driver.launch.py
-- Symlinking: /home/walt/ws_moveit/install/xarm_api/share/xarm_api//launch/uf850_driver.launch.py
-- Symlinking: /home/walt/ws_moveit/install/xarm_api/share/xarm_api//launch/xarm5_driver.launch.py
-- Symlinking: /home/walt/ws_moveit/install/xarm_api/share/xarm_api//launch/xarm6_driver.launch.py
-- Symlinking: /home/walt/ws_moveit/install/xarm_api/share/xarm_api//launch/xarm7_driver.launch.py
-- Symlinking: /home/walt/ws_moveit/install/xarm_api/share/xarm_api//config/xarm_params.yaml
-- Symlinking: /home/walt/ws_moveit/install/xarm_api/share/ament_index/resource_index/package_run_dependencies/xarm_api
-- Symlinking: /home/walt/ws_moveit/install/xarm_api/share/ament_index/resource_index/parent_prefix_path/xarm_api
-- Symlinking: /home/walt/ws_moveit/install/xarm_api/share/xarm_api/environment/ament_prefix_path.sh
-- Symlinking: /home/walt/ws_moveit/install/xarm_api/share/xarm_api/environment/ament_prefix_path.dsv
-- Symlinking: /home/walt/ws_moveit/install/xarm_api/share/xarm_api/environment/path.sh
-- Symlinking: /home/walt/ws_moveit/install/xarm_api/share/xarm_api/environment/path.dsv
-- Symlinking: /home/walt/ws_moveit/install/xarm_api/share/xarm_api/local_setup.bash
-- Symlinking: /home/walt/ws_moveit/install/xarm_api/share/xarm_api/local_setup.sh
-- Symlinking: /home/walt/ws_moveit/install/xarm_api/share/xarm_api/local_setup.zsh
-- Symlinking: /home/walt/ws_moveit/install/xarm_api/share/xarm_api/local_setup.dsv
-- Symlinking: /home/walt/ws_moveit/install/xarm_api/share/xarm_api/package.dsv
-- Symlinking: /home/walt/ws_moveit/install/xarm_api/share/ament_index/resource_index/packages/xarm_api
-- Symlinking: /home/walt/ws_moveit/install/xarm_api/share/xarm_api/cmake/ament_cmake_export_libraries-extras.cmake
-- Symlinking: /home/walt/ws_moveit/install/xarm_api/share/xarm_api/cmake/ament_cmake_export_include_directories-extras.cmake
-- Symlinking: /home/walt/ws_moveit/install/xarm_api/share/xarm_api/cmake/xarm_apiConfig.cmake
-- Symlinking: /home/walt/ws_moveit/install/xarm_api/share/xarm_api/cmake/xarm_apiConfig-version.cmake
-- Symlinking: /home/walt/ws_moveit/install/xarm_api/share/xarm_api/package.xml
