[0.009s] Invoking command in '/home/walt/ws_moveit/build/xarm_api': AMENT_PREFIX_PATH=/home/walt/ws_moveit/install/xarm_sdk:/home/walt/ws_moveit/install/xarm_msgs:/home/walt/ws_moveit/install/xarm_description:${AMENT_PREFIX_PATH} CMAKE_PREFIX_PATH=/home/walt/ws_moveit/install/xarm_sdk:/home/walt/ws_moveit/install/xarm_msgs:/home/walt/ws_moveit/install/xarm_description:/home/walt/dev_ws/install/xarm_planner:/home/walt/dev_ws/install/xarm_moveit_servo:/home/walt/dev_ws/install/xarm_moveit_config:/home/walt/dev_ws/install/xarm_gazebo:/home/walt/dev_ws/install/xarm_controller:/home/walt/dev_ws/install/xarm_api:/home/walt/dev_ws/install/xarm_sdk:/home/walt/dev_ws/install/xarm_msgs:/home/walt/dev_ws/install/xarm_description:/home/walt/dev_ws/install/realsense_gazebo_plugin:/home/walt/dev_ws/install/mbot_demo:/opt/ros/jazzy/opt/gz_sim_vendor:/opt/ros/jazzy/opt/gz_sensors_vendor:/opt/ros/jazzy/opt/gz_physics_vendor:/opt/ros/jazzy/opt/sdformat_vendor:/opt/ros/jazzy/opt/gz_gui_vendor:/opt/ros/jazzy/opt/gz_transport_vendor:/opt/ros/jazzy/opt/gz_rendering_vendor:/opt/ros/jazzy/opt/gz_plugin_vendor:/opt/ros/jazzy/opt/gz_fuel_tools_vendor:/opt/ros/jazzy/opt/gz_msgs_vendor:/opt/ros/jazzy/opt/gz_common_vendor:/opt/ros/jazzy/opt/gz_tools_vendor:/opt/ros/jazzy/opt/gz_ogre_next_vendor:/opt/ros/jazzy/opt/gz_dartsim_vendor:/opt/ros/jazzy/opt/gz_math_vendor:/opt/ros/jazzy/opt/gz_utils_vendor:/opt/ros/jazzy/opt/gz_cmake_vendor:/home/walt/dev_ws/install/uf_ros_lib:/opt/ros/jazzy DEBUGINFOD_URLS=https://debuginfod.ubuntu.com LD_LIBRARY_PATH=/home/walt/ws_moveit/install/xarm_sdk/lib:/home/walt/ws_moveit/install/xarm_msgs/lib:${LD_LIBRARY_PATH} PYTHONPATH=/home/walt/ws_moveit/install/xarm_msgs/lib/python3.12/site-packages:${PYTHONPATH} /usr/bin/cmake /home/walt/ws_moveit/src/xarm_ros2/xarm_api -DAMENT_CMAKE_SYMLINK_INSTALL=1 -DCMAKE_INSTALL_PREFIX=/home/walt/ws_moveit/install/xarm_api
[0.066s] -- The C compiler identification is GNU 13.3.0
[0.124s] -- The CXX compiler identification is GNU 13.3.0
[0.139s] -- Detecting C compiler ABI info
[0.276s] -- Detecting C compiler ABI info - done
[0.287s] -- Check for working C compiler: /usr/bin/cc - skipped
[0.287s] -- Detecting C compile features
[0.287s] -- Detecting C compile features - done
[0.300s] -- Detecting CXX compiler ABI info
[0.407s] -- Detecting CXX compiler ABI info - done
[0.412s] -- Check for working CXX compiler: /usr/bin/c++ - skipped
[0.412s] -- Detecting CXX compile features
[0.413s] -- Detecting CXX compile features - done
[0.415s] -- Found ament_cmake: 2.5.3 (/opt/ros/jazzy/share/ament_cmake/cmake)
[0.565s] -- Found Python3: /usr/bin/python3 (found version "3.12.3") found components: Interpreter 
[0.617s] -- Override CMake install command with custom implementation using symlinks instead of copying resources
[0.644s] -- Found ament_lint_auto: 0.17.1 (/opt/ros/jazzy/share/ament_lint_auto/cmake)
[0.711s] -- Found rclcpp: 28.1.6 (/opt/ros/jazzy/share/rclcpp/cmake)
[0.737s] -- Found rosidl_generator_c: 4.6.5 (/opt/ros/jazzy/share/rosidl_generator_c/cmake)
[0.745s] -- Found rosidl_generator_cpp: 4.6.5 (/opt/ros/jazzy/share/rosidl_generator_cpp/cmake)
[0.755s] -- Using all available rosidl_typesupport_c: rosidl_typesupport_fastrtps_c;rosidl_typesupport_introspection_c
[0.765s] -- Using all available rosidl_typesupport_cpp: rosidl_typesupport_fastrtps_cpp;rosidl_typesupport_introspection_cpp
[0.808s] -- Found rmw_implementation_cmake: 7.3.1 (/opt/ros/jazzy/share/rmw_implementation_cmake/cmake)
[0.811s] -- Found rmw_fastrtps_cpp: 8.4.1 (/opt/ros/jazzy/share/rmw_fastrtps_cpp/cmake)
[0.893s] -- Found OpenSSL: /usr/lib/x86_64-linux-gnu/libcrypto.so (found version "3.0.13")  
[0.923s] -- Found FastRTPS: /opt/ros/jazzy/include (Required is at least version "2.13") 
[0.946s] -- Using RMW implementation 'rmw_fastrtps_cpp' as default
[0.990s] -- Found rclcpp_action: 28.1.6 (/opt/ros/jazzy/share/rclcpp_action/cmake)
[1.014s] -- Found std_msgs: 5.3.5 (/opt/ros/jazzy/share/std_msgs/cmake)
[1.022s] -- Found sensor_msgs: 5.3.5 (/opt/ros/jazzy/share/sensor_msgs/cmake)
[1.043s] -- Found control_msgs: 5.3.0 (/opt/ros/jazzy/share/control_msgs/cmake)
[1.074s] -- Found xarm_msgs: 0.0.0 (/home/walt/ws_moveit/install/xarm_msgs/share/xarm_msgs/cmake)
[1.104s] -- Found xarm_sdk: 0.0.0 (/home/walt/ws_moveit/install/xarm_sdk/share/xarm_sdk/cmake)
[1.120s] -- Added test 'copyright' to check source files copyright and LICENSE
[1.120s] -- Added test 'cppcheck' to perform static code analysis on C / C++ code
[1.121s] -- Configured cppcheck include dirs: /home/walt/ws_moveit/src/xarm_ros2/xarm_api/include
[1.121s] -- Configured cppcheck exclude dirs and/or files: 
[1.121s] -- Added test 'cpplint' to check C / C++ code against the Google style
[1.121s] -- Configured cpplint exclude dirs and/or files: 
[1.122s] -- Added test 'flake8' to check Python code syntax and style conventions
[1.122s] -- Configured 'flake8' exclude dirs and/or files: 
[1.122s] -- Added test 'lint_cmake' to check CMake code style
[1.123s] -- Added test 'pep257' to check Python code against some of the docstring style conventions in PEP 257
[1.124s] -- Added test 'uncrustify' to check C / C++ code style
[1.124s] -- Configured uncrustify additional arguments: 
[1.124s] -- Added test 'xmllint' to check XML markup files
[1.126s] -- Configuring done (1.1s)
[1.145s] -- Generating done (0.0s)
[1.150s] -- Build files have been written to: /home/walt/ws_moveit/build/xarm_api
[1.155s] Invoked command in '/home/walt/ws_moveit/build/xarm_api' returned '0': AMENT_PREFIX_PATH=/home/walt/ws_moveit/install/xarm_sdk:/home/walt/ws_moveit/install/xarm_msgs:/home/walt/ws_moveit/install/xarm_description:${AMENT_PREFIX_PATH} CMAKE_PREFIX_PATH=/home/walt/ws_moveit/install/xarm_sdk:/home/walt/ws_moveit/install/xarm_msgs:/home/walt/ws_moveit/install/xarm_description:/home/walt/dev_ws/install/xarm_planner:/home/walt/dev_ws/install/xarm_moveit_servo:/home/walt/dev_ws/install/xarm_moveit_config:/home/walt/dev_ws/install/xarm_gazebo:/home/walt/dev_ws/install/xarm_controller:/home/walt/dev_ws/install/xarm_api:/home/walt/dev_ws/install/xarm_sdk:/home/walt/dev_ws/install/xarm_msgs:/home/walt/dev_ws/install/xarm_description:/home/walt/dev_ws/install/realsense_gazebo_plugin:/home/walt/dev_ws/install/mbot_demo:/opt/ros/jazzy/opt/gz_sim_vendor:/opt/ros/jazzy/opt/gz_sensors_vendor:/opt/ros/jazzy/opt/gz_physics_vendor:/opt/ros/jazzy/opt/sdformat_vendor:/opt/ros/jazzy/opt/gz_gui_vendor:/opt/ros/jazzy/opt/gz_transport_vendor:/opt/ros/jazzy/opt/gz_rendering_vendor:/opt/ros/jazzy/opt/gz_plugin_vendor:/opt/ros/jazzy/opt/gz_fuel_tools_vendor:/opt/ros/jazzy/opt/gz_msgs_vendor:/opt/ros/jazzy/opt/gz_common_vendor:/opt/ros/jazzy/opt/gz_tools_vendor:/opt/ros/jazzy/opt/gz_ogre_next_vendor:/opt/ros/jazzy/opt/gz_dartsim_vendor:/opt/ros/jazzy/opt/gz_math_vendor:/opt/ros/jazzy/opt/gz_utils_vendor:/opt/ros/jazzy/opt/gz_cmake_vendor:/home/walt/dev_ws/install/uf_ros_lib:/opt/ros/jazzy DEBUGINFOD_URLS=https://debuginfod.ubuntu.com LD_LIBRARY_PATH=/home/walt/ws_moveit/install/xarm_sdk/lib:/home/walt/ws_moveit/install/xarm_msgs/lib:${LD_LIBRARY_PATH} PYTHONPATH=/home/walt/ws_moveit/install/xarm_msgs/lib/python3.12/site-packages:${PYTHONPATH} /usr/bin/cmake /home/walt/ws_moveit/src/xarm_ros2/xarm_api -DAMENT_CMAKE_SYMLINK_INSTALL=1 -DCMAKE_INSTALL_PREFIX=/home/walt/ws_moveit/install/xarm_api
[1.156s] Invoking command in '/home/walt/ws_moveit/build/xarm_api': AMENT_PREFIX_PATH=/home/walt/ws_moveit/install/xarm_sdk:/home/walt/ws_moveit/install/xarm_msgs:/home/walt/ws_moveit/install/xarm_description:${AMENT_PREFIX_PATH} CMAKE_PREFIX_PATH=/home/walt/ws_moveit/install/xarm_sdk:/home/walt/ws_moveit/install/xarm_msgs:/home/walt/ws_moveit/install/xarm_description:/home/walt/dev_ws/install/xarm_planner:/home/walt/dev_ws/install/xarm_moveit_servo:/home/walt/dev_ws/install/xarm_moveit_config:/home/walt/dev_ws/install/xarm_gazebo:/home/walt/dev_ws/install/xarm_controller:/home/walt/dev_ws/install/xarm_api:/home/walt/dev_ws/install/xarm_sdk:/home/walt/dev_ws/install/xarm_msgs:/home/walt/dev_ws/install/xarm_description:/home/walt/dev_ws/install/realsense_gazebo_plugin:/home/walt/dev_ws/install/mbot_demo:/opt/ros/jazzy/opt/gz_sim_vendor:/opt/ros/jazzy/opt/gz_sensors_vendor:/opt/ros/jazzy/opt/gz_physics_vendor:/opt/ros/jazzy/opt/sdformat_vendor:/opt/ros/jazzy/opt/gz_gui_vendor:/opt/ros/jazzy/opt/gz_transport_vendor:/opt/ros/jazzy/opt/gz_rendering_vendor:/opt/ros/jazzy/opt/gz_plugin_vendor:/opt/ros/jazzy/opt/gz_fuel_tools_vendor:/opt/ros/jazzy/opt/gz_msgs_vendor:/opt/ros/jazzy/opt/gz_common_vendor:/opt/ros/jazzy/opt/gz_tools_vendor:/opt/ros/jazzy/opt/gz_ogre_next_vendor:/opt/ros/jazzy/opt/gz_dartsim_vendor:/opt/ros/jazzy/opt/gz_math_vendor:/opt/ros/jazzy/opt/gz_utils_vendor:/opt/ros/jazzy/opt/gz_cmake_vendor:/home/walt/dev_ws/install/uf_ros_lib:/opt/ros/jazzy DEBUGINFOD_URLS=https://debuginfod.ubuntu.com LD_LIBRARY_PATH=/home/walt/ws_moveit/install/xarm_sdk/lib:/home/walt/ws_moveit/install/xarm_msgs/lib:${LD_LIBRARY_PATH} PYTHONPATH=/home/walt/ws_moveit/install/xarm_msgs/lib/python3.12/site-packages:${PYTHONPATH} /usr/bin/cmake --build /home/walt/ws_moveit/build/xarm_api -- -j32 -l32
[1.208s] [  7%] [32mBuilding CXX object CMakeFiles/xarm_ros_driver.dir/src/xarm_driver_service.cpp.o[0m
[1.210s] [ 15%] [32mBuilding CXX object CMakeFiles/xarm_ros_driver.dir/src/xarm_driver.cpp.o[0m
[1.210s] [ 23%] [32mBuilding CXX object CMakeFiles/test_robot_states.dir/test/test_robot_states.cpp.o[0m
[1.210s] [ 30%] [32mBuilding CXX object CMakeFiles/xarm_ros_client.dir/src/xarm_ros_client.cpp.o[0m
[7.897s] [ 38%] [32m[1mLinking CXX executable test_robot_states[0m
[8.162s] [ 38%] Built target test_robot_states
[13.188s] [ 46%] [32m[1mLinking CXX shared library libxarm_ros_client.so[0m
[13.685s] [ 46%] Built target xarm_ros_client
[13.701s] [ 53%] [32mBuilding CXX object CMakeFiles/test_xarm_ros_client.dir/test/test_xarm_ros_client.cpp.o[0m
[13.701s] [ 61%] [32mBuilding CXX object CMakeFiles/test_xarm_velo_move.dir/test/test_xarm_velo_move.cpp.o[0m
[15.755s] [ 69%] [32m[1mLinking CXX shared library libxarm_ros_driver.so[0m
[16.103s] [ 76%] [32m[1mLinking CXX executable test_xarm_velo_move[0m
[16.129s] [ 84%] [32m[1mLinking CXX executable test_xarm_ros_client[0m
[16.429s] [ 84%] Built target test_xarm_velo_move
[16.431s] [ 84%] Built target test_xarm_ros_client
[16.566s] [ 84%] Built target xarm_ros_driver
[16.585s] [ 92%] [32mBuilding CXX object CMakeFiles/xarm_driver_node.dir/src/xarm_driver_node.cpp.o[0m
[19.125s] [100%] [32m[1mLinking CXX executable xarm_driver_node[0m
[19.463s] [100%] Built target xarm_driver_node
[19.472s] Invoked command in '/home/walt/ws_moveit/build/xarm_api' returned '0': AMENT_PREFIX_PATH=/home/walt/ws_moveit/install/xarm_sdk:/home/walt/ws_moveit/install/xarm_msgs:/home/walt/ws_moveit/install/xarm_description:${AMENT_PREFIX_PATH} CMAKE_PREFIX_PATH=/home/walt/ws_moveit/install/xarm_sdk:/home/walt/ws_moveit/install/xarm_msgs:/home/walt/ws_moveit/install/xarm_description:/home/walt/dev_ws/install/xarm_planner:/home/walt/dev_ws/install/xarm_moveit_servo:/home/walt/dev_ws/install/xarm_moveit_config:/home/walt/dev_ws/install/xarm_gazebo:/home/walt/dev_ws/install/xarm_controller:/home/walt/dev_ws/install/xarm_api:/home/walt/dev_ws/install/xarm_sdk:/home/walt/dev_ws/install/xarm_msgs:/home/walt/dev_ws/install/xarm_description:/home/walt/dev_ws/install/realsense_gazebo_plugin:/home/walt/dev_ws/install/mbot_demo:/opt/ros/jazzy/opt/gz_sim_vendor:/opt/ros/jazzy/opt/gz_sensors_vendor:/opt/ros/jazzy/opt/gz_physics_vendor:/opt/ros/jazzy/opt/sdformat_vendor:/opt/ros/jazzy/opt/gz_gui_vendor:/opt/ros/jazzy/opt/gz_transport_vendor:/opt/ros/jazzy/opt/gz_rendering_vendor:/opt/ros/jazzy/opt/gz_plugin_vendor:/opt/ros/jazzy/opt/gz_fuel_tools_vendor:/opt/ros/jazzy/opt/gz_msgs_vendor:/opt/ros/jazzy/opt/gz_common_vendor:/opt/ros/jazzy/opt/gz_tools_vendor:/opt/ros/jazzy/opt/gz_ogre_next_vendor:/opt/ros/jazzy/opt/gz_dartsim_vendor:/opt/ros/jazzy/opt/gz_math_vendor:/opt/ros/jazzy/opt/gz_utils_vendor:/opt/ros/jazzy/opt/gz_cmake_vendor:/home/walt/dev_ws/install/uf_ros_lib:/opt/ros/jazzy DEBUGINFOD_URLS=https://debuginfod.ubuntu.com LD_LIBRARY_PATH=/home/walt/ws_moveit/install/xarm_sdk/lib:/home/walt/ws_moveit/install/xarm_msgs/lib:${LD_LIBRARY_PATH} PYTHONPATH=/home/walt/ws_moveit/install/xarm_msgs/lib/python3.12/site-packages:${PYTHONPATH} /usr/bin/cmake --build /home/walt/ws_moveit/build/xarm_api -- -j32 -l32
[19.473s] Invoking command in '/home/walt/ws_moveit/build/xarm_api': AMENT_PREFIX_PATH=/home/walt/ws_moveit/install/xarm_sdk:/home/walt/ws_moveit/install/xarm_msgs:/home/walt/ws_moveit/install/xarm_description:${AMENT_PREFIX_PATH} CMAKE_PREFIX_PATH=/home/walt/ws_moveit/install/xarm_sdk:/home/walt/ws_moveit/install/xarm_msgs:/home/walt/ws_moveit/install/xarm_description:/home/walt/dev_ws/install/xarm_planner:/home/walt/dev_ws/install/xarm_moveit_servo:/home/walt/dev_ws/install/xarm_moveit_config:/home/walt/dev_ws/install/xarm_gazebo:/home/walt/dev_ws/install/xarm_controller:/home/walt/dev_ws/install/xarm_api:/home/walt/dev_ws/install/xarm_sdk:/home/walt/dev_ws/install/xarm_msgs:/home/walt/dev_ws/install/xarm_description:/home/walt/dev_ws/install/realsense_gazebo_plugin:/home/walt/dev_ws/install/mbot_demo:/opt/ros/jazzy/opt/gz_sim_vendor:/opt/ros/jazzy/opt/gz_sensors_vendor:/opt/ros/jazzy/opt/gz_physics_vendor:/opt/ros/jazzy/opt/sdformat_vendor:/opt/ros/jazzy/opt/gz_gui_vendor:/opt/ros/jazzy/opt/gz_transport_vendor:/opt/ros/jazzy/opt/gz_rendering_vendor:/opt/ros/jazzy/opt/gz_plugin_vendor:/opt/ros/jazzy/opt/gz_fuel_tools_vendor:/opt/ros/jazzy/opt/gz_msgs_vendor:/opt/ros/jazzy/opt/gz_common_vendor:/opt/ros/jazzy/opt/gz_tools_vendor:/opt/ros/jazzy/opt/gz_ogre_next_vendor:/opt/ros/jazzy/opt/gz_dartsim_vendor:/opt/ros/jazzy/opt/gz_math_vendor:/opt/ros/jazzy/opt/gz_utils_vendor:/opt/ros/jazzy/opt/gz_cmake_vendor:/home/walt/dev_ws/install/uf_ros_lib:/opt/ros/jazzy DEBUGINFOD_URLS=https://debuginfod.ubuntu.com LD_LIBRARY_PATH=/home/walt/ws_moveit/install/xarm_sdk/lib:/home/walt/ws_moveit/install/xarm_msgs/lib:${LD_LIBRARY_PATH} PYTHONPATH=/home/walt/ws_moveit/install/xarm_msgs/lib/python3.12/site-packages:${PYTHONPATH} /usr/bin/cmake --install /home/walt/ws_moveit/build/xarm_api
[19.478s] -- Install configuration: ""
[19.479s] -- Execute custom install script
[19.479s] -- Symlinking: /home/walt/ws_moveit/install/xarm_api/share/xarm_api/environment/library_path.sh
[19.492s] -- Symlinking: /home/walt/ws_moveit/install/xarm_api/share/xarm_api/environment/library_path.dsv
[19.503s] -- Symlinking: /home/walt/ws_moveit/install/xarm_api/include/xarm_api/visibility_control.h
[19.516s] -- Symlinking: /home/walt/ws_moveit/install/xarm_api/include/xarm_api/xarm_driver.h
[19.527s] -- Symlinking: /home/walt/ws_moveit/install/xarm_api/include/xarm_api/xarm_msgs.h
[19.541s] -- Symlinking: /home/walt/ws_moveit/install/xarm_api/include/xarm_api/xarm_ros_client.h
[19.553s] -- Symlinking: /home/walt/ws_moveit/install/xarm_api/lib/libxarm_ros_driver.so
[19.565s] -- Symlinking: /home/walt/ws_moveit/install/xarm_api/lib/libxarm_ros_client.so
[19.582s] -- Symlinking: /home/walt/ws_moveit/install/xarm_api/lib/xarm_api/xarm_driver_node
[19.595s] -- Symlinking: /home/walt/ws_moveit/install/xarm_api/lib/xarm_api/test_xarm_ros_client
[19.610s] -- Symlinking: /home/walt/ws_moveit/install/xarm_api/lib/xarm_api/test_xarm_velo_move
[19.624s] -- Symlinking: /home/walt/ws_moveit/install/xarm_api/lib/xarm_api/test_robot_states
[19.634s] -- Symlinking: /home/walt/ws_moveit/install/xarm_api/share/xarm_api//launch/_robot_driver.launch.py
[19.647s] -- Symlinking: /home/walt/ws_moveit/install/xarm_api/share/xarm_api//launch/lib/robot_api_lib.py
[19.662s] -- Symlinking: /home/walt/ws_moveit/install/xarm_api/share/xarm_api//launch/lite6_driver.launch.py
[19.678s] -- Symlinking: /home/walt/ws_moveit/install/xarm_api/share/xarm_api//launch/uf850_driver.launch.py
[19.694s] -- Symlinking: /home/walt/ws_moveit/install/xarm_api/share/xarm_api//launch/xarm5_driver.launch.py
[19.707s] -- Symlinking: /home/walt/ws_moveit/install/xarm_api/share/xarm_api//launch/xarm6_driver.launch.py
[19.717s] -- Symlinking: /home/walt/ws_moveit/install/xarm_api/share/xarm_api//launch/xarm7_driver.launch.py
[19.723s] -- Symlinking: /home/walt/ws_moveit/install/xarm_api/share/xarm_api//config/xarm_params.yaml
[19.736s] -- Symlinking: /home/walt/ws_moveit/install/xarm_api/share/ament_index/resource_index/package_run_dependencies/xarm_api
[19.751s] -- Symlinking: /home/walt/ws_moveit/install/xarm_api/share/ament_index/resource_index/parent_prefix_path/xarm_api
[19.766s] -- Symlinking: /home/walt/ws_moveit/install/xarm_api/share/xarm_api/environment/ament_prefix_path.sh
[19.778s] -- Symlinking: /home/walt/ws_moveit/install/xarm_api/share/xarm_api/environment/ament_prefix_path.dsv
[19.790s] -- Symlinking: /home/walt/ws_moveit/install/xarm_api/share/xarm_api/environment/path.sh
[19.801s] -- Symlinking: /home/walt/ws_moveit/install/xarm_api/share/xarm_api/environment/path.dsv
[19.812s] -- Symlinking: /home/walt/ws_moveit/install/xarm_api/share/xarm_api/local_setup.bash
[19.817s] -- Symlinking: /home/walt/ws_moveit/install/xarm_api/share/xarm_api/local_setup.sh
[19.823s] -- Symlinking: /home/walt/ws_moveit/install/xarm_api/share/xarm_api/local_setup.zsh
[19.828s] -- Symlinking: /home/walt/ws_moveit/install/xarm_api/share/xarm_api/local_setup.dsv
[19.834s] -- Symlinking: /home/walt/ws_moveit/install/xarm_api/share/xarm_api/package.dsv
[19.839s] -- Symlinking: /home/walt/ws_moveit/install/xarm_api/share/ament_index/resource_index/packages/xarm_api
[19.843s] -- Symlinking: /home/walt/ws_moveit/install/xarm_api/share/xarm_api/cmake/ament_cmake_export_libraries-extras.cmake
[19.848s] -- Symlinking: /home/walt/ws_moveit/install/xarm_api/share/xarm_api/cmake/ament_cmake_export_include_directories-extras.cmake
[19.854s] -- Symlinking: /home/walt/ws_moveit/install/xarm_api/share/xarm_api/cmake/xarm_apiConfig.cmake
[19.860s] -- Symlinking: /home/walt/ws_moveit/install/xarm_api/share/xarm_api/cmake/xarm_apiConfig-version.cmake
[19.864s] -- Symlinking: /home/walt/ws_moveit/install/xarm_api/share/xarm_api/package.xml
[19.870s] Invoked command in '/home/walt/ws_moveit/build/xarm_api' returned '0': AMENT_PREFIX_PATH=/home/walt/ws_moveit/install/xarm_sdk:/home/walt/ws_moveit/install/xarm_msgs:/home/walt/ws_moveit/install/xarm_description:${AMENT_PREFIX_PATH} CMAKE_PREFIX_PATH=/home/walt/ws_moveit/install/xarm_sdk:/home/walt/ws_moveit/install/xarm_msgs:/home/walt/ws_moveit/install/xarm_description:/home/walt/dev_ws/install/xarm_planner:/home/walt/dev_ws/install/xarm_moveit_servo:/home/walt/dev_ws/install/xarm_moveit_config:/home/walt/dev_ws/install/xarm_gazebo:/home/walt/dev_ws/install/xarm_controller:/home/walt/dev_ws/install/xarm_api:/home/walt/dev_ws/install/xarm_sdk:/home/walt/dev_ws/install/xarm_msgs:/home/walt/dev_ws/install/xarm_description:/home/walt/dev_ws/install/realsense_gazebo_plugin:/home/walt/dev_ws/install/mbot_demo:/opt/ros/jazzy/opt/gz_sim_vendor:/opt/ros/jazzy/opt/gz_sensors_vendor:/opt/ros/jazzy/opt/gz_physics_vendor:/opt/ros/jazzy/opt/sdformat_vendor:/opt/ros/jazzy/opt/gz_gui_vendor:/opt/ros/jazzy/opt/gz_transport_vendor:/opt/ros/jazzy/opt/gz_rendering_vendor:/opt/ros/jazzy/opt/gz_plugin_vendor:/opt/ros/jazzy/opt/gz_fuel_tools_vendor:/opt/ros/jazzy/opt/gz_msgs_vendor:/opt/ros/jazzy/opt/gz_common_vendor:/opt/ros/jazzy/opt/gz_tools_vendor:/opt/ros/jazzy/opt/gz_ogre_next_vendor:/opt/ros/jazzy/opt/gz_dartsim_vendor:/opt/ros/jazzy/opt/gz_math_vendor:/opt/ros/jazzy/opt/gz_utils_vendor:/opt/ros/jazzy/opt/gz_cmake_vendor:/home/walt/dev_ws/install/uf_ros_lib:/opt/ros/jazzy DEBUGINFOD_URLS=https://debuginfod.ubuntu.com LD_LIBRARY_PATH=/home/walt/ws_moveit/install/xarm_sdk/lib:/home/walt/ws_moveit/install/xarm_msgs/lib:${LD_LIBRARY_PATH} PYTHONPATH=/home/walt/ws_moveit/install/xarm_msgs/lib/python3.12/site-packages:${PYTHONPATH} /usr/bin/cmake --install /home/walt/ws_moveit/build/xarm_api
