-- The C compiler identification is GNU 13.3.0
-- The CXX compiler identification is GNU 13.3.0
-- Detecting C compiler ABI info
-- Detecting C compiler ABI info - done
-- Check for working C compiler: /usr/bin/cc - skipped
-- Detecting C compile features
-- Detecting C compile features - done
-- Detecting CXX compiler ABI info
-- Detecting CXX compiler ABI info - done
-- Check for working CXX compiler: /usr/bin/c++ - skipped
-- Detecting CXX compile features
-- Detecting CXX compile features - done
-- Found ament_cmake: 2.5.3 (/opt/ros/jazzy/share/ament_cmake/cmake)
-- Found Python3: /usr/bin/python3 (found version "3.12.3") found components: Interpreter 
-- Override CMake install command with custom implementation using symlinks instead of copying resources
-- Found ament_lint_auto: 0.17.1 (/opt/ros/jazzy/share/ament_lint_auto/cmake)
-- Found hardware_interface: 4.27.0 (/opt/ros/jazzy/share/hardware_interface/cmake)
-- Found rosidl_generator_c: 4.6.5 (/opt/ros/jazzy/share/rosidl_generator_c/cmake)
-- Found rosidl_generator_cpp: 4.6.5 (/opt/ros/jazzy/share/rosidl_generator_cpp/cmake)
-- Using all available rosidl_typesupport_c: rosidl_typesupport_fastrtps_c;rosidl_typesupport_introspection_c
-- Using all available rosidl_typesupport_cpp: rosidl_typesupport_fastrtps_cpp;rosidl_typesupport_introspection_cpp
-- Found TinyXML2 via Config file: /usr/lib/x86_64-linux-gnu/cmake/tinyxml2
-- Found rmw_implementation_cmake: 7.3.1 (/opt/ros/jazzy/share/rmw_implementation_cmake/cmake)
-- Found rmw_fastrtps_cpp: 8.4.1 (/opt/ros/jazzy/share/rmw_fastrtps_cpp/cmake)
-- Found TinyXML2 via Config file: /usr/lib/x86_64-linux-gnu/cmake/tinyxml2
-- Found OpenSSL: /usr/lib/x86_64-linux-gnu/libcrypto.so (found version "3.0.13")  
-- Found TinyXML2 via Config file: /usr/lib/x86_64-linux-gnu/cmake/tinyxml2
-- Found FastRTPS: /opt/ros/jazzy/include (Required is at least version "2.13") 
-- Found TinyXML2 via Config file: /usr/lib/x86_64-linux-gnu/cmake/tinyxml2
-- Found TinyXML2 via Config file: /usr/lib/x86_64-linux-gnu/cmake/tinyxml2
-- Using RMW implementation 'rmw_fastrtps_cpp' as default
-- Found controller_manager_msgs: 4.27.0 (/opt/ros/jazzy/share/controller_manager_msgs/cmake)
-- Found xarm_msgs: 0.0.0 (/home/walt/ws_moveit/install/xarm_msgs/share/xarm_msgs/cmake)
-- Found xarm_api: 0.0.0 (/home/walt/ws_moveit/install/xarm_api/share/xarm_api/cmake)
-- Found xarm_sdk: 0.0.0 (/home/walt/ws_moveit/install/xarm_sdk/share/xarm_sdk/cmake)
-- Added test 'copyright' to check source files copyright and LICENSE
-- Added test 'cppcheck' to perform static code analysis on C / C++ code
-- Configured cppcheck include dirs: /home/walt/ws_moveit/src/xarm_ros2/xarm_controller/include
-- Configured cppcheck exclude dirs and/or files: 
-- Added test 'cpplint' to check C / C++ code against the Google style
-- Configured cpplint exclude dirs and/or files: 
-- Added test 'flake8' to check Python code syntax and style conventions
-- Configured 'flake8' exclude dirs and/or files: 
-- Added test 'lint_cmake' to check CMake code style
-- Added test 'pep257' to check Python code against some of the docstring style conventions in PEP 257
-- Added test 'uncrustify' to check C / C++ code style
-- Configured uncrustify additional arguments: 
-- Added test 'xmllint' to check XML markup files
-- Configuring done (1.1s)
-- Generating done (0.0s)
-- Build files have been written to: /home/walt/ws_moveit/build/xarm_controller
[ 33%] [32mBuilding CXX object CMakeFiles/uf_robot_hardware.dir/src/hardware/uf_robot_fake_system_hardware.cpp.o[0m
[ 66%] [32mBuilding CXX object CMakeFiles/uf_robot_hardware.dir/src/hardware/uf_robot_system_hardware.cpp.o[0m
[100%] [32m[1mLinking CXX shared library libuf_robot_hardware.so[0m
[100%] Built target uf_robot_hardware
-- Install configuration: ""
-- Execute custom install script
-- Symlinking: /home/walt/ws_moveit/install/xarm_controller/share/xarm_controller//uf_hardware_interface_plugins.xml
-- Symlinking: /home/walt/ws_moveit/install/xarm_controller/include/xarm_controller/hardware/uf_robot_fake_system_hardware.h
-- Symlinking: /home/walt/ws_moveit/install/xarm_controller/include/xarm_controller/hardware/uf_robot_system_hardware.h
-- Symlinking: /home/walt/ws_moveit/install/xarm_controller/lib/libuf_robot_hardware.so
-- Symlinking: /home/walt/ws_moveit/install/xarm_controller/share/xarm_controller//launch/_dual_ros2_control.launch.py
-- Symlinking: /home/walt/ws_moveit/install/xarm_controller/share/xarm_controller//launch/_robot_ros2_control.launch.py
-- Symlinking: /home/walt/ws_moveit/install/xarm_controller/share/xarm_controller//launch/_ros2_control.launch.py
-- Symlinking: /home/walt/ws_moveit/install/xarm_controller/share/xarm_controller//launch/lib/robot_controller_lib.py
-- Symlinking: /home/walt/ws_moveit/install/xarm_controller/share/xarm_controller//launch/lite6_control_rviz_display.launch.py
-- Symlinking: /home/walt/ws_moveit/install/xarm_controller/share/xarm_controller//launch/uf850_control_rviz_display.launch.py
-- Symlinking: /home/walt/ws_moveit/install/xarm_controller/share/xarm_controller//launch/xarm5_control_rviz_display.launch.py
-- Symlinking: /home/walt/ws_moveit/install/xarm_controller/share/xarm_controller//launch/xarm6_control_rviz_display.launch.py
-- Symlinking: /home/walt/ws_moveit/install/xarm_controller/share/xarm_controller//launch/xarm7_control_rviz_display.launch.py
-- Symlinking: /home/walt/ws_moveit/install/xarm_controller/share/xarm_controller//launch/xarm7_mirror_control_rviz_display.launch.py
-- Symlinking: /home/walt/ws_moveit/install/xarm_controller/share/xarm_controller//config/bio_gripper_controllers.yaml
-- Symlinking: /home/walt/ws_moveit/install/xarm_controller/share/xarm_controller//config/lite6_controllers.yaml
-- Symlinking: /home/walt/ws_moveit/install/xarm_controller/share/xarm_controller//config/uf850_controllers.yaml
-- Symlinking: /home/walt/ws_moveit/install/xarm_controller/share/xarm_controller//config/uf850_gripper_controllers.yaml
-- Symlinking: /home/walt/ws_moveit/install/xarm_controller/share/xarm_controller//config/xarm5_controllers.yaml
-- Symlinking: /home/walt/ws_moveit/install/xarm_controller/share/xarm_controller//config/xarm6_controllers.yaml
-- Symlinking: /home/walt/ws_moveit/install/xarm_controller/share/xarm_controller//config/xarm7_controllers.yaml
-- Symlinking: /home/walt/ws_moveit/install/xarm_controller/share/xarm_controller//config/xarm7_mirror_controllers.yaml
-- Symlinking: /home/walt/ws_moveit/install/xarm_controller/share/xarm_controller//config/xarm7_mirror_gripper_controllers.yaml
-- Symlinking: /home/walt/ws_moveit/install/xarm_controller/share/xarm_controller//config/xarm_gripper_controllers.yaml
-- Symlinking: /home/walt/ws_moveit/install/xarm_controller/share/xarm_controller/environment/library_path.sh
-- Symlinking: /home/walt/ws_moveit/install/xarm_controller/share/xarm_controller/environment/library_path.dsv
-- Symlinking: /home/walt/ws_moveit/install/xarm_controller/share/ament_index/resource_index/package_run_dependencies/xarm_controller
-- Symlinking: /home/walt/ws_moveit/install/xarm_controller/share/ament_index/resource_index/parent_prefix_path/xarm_controller
-- Symlinking: /home/walt/ws_moveit/install/xarm_controller/share/xarm_controller/environment/ament_prefix_path.sh
-- Symlinking: /home/walt/ws_moveit/install/xarm_controller/share/xarm_controller/environment/ament_prefix_path.dsv
-- Symlinking: /home/walt/ws_moveit/install/xarm_controller/share/xarm_controller/environment/path.sh
-- Symlinking: /home/walt/ws_moveit/install/xarm_controller/share/xarm_controller/environment/path.dsv
-- Symlinking: /home/walt/ws_moveit/install/xarm_controller/share/xarm_controller/local_setup.bash
-- Symlinking: /home/walt/ws_moveit/install/xarm_controller/share/xarm_controller/local_setup.sh
-- Symlinking: /home/walt/ws_moveit/install/xarm_controller/share/xarm_controller/local_setup.zsh
-- Symlinking: /home/walt/ws_moveit/install/xarm_controller/share/xarm_controller/local_setup.dsv
-- Symlinking: /home/walt/ws_moveit/install/xarm_controller/share/xarm_controller/package.dsv
-- Symlinking: /home/walt/ws_moveit/install/xarm_controller/share/ament_index/resource_index/packages/xarm_controller
-- Symlinking: /home/walt/ws_moveit/install/xarm_controller/share/ament_index/resource_index/hardware_interface__pluginlib__plugin/xarm_controller
-- Symlinking: /home/walt/ws_moveit/install/xarm_controller/share/xarm_controller/cmake/ament_cmake_export_include_directories-extras.cmake
-- Symlinking: /home/walt/ws_moveit/install/xarm_controller/share/xarm_controller/cmake/ament_cmake_export_libraries-extras.cmake
-- Symlinking: /home/walt/ws_moveit/install/xarm_controller/share/xarm_controller/cmake/ament_cmake_export_dependencies-extras.cmake
-- Symlinking: /home/walt/ws_moveit/install/xarm_controller/share/xarm_controller/cmake/xarm_controllerConfig.cmake
-- Symlinking: /home/walt/ws_moveit/install/xarm_controller/share/xarm_controller/cmake/xarm_controllerConfig-version.cmake
-- Symlinking: /home/walt/ws_moveit/install/xarm_controller/share/xarm_controller/package.xml
