[0.009s] Invoking command in '/home/walt/ws_moveit/build/xarm_controller': AMENT_PREFIX_PATH=/home/walt/ws_moveit/install/xarm_api:/home/walt/ws_moveit/install/xarm_sdk:/home/walt/ws_moveit/install/xarm_msgs:/home/walt/ws_moveit/install/xarm_description:${AMENT_PREFIX_PATH} CMAKE_PREFIX_PATH=/home/walt/ws_moveit/install/xarm_api:/home/walt/ws_moveit/install/xarm_sdk:/home/walt/ws_moveit/install/xarm_msgs:/home/walt/ws_moveit/install/xarm_description:/home/walt/dev_ws/install/xarm_planner:/home/walt/dev_ws/install/xarm_moveit_servo:/home/walt/dev_ws/install/xarm_moveit_config:/home/walt/dev_ws/install/xarm_gazebo:/home/walt/dev_ws/install/xarm_controller:/home/walt/dev_ws/install/xarm_api:/home/walt/dev_ws/install/xarm_sdk:/home/walt/dev_ws/install/xarm_msgs:/home/walt/dev_ws/install/xarm_description:/home/walt/dev_ws/install/realsense_gazebo_plugin:/home/walt/dev_ws/install/mbot_demo:/opt/ros/jazzy/opt/gz_sim_vendor:/opt/ros/jazzy/opt/gz_sensors_vendor:/opt/ros/jazzy/opt/gz_physics_vendor:/opt/ros/jazzy/opt/sdformat_vendor:/opt/ros/jazzy/opt/gz_gui_vendor:/opt/ros/jazzy/opt/gz_transport_vendor:/opt/ros/jazzy/opt/gz_rendering_vendor:/opt/ros/jazzy/opt/gz_plugin_vendor:/opt/ros/jazzy/opt/gz_fuel_tools_vendor:/opt/ros/jazzy/opt/gz_msgs_vendor:/opt/ros/jazzy/opt/gz_common_vendor:/opt/ros/jazzy/opt/gz_tools_vendor:/opt/ros/jazzy/opt/gz_ogre_next_vendor:/opt/ros/jazzy/opt/gz_dartsim_vendor:/opt/ros/jazzy/opt/gz_math_vendor:/opt/ros/jazzy/opt/gz_utils_vendor:/opt/ros/jazzy/opt/gz_cmake_vendor:/home/walt/dev_ws/install/uf_ros_lib:/opt/ros/jazzy DEBUGINFOD_URLS=https://debuginfod.ubuntu.com LD_LIBRARY_PATH=/home/walt/ws_moveit/install/xarm_api/lib:/home/walt/ws_moveit/install/xarm_sdk/lib:/home/walt/ws_moveit/install/xarm_msgs/lib:${LD_LIBRARY_PATH} PYTHONPATH=/home/walt/ws_moveit/install/xarm_msgs/lib/python3.12/site-packages:${PYTHONPATH} /usr/bin/cmake /home/walt/ws_moveit/src/xarm_ros2/xarm_controller -DAMENT_CMAKE_SYMLINK_INSTALL=1 -DCMAKE_INSTALL_PREFIX=/home/walt/ws_moveit/install/xarm_controller
[0.041s] -- The C compiler identification is GNU 13.3.0
[0.070s] -- The CXX compiler identification is GNU 13.3.0
[0.080s] -- Detecting C compiler ABI info
[0.136s] -- Detecting C compiler ABI info - done
[0.141s] -- Check for working C compiler: /usr/bin/cc - skipped
[0.141s] -- Detecting C compile features
[0.142s] -- Detecting C compile features - done
[0.147s] -- Detecting CXX compiler ABI info
[0.242s] -- Detecting CXX compiler ABI info - done
[0.253s] -- Check for working CXX compiler: /usr/bin/c++ - skipped
[0.254s] -- Detecting CXX compile features
[0.255s] -- Detecting CXX compile features - done
[0.257s] -- Found ament_cmake: 2.5.3 (/opt/ros/jazzy/share/ament_cmake/cmake)
[0.389s] -- Found Python3: /usr/bin/python3 (found version "3.12.3") found components: Interpreter 
[0.437s] -- Override CMake install command with custom implementation using symlinks instead of copying resources
[0.462s] -- Found ament_lint_auto: 0.17.1 (/opt/ros/jazzy/share/ament_lint_auto/cmake)
[0.527s] -- Found hardware_interface: 4.27.0 (/opt/ros/jazzy/share/hardware_interface/cmake)
[0.556s] -- Found rosidl_generator_c: 4.6.5 (/opt/ros/jazzy/share/rosidl_generator_c/cmake)
[0.565s] -- Found rosidl_generator_cpp: 4.6.5 (/opt/ros/jazzy/share/rosidl_generator_cpp/cmake)
[0.575s] -- Using all available rosidl_typesupport_c: rosidl_typesupport_fastrtps_c;rosidl_typesupport_introspection_c
[0.585s] -- Using all available rosidl_typesupport_cpp: rosidl_typesupport_fastrtps_cpp;rosidl_typesupport_introspection_cpp
[0.707s] -- Found TinyXML2 via Config file: /usr/lib/x86_64-linux-gnu/cmake/tinyxml2
[0.734s] -- Found rmw_implementation_cmake: 7.3.1 (/opt/ros/jazzy/share/rmw_implementation_cmake/cmake)
[0.736s] -- Found rmw_fastrtps_cpp: 8.4.1 (/opt/ros/jazzy/share/rmw_fastrtps_cpp/cmake)
[0.751s] -- Found TinyXML2 via Config file: /usr/lib/x86_64-linux-gnu/cmake/tinyxml2
[0.823s] -- Found OpenSSL: /usr/lib/x86_64-linux-gnu/libcrypto.so (found version "3.0.13")  
[0.826s] -- Found TinyXML2 via Config file: /usr/lib/x86_64-linux-gnu/cmake/tinyxml2
[0.841s] -- Found FastRTPS: /opt/ros/jazzy/include (Required is at least version "2.13") 
[0.842s] -- Found TinyXML2 via Config file: /usr/lib/x86_64-linux-gnu/cmake/tinyxml2
[0.847s] -- Found TinyXML2 via Config file: /usr/lib/x86_64-linux-gnu/cmake/tinyxml2
[0.858s] -- Using RMW implementation 'rmw_fastrtps_cpp' as default
[1.076s] -- Found controller_manager_msgs: 4.27.0 (/opt/ros/jazzy/share/controller_manager_msgs/cmake)
[1.090s] -- Found xarm_msgs: 0.0.0 (/home/walt/ws_moveit/install/xarm_msgs/share/xarm_msgs/cmake)
[1.121s] -- Found xarm_api: 0.0.0 (/home/walt/ws_moveit/install/xarm_api/share/xarm_api/cmake)
[1.122s] -- Found xarm_sdk: 0.0.0 (/home/walt/ws_moveit/install/xarm_sdk/share/xarm_sdk/cmake)
[1.128s] -- Added test 'copyright' to check source files copyright and LICENSE
[1.129s] -- Added test 'cppcheck' to perform static code analysis on C / C++ code
[1.129s] -- Configured cppcheck include dirs: /home/walt/ws_moveit/src/xarm_ros2/xarm_controller/include
[1.129s] -- Configured cppcheck exclude dirs and/or files: 
[1.130s] -- Added test 'cpplint' to check C / C++ code against the Google style
[1.130s] -- Configured cpplint exclude dirs and/or files: 
[1.131s] -- Added test 'flake8' to check Python code syntax and style conventions
[1.131s] -- Configured 'flake8' exclude dirs and/or files: 
[1.131s] -- Added test 'lint_cmake' to check CMake code style
[1.132s] -- Added test 'pep257' to check Python code against some of the docstring style conventions in PEP 257
[1.132s] -- Added test 'uncrustify' to check C / C++ code style
[1.132s] -- Configured uncrustify additional arguments: 
[1.133s] -- Added test 'xmllint' to check XML markup files
[1.135s] -- Configuring done (1.1s)
[1.145s] -- Generating done (0.0s)
[1.147s] -- Build files have been written to: /home/walt/ws_moveit/build/xarm_controller
[1.152s] Invoked command in '/home/walt/ws_moveit/build/xarm_controller' returned '0': AMENT_PREFIX_PATH=/home/walt/ws_moveit/install/xarm_api:/home/walt/ws_moveit/install/xarm_sdk:/home/walt/ws_moveit/install/xarm_msgs:/home/walt/ws_moveit/install/xarm_description:${AMENT_PREFIX_PATH} CMAKE_PREFIX_PATH=/home/walt/ws_moveit/install/xarm_api:/home/walt/ws_moveit/install/xarm_sdk:/home/walt/ws_moveit/install/xarm_msgs:/home/walt/ws_moveit/install/xarm_description:/home/walt/dev_ws/install/xarm_planner:/home/walt/dev_ws/install/xarm_moveit_servo:/home/walt/dev_ws/install/xarm_moveit_config:/home/walt/dev_ws/install/xarm_gazebo:/home/walt/dev_ws/install/xarm_controller:/home/walt/dev_ws/install/xarm_api:/home/walt/dev_ws/install/xarm_sdk:/home/walt/dev_ws/install/xarm_msgs:/home/walt/dev_ws/install/xarm_description:/home/walt/dev_ws/install/realsense_gazebo_plugin:/home/walt/dev_ws/install/mbot_demo:/opt/ros/jazzy/opt/gz_sim_vendor:/opt/ros/jazzy/opt/gz_sensors_vendor:/opt/ros/jazzy/opt/gz_physics_vendor:/opt/ros/jazzy/opt/sdformat_vendor:/opt/ros/jazzy/opt/gz_gui_vendor:/opt/ros/jazzy/opt/gz_transport_vendor:/opt/ros/jazzy/opt/gz_rendering_vendor:/opt/ros/jazzy/opt/gz_plugin_vendor:/opt/ros/jazzy/opt/gz_fuel_tools_vendor:/opt/ros/jazzy/opt/gz_msgs_vendor:/opt/ros/jazzy/opt/gz_common_vendor:/opt/ros/jazzy/opt/gz_tools_vendor:/opt/ros/jazzy/opt/gz_ogre_next_vendor:/opt/ros/jazzy/opt/gz_dartsim_vendor:/opt/ros/jazzy/opt/gz_math_vendor:/opt/ros/jazzy/opt/gz_utils_vendor:/opt/ros/jazzy/opt/gz_cmake_vendor:/home/walt/dev_ws/install/uf_ros_lib:/opt/ros/jazzy DEBUGINFOD_URLS=https://debuginfod.ubuntu.com LD_LIBRARY_PATH=/home/walt/ws_moveit/install/xarm_api/lib:/home/walt/ws_moveit/install/xarm_sdk/lib:/home/walt/ws_moveit/install/xarm_msgs/lib:${LD_LIBRARY_PATH} PYTHONPATH=/home/walt/ws_moveit/install/xarm_msgs/lib/python3.12/site-packages:${PYTHONPATH} /usr/bin/cmake /home/walt/ws_moveit/src/xarm_ros2/xarm_controller -DAMENT_CMAKE_SYMLINK_INSTALL=1 -DCMAKE_INSTALL_PREFIX=/home/walt/ws_moveit/install/xarm_controller
[1.153s] Invoking command in '/home/walt/ws_moveit/build/xarm_controller': AMENT_PREFIX_PATH=/home/walt/ws_moveit/install/xarm_api:/home/walt/ws_moveit/install/xarm_sdk:/home/walt/ws_moveit/install/xarm_msgs:/home/walt/ws_moveit/install/xarm_description:${AMENT_PREFIX_PATH} CMAKE_PREFIX_PATH=/home/walt/ws_moveit/install/xarm_api:/home/walt/ws_moveit/install/xarm_sdk:/home/walt/ws_moveit/install/xarm_msgs:/home/walt/ws_moveit/install/xarm_description:/home/walt/dev_ws/install/xarm_planner:/home/walt/dev_ws/install/xarm_moveit_servo:/home/walt/dev_ws/install/xarm_moveit_config:/home/walt/dev_ws/install/xarm_gazebo:/home/walt/dev_ws/install/xarm_controller:/home/walt/dev_ws/install/xarm_api:/home/walt/dev_ws/install/xarm_sdk:/home/walt/dev_ws/install/xarm_msgs:/home/walt/dev_ws/install/xarm_description:/home/walt/dev_ws/install/realsense_gazebo_plugin:/home/walt/dev_ws/install/mbot_demo:/opt/ros/jazzy/opt/gz_sim_vendor:/opt/ros/jazzy/opt/gz_sensors_vendor:/opt/ros/jazzy/opt/gz_physics_vendor:/opt/ros/jazzy/opt/sdformat_vendor:/opt/ros/jazzy/opt/gz_gui_vendor:/opt/ros/jazzy/opt/gz_transport_vendor:/opt/ros/jazzy/opt/gz_rendering_vendor:/opt/ros/jazzy/opt/gz_plugin_vendor:/opt/ros/jazzy/opt/gz_fuel_tools_vendor:/opt/ros/jazzy/opt/gz_msgs_vendor:/opt/ros/jazzy/opt/gz_common_vendor:/opt/ros/jazzy/opt/gz_tools_vendor:/opt/ros/jazzy/opt/gz_ogre_next_vendor:/opt/ros/jazzy/opt/gz_dartsim_vendor:/opt/ros/jazzy/opt/gz_math_vendor:/opt/ros/jazzy/opt/gz_utils_vendor:/opt/ros/jazzy/opt/gz_cmake_vendor:/home/walt/dev_ws/install/uf_ros_lib:/opt/ros/jazzy DEBUGINFOD_URLS=https://debuginfod.ubuntu.com LD_LIBRARY_PATH=/home/walt/ws_moveit/install/xarm_api/lib:/home/walt/ws_moveit/install/xarm_sdk/lib:/home/walt/ws_moveit/install/xarm_msgs/lib:${LD_LIBRARY_PATH} PYTHONPATH=/home/walt/ws_moveit/install/xarm_msgs/lib/python3.12/site-packages:${PYTHONPATH} /usr/bin/cmake --build /home/walt/ws_moveit/build/xarm_controller -- -j32 -l32
[1.205s] [ 33%] [32mBuilding CXX object CMakeFiles/uf_robot_hardware.dir/src/hardware/uf_robot_fake_system_hardware.cpp.o[0m
[1.206s] [ 66%] [32mBuilding CXX object CMakeFiles/uf_robot_hardware.dir/src/hardware/uf_robot_system_hardware.cpp.o[0m
[6.145s] [100%] [32m[1mLinking CXX shared library libuf_robot_hardware.so[0m
[6.655s] [100%] Built target uf_robot_hardware
[6.663s] Invoked command in '/home/walt/ws_moveit/build/xarm_controller' returned '0': AMENT_PREFIX_PATH=/home/walt/ws_moveit/install/xarm_api:/home/walt/ws_moveit/install/xarm_sdk:/home/walt/ws_moveit/install/xarm_msgs:/home/walt/ws_moveit/install/xarm_description:${AMENT_PREFIX_PATH} CMAKE_PREFIX_PATH=/home/walt/ws_moveit/install/xarm_api:/home/walt/ws_moveit/install/xarm_sdk:/home/walt/ws_moveit/install/xarm_msgs:/home/walt/ws_moveit/install/xarm_description:/home/walt/dev_ws/install/xarm_planner:/home/walt/dev_ws/install/xarm_moveit_servo:/home/walt/dev_ws/install/xarm_moveit_config:/home/walt/dev_ws/install/xarm_gazebo:/home/walt/dev_ws/install/xarm_controller:/home/walt/dev_ws/install/xarm_api:/home/walt/dev_ws/install/xarm_sdk:/home/walt/dev_ws/install/xarm_msgs:/home/walt/dev_ws/install/xarm_description:/home/walt/dev_ws/install/realsense_gazebo_plugin:/home/walt/dev_ws/install/mbot_demo:/opt/ros/jazzy/opt/gz_sim_vendor:/opt/ros/jazzy/opt/gz_sensors_vendor:/opt/ros/jazzy/opt/gz_physics_vendor:/opt/ros/jazzy/opt/sdformat_vendor:/opt/ros/jazzy/opt/gz_gui_vendor:/opt/ros/jazzy/opt/gz_transport_vendor:/opt/ros/jazzy/opt/gz_rendering_vendor:/opt/ros/jazzy/opt/gz_plugin_vendor:/opt/ros/jazzy/opt/gz_fuel_tools_vendor:/opt/ros/jazzy/opt/gz_msgs_vendor:/opt/ros/jazzy/opt/gz_common_vendor:/opt/ros/jazzy/opt/gz_tools_vendor:/opt/ros/jazzy/opt/gz_ogre_next_vendor:/opt/ros/jazzy/opt/gz_dartsim_vendor:/opt/ros/jazzy/opt/gz_math_vendor:/opt/ros/jazzy/opt/gz_utils_vendor:/opt/ros/jazzy/opt/gz_cmake_vendor:/home/walt/dev_ws/install/uf_ros_lib:/opt/ros/jazzy DEBUGINFOD_URLS=https://debuginfod.ubuntu.com LD_LIBRARY_PATH=/home/walt/ws_moveit/install/xarm_api/lib:/home/walt/ws_moveit/install/xarm_sdk/lib:/home/walt/ws_moveit/install/xarm_msgs/lib:${LD_LIBRARY_PATH} PYTHONPATH=/home/walt/ws_moveit/install/xarm_msgs/lib/python3.12/site-packages:${PYTHONPATH} /usr/bin/cmake --build /home/walt/ws_moveit/build/xarm_controller -- -j32 -l32
[6.664s] Invoking command in '/home/walt/ws_moveit/build/xarm_controller': AMENT_PREFIX_PATH=/home/walt/ws_moveit/install/xarm_api:/home/walt/ws_moveit/install/xarm_sdk:/home/walt/ws_moveit/install/xarm_msgs:/home/walt/ws_moveit/install/xarm_description:${AMENT_PREFIX_PATH} CMAKE_PREFIX_PATH=/home/walt/ws_moveit/install/xarm_api:/home/walt/ws_moveit/install/xarm_sdk:/home/walt/ws_moveit/install/xarm_msgs:/home/walt/ws_moveit/install/xarm_description:/home/walt/dev_ws/install/xarm_planner:/home/walt/dev_ws/install/xarm_moveit_servo:/home/walt/dev_ws/install/xarm_moveit_config:/home/walt/dev_ws/install/xarm_gazebo:/home/walt/dev_ws/install/xarm_controller:/home/walt/dev_ws/install/xarm_api:/home/walt/dev_ws/install/xarm_sdk:/home/walt/dev_ws/install/xarm_msgs:/home/walt/dev_ws/install/xarm_description:/home/walt/dev_ws/install/realsense_gazebo_plugin:/home/walt/dev_ws/install/mbot_demo:/opt/ros/jazzy/opt/gz_sim_vendor:/opt/ros/jazzy/opt/gz_sensors_vendor:/opt/ros/jazzy/opt/gz_physics_vendor:/opt/ros/jazzy/opt/sdformat_vendor:/opt/ros/jazzy/opt/gz_gui_vendor:/opt/ros/jazzy/opt/gz_transport_vendor:/opt/ros/jazzy/opt/gz_rendering_vendor:/opt/ros/jazzy/opt/gz_plugin_vendor:/opt/ros/jazzy/opt/gz_fuel_tools_vendor:/opt/ros/jazzy/opt/gz_msgs_vendor:/opt/ros/jazzy/opt/gz_common_vendor:/opt/ros/jazzy/opt/gz_tools_vendor:/opt/ros/jazzy/opt/gz_ogre_next_vendor:/opt/ros/jazzy/opt/gz_dartsim_vendor:/opt/ros/jazzy/opt/gz_math_vendor:/opt/ros/jazzy/opt/gz_utils_vendor:/opt/ros/jazzy/opt/gz_cmake_vendor:/home/walt/dev_ws/install/uf_ros_lib:/opt/ros/jazzy DEBUGINFOD_URLS=https://debuginfod.ubuntu.com LD_LIBRARY_PATH=/home/walt/ws_moveit/install/xarm_api/lib:/home/walt/ws_moveit/install/xarm_sdk/lib:/home/walt/ws_moveit/install/xarm_msgs/lib:${LD_LIBRARY_PATH} PYTHONPATH=/home/walt/ws_moveit/install/xarm_msgs/lib/python3.12/site-packages:${PYTHONPATH} /usr/bin/cmake --install /home/walt/ws_moveit/build/xarm_controller
[6.672s] -- Install configuration: ""
[6.672s] -- Execute custom install script
[6.672s] -- Symlinking: /home/walt/ws_moveit/install/xarm_controller/share/xarm_controller//uf_hardware_interface_plugins.xml
[6.680s] -- Symlinking: /home/walt/ws_moveit/install/xarm_controller/include/xarm_controller/hardware/uf_robot_fake_system_hardware.h
[6.696s] -- Symlinking: /home/walt/ws_moveit/install/xarm_controller/include/xarm_controller/hardware/uf_robot_system_hardware.h
[6.711s] -- Symlinking: /home/walt/ws_moveit/install/xarm_controller/lib/libuf_robot_hardware.so
[6.727s] -- Symlinking: /home/walt/ws_moveit/install/xarm_controller/share/xarm_controller//launch/_dual_ros2_control.launch.py
[6.744s] -- Symlinking: /home/walt/ws_moveit/install/xarm_controller/share/xarm_controller//launch/_robot_ros2_control.launch.py
[6.760s] -- Symlinking: /home/walt/ws_moveit/install/xarm_controller/share/xarm_controller//launch/_ros2_control.launch.py
[6.774s] -- Symlinking: /home/walt/ws_moveit/install/xarm_controller/share/xarm_controller//launch/lib/robot_controller_lib.py
[6.787s] -- Symlinking: /home/walt/ws_moveit/install/xarm_controller/share/xarm_controller//launch/lite6_control_rviz_display.launch.py
[6.796s] -- Symlinking: /home/walt/ws_moveit/install/xarm_controller/share/xarm_controller//launch/uf850_control_rviz_display.launch.py
[6.810s] -- Symlinking: /home/walt/ws_moveit/install/xarm_controller/share/xarm_controller//launch/xarm5_control_rviz_display.launch.py
[6.822s] -- Symlinking: /home/walt/ws_moveit/install/xarm_controller/share/xarm_controller//launch/xarm6_control_rviz_display.launch.py
[6.833s] -- Symlinking: /home/walt/ws_moveit/install/xarm_controller/share/xarm_controller//launch/xarm7_control_rviz_display.launch.py
[6.847s] -- Symlinking: /home/walt/ws_moveit/install/xarm_controller/share/xarm_controller//launch/xarm7_mirror_control_rviz_display.launch.py
[6.863s] -- Symlinking: /home/walt/ws_moveit/install/xarm_controller/share/xarm_controller//config/bio_gripper_controllers.yaml
[6.873s] -- Symlinking: /home/walt/ws_moveit/install/xarm_controller/share/xarm_controller//config/lite6_controllers.yaml
[6.884s] -- Symlinking: /home/walt/ws_moveit/install/xarm_controller/share/xarm_controller//config/uf850_controllers.yaml
[6.892s] -- Symlinking: /home/walt/ws_moveit/install/xarm_controller/share/xarm_controller//config/uf850_gripper_controllers.yaml
[6.903s] -- Symlinking: /home/walt/ws_moveit/install/xarm_controller/share/xarm_controller//config/xarm5_controllers.yaml
[6.916s] -- Symlinking: /home/walt/ws_moveit/install/xarm_controller/share/xarm_controller//config/xarm6_controllers.yaml
[6.926s] -- Symlinking: /home/walt/ws_moveit/install/xarm_controller/share/xarm_controller//config/xarm7_controllers.yaml
[6.937s] -- Symlinking: /home/walt/ws_moveit/install/xarm_controller/share/xarm_controller//config/xarm7_mirror_controllers.yaml
[6.946s] -- Symlinking: /home/walt/ws_moveit/install/xarm_controller/share/xarm_controller//config/xarm7_mirror_gripper_controllers.yaml
[6.952s] -- Symlinking: /home/walt/ws_moveit/install/xarm_controller/share/xarm_controller//config/xarm_gripper_controllers.yaml
[6.959s] -- Symlinking: /home/walt/ws_moveit/install/xarm_controller/share/xarm_controller/environment/library_path.sh
[6.965s] -- Symlinking: /home/walt/ws_moveit/install/xarm_controller/share/xarm_controller/environment/library_path.dsv
[6.975s] -- Symlinking: /home/walt/ws_moveit/install/xarm_controller/share/ament_index/resource_index/package_run_dependencies/xarm_controller
[6.985s] -- Symlinking: /home/walt/ws_moveit/install/xarm_controller/share/ament_index/resource_index/parent_prefix_path/xarm_controller
[6.994s] -- Symlinking: /home/walt/ws_moveit/install/xarm_controller/share/xarm_controller/environment/ament_prefix_path.sh
[7.004s] -- Symlinking: /home/walt/ws_moveit/install/xarm_controller/share/xarm_controller/environment/ament_prefix_path.dsv
[7.015s] -- Symlinking: /home/walt/ws_moveit/install/xarm_controller/share/xarm_controller/environment/path.sh
[7.024s] -- Symlinking: /home/walt/ws_moveit/install/xarm_controller/share/xarm_controller/environment/path.dsv
[7.033s] -- Symlinking: /home/walt/ws_moveit/install/xarm_controller/share/xarm_controller/local_setup.bash
[7.043s] -- Symlinking: /home/walt/ws_moveit/install/xarm_controller/share/xarm_controller/local_setup.sh
[7.057s] -- Symlinking: /home/walt/ws_moveit/install/xarm_controller/share/xarm_controller/local_setup.zsh
[7.062s] -- Symlinking: /home/walt/ws_moveit/install/xarm_controller/share/xarm_controller/local_setup.dsv
[7.073s] -- Symlinking: /home/walt/ws_moveit/install/xarm_controller/share/xarm_controller/package.dsv
[7.082s] -- Symlinking: /home/walt/ws_moveit/install/xarm_controller/share/ament_index/resource_index/packages/xarm_controller
[7.088s] -- Symlinking: /home/walt/ws_moveit/install/xarm_controller/share/ament_index/resource_index/hardware_interface__pluginlib__plugin/xarm_controller
[7.093s] -- Symlinking: /home/walt/ws_moveit/install/xarm_controller/share/xarm_controller/cmake/ament_cmake_export_include_directories-extras.cmake
[7.099s] -- Symlinking: /home/walt/ws_moveit/install/xarm_controller/share/xarm_controller/cmake/ament_cmake_export_libraries-extras.cmake
[7.104s] -- Symlinking: /home/walt/ws_moveit/install/xarm_controller/share/xarm_controller/cmake/ament_cmake_export_dependencies-extras.cmake
[7.109s] -- Symlinking: /home/walt/ws_moveit/install/xarm_controller/share/xarm_controller/cmake/xarm_controllerConfig.cmake
[7.115s] -- Symlinking: /home/walt/ws_moveit/install/xarm_controller/share/xarm_controller/cmake/xarm_controllerConfig-version.cmake
[7.122s] -- Symlinking: /home/walt/ws_moveit/install/xarm_controller/share/xarm_controller/package.xml
[7.133s] Invoked command in '/home/walt/ws_moveit/build/xarm_controller' returned '0': AMENT_PREFIX_PATH=/home/walt/ws_moveit/install/xarm_api:/home/walt/ws_moveit/install/xarm_sdk:/home/walt/ws_moveit/install/xarm_msgs:/home/walt/ws_moveit/install/xarm_description:${AMENT_PREFIX_PATH} CMAKE_PREFIX_PATH=/home/walt/ws_moveit/install/xarm_api:/home/walt/ws_moveit/install/xarm_sdk:/home/walt/ws_moveit/install/xarm_msgs:/home/walt/ws_moveit/install/xarm_description:/home/walt/dev_ws/install/xarm_planner:/home/walt/dev_ws/install/xarm_moveit_servo:/home/walt/dev_ws/install/xarm_moveit_config:/home/walt/dev_ws/install/xarm_gazebo:/home/walt/dev_ws/install/xarm_controller:/home/walt/dev_ws/install/xarm_api:/home/walt/dev_ws/install/xarm_sdk:/home/walt/dev_ws/install/xarm_msgs:/home/walt/dev_ws/install/xarm_description:/home/walt/dev_ws/install/realsense_gazebo_plugin:/home/walt/dev_ws/install/mbot_demo:/opt/ros/jazzy/opt/gz_sim_vendor:/opt/ros/jazzy/opt/gz_sensors_vendor:/opt/ros/jazzy/opt/gz_physics_vendor:/opt/ros/jazzy/opt/sdformat_vendor:/opt/ros/jazzy/opt/gz_gui_vendor:/opt/ros/jazzy/opt/gz_transport_vendor:/opt/ros/jazzy/opt/gz_rendering_vendor:/opt/ros/jazzy/opt/gz_plugin_vendor:/opt/ros/jazzy/opt/gz_fuel_tools_vendor:/opt/ros/jazzy/opt/gz_msgs_vendor:/opt/ros/jazzy/opt/gz_common_vendor:/opt/ros/jazzy/opt/gz_tools_vendor:/opt/ros/jazzy/opt/gz_ogre_next_vendor:/opt/ros/jazzy/opt/gz_dartsim_vendor:/opt/ros/jazzy/opt/gz_math_vendor:/opt/ros/jazzy/opt/gz_utils_vendor:/opt/ros/jazzy/opt/gz_cmake_vendor:/home/walt/dev_ws/install/uf_ros_lib:/opt/ros/jazzy DEBUGINFOD_URLS=https://debuginfod.ubuntu.com LD_LIBRARY_PATH=/home/walt/ws_moveit/install/xarm_api/lib:/home/walt/ws_moveit/install/xarm_sdk/lib:/home/walt/ws_moveit/install/xarm_msgs/lib:${LD_LIBRARY_PATH} PYTHONPATH=/home/walt/ws_moveit/install/xarm_msgs/lib/python3.12/site-packages:${PYTHONPATH} /usr/bin/cmake --install /home/walt/ws_moveit/build/xarm_controller
