[0.017s] Invoking command in '/home/walt/ws_moveit/build/xarm_moveit_config': AMENT_PREFIX_PATH=/home/walt/ws_moveit/install/xarm_gazebo:/home/walt/ws_moveit/install/xarm_controller:/home/walt/ws_moveit/install/xarm_api:/home/walt/ws_moveit/install/xarm_sdk:/home/walt/ws_moveit/install/xarm_msgs:/home/walt/ws_moveit/install/xarm_description:/home/walt/ws_moveit/install/uf_ros_lib:${AMENT_PREFIX_PATH} CMAKE_PREFIX_PATH=/home/walt/ws_moveit/install/xarm_gazebo:/home/walt/ws_moveit/install/xarm_controller:/home/walt/ws_moveit/install/xarm_api:/home/walt/ws_moveit/install/xarm_sdk:/home/walt/ws_moveit/install/xarm_msgs:/home/walt/ws_moveit/install/xarm_description:/home/walt/dev_ws/install/xarm_planner:/home/walt/dev_ws/install/xarm_moveit_servo:/home/walt/dev_ws/install/xarm_moveit_config:/home/walt/dev_ws/install/xarm_gazebo:/home/walt/dev_ws/install/xarm_controller:/home/walt/dev_ws/install/xarm_api:/home/walt/dev_ws/install/xarm_sdk:/home/walt/dev_ws/install/xarm_msgs:/home/walt/dev_ws/install/xarm_description:/home/walt/dev_ws/install/realsense_gazebo_plugin:/home/walt/dev_ws/install/mbot_demo:/opt/ros/jazzy/opt/gz_sim_vendor:/opt/ros/jazzy/opt/gz_sensors_vendor:/opt/ros/jazzy/opt/gz_physics_vendor:/opt/ros/jazzy/opt/sdformat_vendor:/opt/ros/jazzy/opt/gz_gui_vendor:/opt/ros/jazzy/opt/gz_transport_vendor:/opt/ros/jazzy/opt/gz_rendering_vendor:/opt/ros/jazzy/opt/gz_plugin_vendor:/opt/ros/jazzy/opt/gz_fuel_tools_vendor:/opt/ros/jazzy/opt/gz_msgs_vendor:/opt/ros/jazzy/opt/gz_common_vendor:/opt/ros/jazzy/opt/gz_tools_vendor:/opt/ros/jazzy/opt/gz_ogre_next_vendor:/opt/ros/jazzy/opt/gz_dartsim_vendor:/opt/ros/jazzy/opt/gz_math_vendor:/opt/ros/jazzy/opt/gz_utils_vendor:/opt/ros/jazzy/opt/gz_cmake_vendor:/home/walt/dev_ws/install/uf_ros_lib:/opt/ros/jazzy DEBUGINFOD_URLS=https://debuginfod.ubuntu.com LD_LIBRARY_PATH=/home/walt/ws_moveit/install/xarm_controller/lib:/home/walt/ws_moveit/install/xarm_api/lib:/home/walt/ws_moveit/install/xarm_sdk/lib:/home/walt/ws_moveit/install/xarm_msgs/lib:${LD_LIBRARY_PATH} PYTHONPATH=/home/walt/ws_moveit/install/xarm_msgs/lib/python3.12/site-packages:/home/walt/ws_moveit/build/uf_ros_lib:/home/walt/ws_moveit/install/uf_ros_lib/lib/python3.12/site-packages:${PYTHONPATH} /usr/bin/cmake /home/walt/ws_moveit/src/xarm_ros2/xarm_moveit_config -DAMENT_CMAKE_SYMLINK_INSTALL=1 -DCMAKE_INSTALL_PREFIX=/home/walt/ws_moveit/install/xarm_moveit_config
[0.093s] -- The C compiler identification is GNU 13.3.0
[0.139s] -- The CXX compiler identification is GNU 13.3.0
[0.151s] -- Detecting C compiler ABI info
[0.266s] -- Detecting C compiler ABI info - done
[0.274s] -- Check for working C compiler: /usr/bin/cc - skipped
[0.274s] -- Detecting C compile features
[0.274s] -- Detecting C compile features - done
[0.288s] -- Detecting CXX compiler ABI info
[0.407s] -- Detecting CXX compiler ABI info - done
[0.414s] -- Check for working CXX compiler: /usr/bin/c++ - skipped
[0.414s] -- Detecting CXX compile features
[0.414s] -- Detecting CXX compile features - done
[0.416s] -- Found ament_cmake: 2.5.3 (/opt/ros/jazzy/share/ament_cmake/cmake)
[0.545s] -- Found Python3: /usr/bin/python3 (found version "3.12.3") found components: Interpreter 
[0.592s] -- Override CMake install command with custom implementation using symlinks instead of copying resources
[0.617s] -- Found ament_lint_auto: 0.17.1 (/opt/ros/jazzy/share/ament_lint_auto/cmake)
[0.687s] -- Added test 'copyright' to check source files copyright and LICENSE
[0.691s] -- Added test 'flake8' to check Python code syntax and style conventions
[0.691s] -- Configured 'flake8' exclude dirs and/or files: 
[0.691s] -- Added test 'lint_cmake' to check CMake code style
[0.692s] -- Added test 'pep257' to check Python code against some of the docstring style conventions in PEP 257
[0.694s] -- Added test 'xmllint' to check XML markup files
[0.695s] -- Configuring done (0.7s)
[0.697s] -- Generating done (0.0s)
[0.697s] -- Build files have been written to: /home/walt/ws_moveit/build/xarm_moveit_config
[0.700s] Invoked command in '/home/walt/ws_moveit/build/xarm_moveit_config' returned '0': AMENT_PREFIX_PATH=/home/walt/ws_moveit/install/xarm_gazebo:/home/walt/ws_moveit/install/xarm_controller:/home/walt/ws_moveit/install/xarm_api:/home/walt/ws_moveit/install/xarm_sdk:/home/walt/ws_moveit/install/xarm_msgs:/home/walt/ws_moveit/install/xarm_description:/home/walt/ws_moveit/install/uf_ros_lib:${AMENT_PREFIX_PATH} CMAKE_PREFIX_PATH=/home/walt/ws_moveit/install/xarm_gazebo:/home/walt/ws_moveit/install/xarm_controller:/home/walt/ws_moveit/install/xarm_api:/home/walt/ws_moveit/install/xarm_sdk:/home/walt/ws_moveit/install/xarm_msgs:/home/walt/ws_moveit/install/xarm_description:/home/walt/dev_ws/install/xarm_planner:/home/walt/dev_ws/install/xarm_moveit_servo:/home/walt/dev_ws/install/xarm_moveit_config:/home/walt/dev_ws/install/xarm_gazebo:/home/walt/dev_ws/install/xarm_controller:/home/walt/dev_ws/install/xarm_api:/home/walt/dev_ws/install/xarm_sdk:/home/walt/dev_ws/install/xarm_msgs:/home/walt/dev_ws/install/xarm_description:/home/walt/dev_ws/install/realsense_gazebo_plugin:/home/walt/dev_ws/install/mbot_demo:/opt/ros/jazzy/opt/gz_sim_vendor:/opt/ros/jazzy/opt/gz_sensors_vendor:/opt/ros/jazzy/opt/gz_physics_vendor:/opt/ros/jazzy/opt/sdformat_vendor:/opt/ros/jazzy/opt/gz_gui_vendor:/opt/ros/jazzy/opt/gz_transport_vendor:/opt/ros/jazzy/opt/gz_rendering_vendor:/opt/ros/jazzy/opt/gz_plugin_vendor:/opt/ros/jazzy/opt/gz_fuel_tools_vendor:/opt/ros/jazzy/opt/gz_msgs_vendor:/opt/ros/jazzy/opt/gz_common_vendor:/opt/ros/jazzy/opt/gz_tools_vendor:/opt/ros/jazzy/opt/gz_ogre_next_vendor:/opt/ros/jazzy/opt/gz_dartsim_vendor:/opt/ros/jazzy/opt/gz_math_vendor:/opt/ros/jazzy/opt/gz_utils_vendor:/opt/ros/jazzy/opt/gz_cmake_vendor:/home/walt/dev_ws/install/uf_ros_lib:/opt/ros/jazzy DEBUGINFOD_URLS=https://debuginfod.ubuntu.com LD_LIBRARY_PATH=/home/walt/ws_moveit/install/xarm_controller/lib:/home/walt/ws_moveit/install/xarm_api/lib:/home/walt/ws_moveit/install/xarm_sdk/lib:/home/walt/ws_moveit/install/xarm_msgs/lib:${LD_LIBRARY_PATH} PYTHONPATH=/home/walt/ws_moveit/install/xarm_msgs/lib/python3.12/site-packages:/home/walt/ws_moveit/build/uf_ros_lib:/home/walt/ws_moveit/install/uf_ros_lib/lib/python3.12/site-packages:${PYTHONPATH} /usr/bin/cmake /home/walt/ws_moveit/src/xarm_ros2/xarm_moveit_config -DAMENT_CMAKE_SYMLINK_INSTALL=1 -DCMAKE_INSTALL_PREFIX=/home/walt/ws_moveit/install/xarm_moveit_config
[0.701s] Invoking command in '/home/walt/ws_moveit/build/xarm_moveit_config': AMENT_PREFIX_PATH=/home/walt/ws_moveit/install/xarm_gazebo:/home/walt/ws_moveit/install/xarm_controller:/home/walt/ws_moveit/install/xarm_api:/home/walt/ws_moveit/install/xarm_sdk:/home/walt/ws_moveit/install/xarm_msgs:/home/walt/ws_moveit/install/xarm_description:/home/walt/ws_moveit/install/uf_ros_lib:${AMENT_PREFIX_PATH} CMAKE_PREFIX_PATH=/home/walt/ws_moveit/install/xarm_gazebo:/home/walt/ws_moveit/install/xarm_controller:/home/walt/ws_moveit/install/xarm_api:/home/walt/ws_moveit/install/xarm_sdk:/home/walt/ws_moveit/install/xarm_msgs:/home/walt/ws_moveit/install/xarm_description:/home/walt/dev_ws/install/xarm_planner:/home/walt/dev_ws/install/xarm_moveit_servo:/home/walt/dev_ws/install/xarm_moveit_config:/home/walt/dev_ws/install/xarm_gazebo:/home/walt/dev_ws/install/xarm_controller:/home/walt/dev_ws/install/xarm_api:/home/walt/dev_ws/install/xarm_sdk:/home/walt/dev_ws/install/xarm_msgs:/home/walt/dev_ws/install/xarm_description:/home/walt/dev_ws/install/realsense_gazebo_plugin:/home/walt/dev_ws/install/mbot_demo:/opt/ros/jazzy/opt/gz_sim_vendor:/opt/ros/jazzy/opt/gz_sensors_vendor:/opt/ros/jazzy/opt/gz_physics_vendor:/opt/ros/jazzy/opt/sdformat_vendor:/opt/ros/jazzy/opt/gz_gui_vendor:/opt/ros/jazzy/opt/gz_transport_vendor:/opt/ros/jazzy/opt/gz_rendering_vendor:/opt/ros/jazzy/opt/gz_plugin_vendor:/opt/ros/jazzy/opt/gz_fuel_tools_vendor:/opt/ros/jazzy/opt/gz_msgs_vendor:/opt/ros/jazzy/opt/gz_common_vendor:/opt/ros/jazzy/opt/gz_tools_vendor:/opt/ros/jazzy/opt/gz_ogre_next_vendor:/opt/ros/jazzy/opt/gz_dartsim_vendor:/opt/ros/jazzy/opt/gz_math_vendor:/opt/ros/jazzy/opt/gz_utils_vendor:/opt/ros/jazzy/opt/gz_cmake_vendor:/home/walt/dev_ws/install/uf_ros_lib:/opt/ros/jazzy DEBUGINFOD_URLS=https://debuginfod.ubuntu.com LD_LIBRARY_PATH=/home/walt/ws_moveit/install/xarm_controller/lib:/home/walt/ws_moveit/install/xarm_api/lib:/home/walt/ws_moveit/install/xarm_sdk/lib:/home/walt/ws_moveit/install/xarm_msgs/lib:${LD_LIBRARY_PATH} PYTHONPATH=/home/walt/ws_moveit/install/xarm_msgs/lib/python3.12/site-packages:/home/walt/ws_moveit/build/uf_ros_lib:/home/walt/ws_moveit/install/uf_ros_lib/lib/python3.12/site-packages:${PYTHONPATH} /usr/bin/cmake --build /home/walt/ws_moveit/build/xarm_moveit_config -- -j32 -l32
[0.738s] Invoked command in '/home/walt/ws_moveit/build/xarm_moveit_config' returned '0': AMENT_PREFIX_PATH=/home/walt/ws_moveit/install/xarm_gazebo:/home/walt/ws_moveit/install/xarm_controller:/home/walt/ws_moveit/install/xarm_api:/home/walt/ws_moveit/install/xarm_sdk:/home/walt/ws_moveit/install/xarm_msgs:/home/walt/ws_moveit/install/xarm_description:/home/walt/ws_moveit/install/uf_ros_lib:${AMENT_PREFIX_PATH} CMAKE_PREFIX_PATH=/home/walt/ws_moveit/install/xarm_gazebo:/home/walt/ws_moveit/install/xarm_controller:/home/walt/ws_moveit/install/xarm_api:/home/walt/ws_moveit/install/xarm_sdk:/home/walt/ws_moveit/install/xarm_msgs:/home/walt/ws_moveit/install/xarm_description:/home/walt/dev_ws/install/xarm_planner:/home/walt/dev_ws/install/xarm_moveit_servo:/home/walt/dev_ws/install/xarm_moveit_config:/home/walt/dev_ws/install/xarm_gazebo:/home/walt/dev_ws/install/xarm_controller:/home/walt/dev_ws/install/xarm_api:/home/walt/dev_ws/install/xarm_sdk:/home/walt/dev_ws/install/xarm_msgs:/home/walt/dev_ws/install/xarm_description:/home/walt/dev_ws/install/realsense_gazebo_plugin:/home/walt/dev_ws/install/mbot_demo:/opt/ros/jazzy/opt/gz_sim_vendor:/opt/ros/jazzy/opt/gz_sensors_vendor:/opt/ros/jazzy/opt/gz_physics_vendor:/opt/ros/jazzy/opt/sdformat_vendor:/opt/ros/jazzy/opt/gz_gui_vendor:/opt/ros/jazzy/opt/gz_transport_vendor:/opt/ros/jazzy/opt/gz_rendering_vendor:/opt/ros/jazzy/opt/gz_plugin_vendor:/opt/ros/jazzy/opt/gz_fuel_tools_vendor:/opt/ros/jazzy/opt/gz_msgs_vendor:/opt/ros/jazzy/opt/gz_common_vendor:/opt/ros/jazzy/opt/gz_tools_vendor:/opt/ros/jazzy/opt/gz_ogre_next_vendor:/opt/ros/jazzy/opt/gz_dartsim_vendor:/opt/ros/jazzy/opt/gz_math_vendor:/opt/ros/jazzy/opt/gz_utils_vendor:/opt/ros/jazzy/opt/gz_cmake_vendor:/home/walt/dev_ws/install/uf_ros_lib:/opt/ros/jazzy DEBUGINFOD_URLS=https://debuginfod.ubuntu.com LD_LIBRARY_PATH=/home/walt/ws_moveit/install/xarm_controller/lib:/home/walt/ws_moveit/install/xarm_api/lib:/home/walt/ws_moveit/install/xarm_sdk/lib:/home/walt/ws_moveit/install/xarm_msgs/lib:${LD_LIBRARY_PATH} PYTHONPATH=/home/walt/ws_moveit/install/xarm_msgs/lib/python3.12/site-packages:/home/walt/ws_moveit/build/uf_ros_lib:/home/walt/ws_moveit/install/uf_ros_lib/lib/python3.12/site-packages:${PYTHONPATH} /usr/bin/cmake --build /home/walt/ws_moveit/build/xarm_moveit_config -- -j32 -l32
[0.738s] Invoking command in '/home/walt/ws_moveit/build/xarm_moveit_config': AMENT_PREFIX_PATH=/home/walt/ws_moveit/install/xarm_gazebo:/home/walt/ws_moveit/install/xarm_controller:/home/walt/ws_moveit/install/xarm_api:/home/walt/ws_moveit/install/xarm_sdk:/home/walt/ws_moveit/install/xarm_msgs:/home/walt/ws_moveit/install/xarm_description:/home/walt/ws_moveit/install/uf_ros_lib:${AMENT_PREFIX_PATH} CMAKE_PREFIX_PATH=/home/walt/ws_moveit/install/xarm_gazebo:/home/walt/ws_moveit/install/xarm_controller:/home/walt/ws_moveit/install/xarm_api:/home/walt/ws_moveit/install/xarm_sdk:/home/walt/ws_moveit/install/xarm_msgs:/home/walt/ws_moveit/install/xarm_description:/home/walt/dev_ws/install/xarm_planner:/home/walt/dev_ws/install/xarm_moveit_servo:/home/walt/dev_ws/install/xarm_moveit_config:/home/walt/dev_ws/install/xarm_gazebo:/home/walt/dev_ws/install/xarm_controller:/home/walt/dev_ws/install/xarm_api:/home/walt/dev_ws/install/xarm_sdk:/home/walt/dev_ws/install/xarm_msgs:/home/walt/dev_ws/install/xarm_description:/home/walt/dev_ws/install/realsense_gazebo_plugin:/home/walt/dev_ws/install/mbot_demo:/opt/ros/jazzy/opt/gz_sim_vendor:/opt/ros/jazzy/opt/gz_sensors_vendor:/opt/ros/jazzy/opt/gz_physics_vendor:/opt/ros/jazzy/opt/sdformat_vendor:/opt/ros/jazzy/opt/gz_gui_vendor:/opt/ros/jazzy/opt/gz_transport_vendor:/opt/ros/jazzy/opt/gz_rendering_vendor:/opt/ros/jazzy/opt/gz_plugin_vendor:/opt/ros/jazzy/opt/gz_fuel_tools_vendor:/opt/ros/jazzy/opt/gz_msgs_vendor:/opt/ros/jazzy/opt/gz_common_vendor:/opt/ros/jazzy/opt/gz_tools_vendor:/opt/ros/jazzy/opt/gz_ogre_next_vendor:/opt/ros/jazzy/opt/gz_dartsim_vendor:/opt/ros/jazzy/opt/gz_math_vendor:/opt/ros/jazzy/opt/gz_utils_vendor:/opt/ros/jazzy/opt/gz_cmake_vendor:/home/walt/dev_ws/install/uf_ros_lib:/opt/ros/jazzy DEBUGINFOD_URLS=https://debuginfod.ubuntu.com LD_LIBRARY_PATH=/home/walt/ws_moveit/install/xarm_controller/lib:/home/walt/ws_moveit/install/xarm_api/lib:/home/walt/ws_moveit/install/xarm_sdk/lib:/home/walt/ws_moveit/install/xarm_msgs/lib:${LD_LIBRARY_PATH} PYTHONPATH=/home/walt/ws_moveit/install/xarm_msgs/lib/python3.12/site-packages:/home/walt/ws_moveit/build/uf_ros_lib:/home/walt/ws_moveit/install/uf_ros_lib/lib/python3.12/site-packages:${PYTHONPATH} /usr/bin/cmake --install /home/walt/ws_moveit/build/xarm_moveit_config
[0.749s] -- Install configuration: ""
[0.750s] -- Execute custom install script
[0.751s] -- Symlinking: /home/walt/ws_moveit/install/xarm_moveit_config/share/xarm_moveit_config//config/bio_gripper/controllers.yaml
[0.766s] -- Symlinking: /home/walt/ws_moveit/install/xarm_moveit_config/share/xarm_moveit_config//config/bio_gripper/fake_controllers.yaml
[0.775s] -- Symlinking: /home/walt/ws_moveit/install/xarm_moveit_config/share/xarm_moveit_config//config/bio_gripper/joint_limits.yaml
[0.785s] -- Symlinking: /home/walt/ws_moveit/install/xarm_moveit_config/share/xarm_moveit_config//config/bio_gripper/ompl_planning.yaml
[0.800s] -- Symlinking: /home/walt/ws_moveit/install/xarm_moveit_config/share/xarm_moveit_config//config/lite6/controllers.yaml
[0.816s] -- Symlinking: /home/walt/ws_moveit/install/xarm_moveit_config/share/xarm_moveit_config//config/lite6/fake_controllers.yaml
[0.831s] -- Symlinking: /home/walt/ws_moveit/install/xarm_moveit_config/share/xarm_moveit_config//config/lite6/joint_limits.yaml
[0.843s] -- Symlinking: /home/walt/ws_moveit/install/xarm_moveit_config/share/xarm_moveit_config//config/lite6/kinematics.yaml
[0.859s] -- Symlinking: /home/walt/ws_moveit/install/xarm_moveit_config/share/xarm_moveit_config//config/lite6/ompl_planning.yaml
[0.873s] -- Symlinking: /home/walt/ws_moveit/install/xarm_moveit_config/share/xarm_moveit_config//config/moveit_configs/chomp_planning.yaml
[0.885s] -- Symlinking: /home/walt/ws_moveit/install/xarm_moveit_config/share/xarm_moveit_config//config/moveit_configs/ompl_defaults.yaml
[0.900s] -- Symlinking: /home/walt/ws_moveit/install/xarm_moveit_config/share/xarm_moveit_config//config/moveit_configs/ompl_planning.yaml
[0.916s] -- Symlinking: /home/walt/ws_moveit/install/xarm_moveit_config/share/xarm_moveit_config//config/moveit_configs/pilz_cartesian_limits.yaml
[0.930s] -- Symlinking: /home/walt/ws_moveit/install/xarm_moveit_config/share/xarm_moveit_config//config/moveit_configs/pilz_industrial_motion_planner_planning.yaml
[0.946s] -- Symlinking: /home/walt/ws_moveit/install/xarm_moveit_config/share/xarm_moveit_config//config/moveit_configs/stomp_planning.yaml
[0.961s] -- Symlinking: /home/walt/ws_moveit/install/xarm_moveit_config/share/xarm_moveit_config//config/uf850/controllers.yaml
[0.976s] -- Symlinking: /home/walt/ws_moveit/install/xarm_moveit_config/share/xarm_moveit_config//config/uf850/fake_controllers.yaml
[0.986s] -- Symlinking: /home/walt/ws_moveit/install/xarm_moveit_config/share/xarm_moveit_config//config/uf850/joint_limits.yaml
[1.000s] -- Symlinking: /home/walt/ws_moveit/install/xarm_moveit_config/share/xarm_moveit_config//config/uf850/kinematics.yaml
[1.015s] -- Symlinking: /home/walt/ws_moveit/install/xarm_moveit_config/share/xarm_moveit_config//config/uf850/ompl_planning.yaml
[1.026s] -- Symlinking: /home/walt/ws_moveit/install/xarm_moveit_config/share/xarm_moveit_config//config/uf850_gripper/controllers.yaml
[1.038s] -- Symlinking: /home/walt/ws_moveit/install/xarm_moveit_config/share/xarm_moveit_config//config/uf850_gripper/fake_controllers.yaml
[1.050s] -- Symlinking: /home/walt/ws_moveit/install/xarm_moveit_config/share/xarm_moveit_config//config/uf850_gripper/joint_limits.yaml
[1.063s] -- Symlinking: /home/walt/ws_moveit/install/xarm_moveit_config/share/xarm_moveit_config//config/uf850_gripper/ompl_planning.yaml
[1.079s] -- Symlinking: /home/walt/ws_moveit/install/xarm_moveit_config/share/xarm_moveit_config//config/xarm5/controllers.yaml
[1.092s] -- Symlinking: /home/walt/ws_moveit/install/xarm_moveit_config/share/xarm_moveit_config//config/xarm5/fake_controllers.yaml
[1.109s] -- Symlinking: /home/walt/ws_moveit/install/xarm_moveit_config/share/xarm_moveit_config//config/xarm5/joint_limits.yaml
[1.124s] -- Symlinking: /home/walt/ws_moveit/install/xarm_moveit_config/share/xarm_moveit_config//config/xarm5/kinematics.yaml
[1.135s] -- Symlinking: /home/walt/ws_moveit/install/xarm_moveit_config/share/xarm_moveit_config//config/xarm5/ompl_planning.yaml
[1.148s] -- Symlinking: /home/walt/ws_moveit/install/xarm_moveit_config/share/xarm_moveit_config//config/xarm6/controllers.yaml
[1.162s] -- Symlinking: /home/walt/ws_moveit/install/xarm_moveit_config/share/xarm_moveit_config//config/xarm6/fake_controllers.yaml
[1.173s] -- Symlinking: /home/walt/ws_moveit/install/xarm_moveit_config/share/xarm_moveit_config//config/xarm6/joint_limits.yaml
[1.188s] -- Symlinking: /home/walt/ws_moveit/install/xarm_moveit_config/share/xarm_moveit_config//config/xarm6/kinematics.yaml
[1.205s] -- Symlinking: /home/walt/ws_moveit/install/xarm_moveit_config/share/xarm_moveit_config//config/xarm6/ompl_planning.yaml
[1.220s] -- Symlinking: /home/walt/ws_moveit/install/xarm_moveit_config/share/xarm_moveit_config//config/xarm7/controllers.yaml
[1.233s] -- Symlinking: /home/walt/ws_moveit/install/xarm_moveit_config/share/xarm_moveit_config//config/xarm7/fake_controllers.yaml
[1.237s] -- Symlinking: /home/walt/ws_moveit/install/xarm_moveit_config/share/xarm_moveit_config//config/xarm7/joint_limits.yaml
[1.243s] -- Symlinking: /home/walt/ws_moveit/install/xarm_moveit_config/share/xarm_moveit_config//config/xarm7/kinematics.yaml
[1.253s] -- Symlinking: /home/walt/ws_moveit/install/xarm_moveit_config/share/xarm_moveit_config//config/xarm7/ompl_planning.yaml
[1.266s] -- Symlinking: /home/walt/ws_moveit/install/xarm_moveit_config/share/xarm_moveit_config//config/xarm7_mirror/controllers.yaml
[1.282s] -- Symlinking: /home/walt/ws_moveit/install/xarm_moveit_config/share/xarm_moveit_config//config/xarm7_mirror/fake_controllers.yaml
[1.299s] -- Symlinking: /home/walt/ws_moveit/install/xarm_moveit_config/share/xarm_moveit_config//config/xarm7_mirror/joint_limits.yaml
[1.315s] -- Symlinking: /home/walt/ws_moveit/install/xarm_moveit_config/share/xarm_moveit_config//config/xarm7_mirror/kinematics.yaml
[1.331s] -- Symlinking: /home/walt/ws_moveit/install/xarm_moveit_config/share/xarm_moveit_config//config/xarm7_mirror/ompl_planning.yaml
[1.346s] -- Symlinking: /home/walt/ws_moveit/install/xarm_moveit_config/share/xarm_moveit_config//config/xarm7_mirror_gripper/controllers.yaml
[1.358s] -- Symlinking: /home/walt/ws_moveit/install/xarm_moveit_config/share/xarm_moveit_config//config/xarm7_mirror_gripper/fake_controllers.yaml
[1.370s] -- Symlinking: /home/walt/ws_moveit/install/xarm_moveit_config/share/xarm_moveit_config//config/xarm7_mirror_gripper/joint_limits.yaml
[1.384s] -- Symlinking: /home/walt/ws_moveit/install/xarm_moveit_config/share/xarm_moveit_config//config/xarm7_mirror_gripper/ompl_planning.yaml
[1.399s] -- Symlinking: /home/walt/ws_moveit/install/xarm_moveit_config/share/xarm_moveit_config//config/xarm_gripper/controllers.yaml
[1.412s] -- Symlinking: /home/walt/ws_moveit/install/xarm_moveit_config/share/xarm_moveit_config//config/xarm_gripper/fake_controllers.yaml
[1.427s] -- Symlinking: /home/walt/ws_moveit/install/xarm_moveit_config/share/xarm_moveit_config//config/xarm_gripper/joint_limits.yaml
[1.440s] -- Symlinking: /home/walt/ws_moveit/install/xarm_moveit_config/share/xarm_moveit_config//config/xarm_gripper/ompl_planning.yaml
[1.452s] -- Symlinking: /home/walt/ws_moveit/install/xarm_moveit_config/share/xarm_moveit_config//rviz/dual_moveit.rviz
[1.463s] -- Symlinking: /home/walt/ws_moveit/install/xarm_moveit_config/share/xarm_moveit_config//rviz/dual_planner.rviz
[1.477s] -- Symlinking: /home/walt/ws_moveit/install/xarm_moveit_config/share/xarm_moveit_config//rviz/moveit.rviz
[1.490s] -- Symlinking: /home/walt/ws_moveit/install/xarm_moveit_config/share/xarm_moveit_config//rviz/planner.rviz
[1.500s] -- Symlinking: /home/walt/ws_moveit/install/xarm_moveit_config/share/xarm_moveit_config//srdf/_lite6_macro.srdf.xacro
[1.515s] -- Symlinking: /home/walt/ws_moveit/install/xarm_moveit_config/share/xarm_moveit_config//srdf/_uf850_macro.srdf.xacro
[1.529s] -- Symlinking: /home/walt/ws_moveit/install/xarm_moveit_config/share/xarm_moveit_config//srdf/_xarm5_macro.srdf.xacro
[1.541s] -- Symlinking: /home/walt/ws_moveit/install/xarm_moveit_config/share/xarm_moveit_config//srdf/_xarm6_macro.srdf.xacro
[1.550s] -- Symlinking: /home/walt/ws_moveit/install/xarm_moveit_config/share/xarm_moveit_config//srdf/_xarm7_macro.srdf.xacro
[1.558s] -- Symlinking: /home/walt/ws_moveit/install/xarm_moveit_config/share/xarm_moveit_config//srdf/_xarm7_mirror_macro.srdf.xacro
[1.566s] -- Symlinking: /home/walt/ws_moveit/install/xarm_moveit_config/share/xarm_moveit_config//srdf/dual_xarm.srdf.xacro
[1.576s] -- Symlinking: /home/walt/ws_moveit/install/xarm_moveit_config/share/xarm_moveit_config//srdf/xarm.srdf.xacro
[1.587s] -- Symlinking: /home/walt/ws_moveit/install/xarm_moveit_config/share/xarm_moveit_config//srdf/xarm_macro.srdf.xacro
[1.601s] -- Symlinking: /home/walt/ws_moveit/install/xarm_moveit_config/share/xarm_moveit_config//launch/_dual_robot_moveit_common.launch.py
[1.616s] -- Symlinking: /home/walt/ws_moveit/install/xarm_moveit_config/share/xarm_moveit_config//launch/_dual_robot_moveit_common2.launch.py
[1.630s] -- Symlinking: /home/walt/ws_moveit/install/xarm_moveit_config/share/xarm_moveit_config//launch/_dual_robot_moveit_fake.launch.py
[1.639s] -- Symlinking: /home/walt/ws_moveit/install/xarm_moveit_config/share/xarm_moveit_config//launch/_dual_robot_moveit_gazebo.launch.py
[1.647s] -- Symlinking: /home/walt/ws_moveit/install/xarm_moveit_config/share/xarm_moveit_config//launch/_dual_robot_moveit_gz.launch.py
[1.658s] -- Symlinking: /home/walt/ws_moveit/install/xarm_moveit_config/share/xarm_moveit_config//launch/_dual_robot_moveit_realmove.launch.py
[1.669s] -- Symlinking: /home/walt/ws_moveit/install/xarm_moveit_config/share/xarm_moveit_config//launch/_robot_moveit_common.launch.py
[1.684s] -- Symlinking: /home/walt/ws_moveit/install/xarm_moveit_config/share/xarm_moveit_config//launch/_robot_moveit_common2.launch.py
[1.698s] -- Symlinking: /home/walt/ws_moveit/install/xarm_moveit_config/share/xarm_moveit_config//launch/_robot_moveit_fake.launch.py
[1.709s] -- Symlinking: /home/walt/ws_moveit/install/xarm_moveit_config/share/xarm_moveit_config//launch/_robot_moveit_gazebo.launch.py
[1.720s] -- Symlinking: /home/walt/ws_moveit/install/xarm_moveit_config/share/xarm_moveit_config//launch/_robot_moveit_gz.launch.py
[1.732s] -- Symlinking: /home/walt/ws_moveit/install/xarm_moveit_config/share/xarm_moveit_config//launch/_robot_moveit_ignition.launch.py
[1.748s] -- Symlinking: /home/walt/ws_moveit/install/xarm_moveit_config/share/xarm_moveit_config//launch/_robot_moveit_realmove.launch.py
[1.758s] -- Symlinking: /home/walt/ws_moveit/install/xarm_moveit_config/share/xarm_moveit_config//launch/demo/demo_dual_fake.launch.py
[1.768s] -- Symlinking: /home/walt/ws_moveit/install/xarm_moveit_config/share/xarm_moveit_config//launch/demo/demo_dual_realmove.launch.py
[1.781s] -- Symlinking: /home/walt/ws_moveit/install/xarm_moveit_config/share/xarm_moveit_config//launch/demo/demo_fake.launch.py
[1.793s] -- Symlinking: /home/walt/ws_moveit/install/xarm_moveit_config/share/xarm_moveit_config//launch/demo/demo_realmove.launch.py
[1.805s] -- Symlinking: /home/walt/ws_moveit/install/xarm_moveit_config/share/xarm_moveit_config//launch/dual_lite6_moveit_fake.launch.py
[1.820s] -- Symlinking: /home/walt/ws_moveit/install/xarm_moveit_config/share/xarm_moveit_config//launch/dual_lite6_moveit_realmove.launch.py
[1.833s] -- Symlinking: /home/walt/ws_moveit/install/xarm_moveit_config/share/xarm_moveit_config//launch/dual_uf850_moveit_fake.launch.py
[1.849s] -- Symlinking: /home/walt/ws_moveit/install/xarm_moveit_config/share/xarm_moveit_config//launch/dual_uf850_moveit_realmove.launch.py
[1.859s] -- Symlinking: /home/walt/ws_moveit/install/xarm_moveit_config/share/xarm_moveit_config//launch/dual_xarm5_moveit_fake.launch.py
[1.870s] -- Symlinking: /home/walt/ws_moveit/install/xarm_moveit_config/share/xarm_moveit_config//launch/dual_xarm5_moveit_realmove.launch.py
[1.878s] -- Symlinking: /home/walt/ws_moveit/install/xarm_moveit_config/share/xarm_moveit_config//launch/dual_xarm6_moveit_fake.launch.py
[1.895s] -- Symlinking: /home/walt/ws_moveit/install/xarm_moveit_config/share/xarm_moveit_config//launch/dual_xarm6_moveit_realmove.launch.py
[1.910s] -- Symlinking: /home/walt/ws_moveit/install/xarm_moveit_config/share/xarm_moveit_config//launch/dual_xarm7_moveit_fake.launch.py
[1.923s] -- Symlinking: /home/walt/ws_moveit/install/xarm_moveit_config/share/xarm_moveit_config//launch/dual_xarm7_moveit_realmove.launch.py
[1.935s] -- Symlinking: /home/walt/ws_moveit/install/xarm_moveit_config/share/xarm_moveit_config//launch/lib/robot_moveit_config_lib.py
[1.951s] -- Symlinking: /home/walt/ws_moveit/install/xarm_moveit_config/share/xarm_moveit_config//launch/lite6_moveit_fake.launch.py
[1.963s] -- Symlinking: /home/walt/ws_moveit/install/xarm_moveit_config/share/xarm_moveit_config//launch/lite6_moveit_gazebo.launch.py
[1.975s] -- Symlinking: /home/walt/ws_moveit/install/xarm_moveit_config/share/xarm_moveit_config//launch/lite6_moveit_realmove.launch.py
[1.989s] -- Symlinking: /home/walt/ws_moveit/install/xarm_moveit_config/share/xarm_moveit_config//launch/uf850_moveit_fake.launch.py
[2.004s] -- Symlinking: /home/walt/ws_moveit/install/xarm_moveit_config/share/xarm_moveit_config//launch/uf850_moveit_gazebo.launch.py
[2.015s] -- Symlinking: /home/walt/ws_moveit/install/xarm_moveit_config/share/xarm_moveit_config//launch/uf850_moveit_realmove.launch.py
[2.029s] -- Symlinking: /home/walt/ws_moveit/install/xarm_moveit_config/share/xarm_moveit_config//launch/xarm5_moveit_fake.launch.py
[2.044s] -- Symlinking: /home/walt/ws_moveit/install/xarm_moveit_config/share/xarm_moveit_config//launch/xarm5_moveit_gazebo.launch.py
[2.061s] -- Symlinking: /home/walt/ws_moveit/install/xarm_moveit_config/share/xarm_moveit_config//launch/xarm5_moveit_realmove.launch.py
[2.076s] -- Symlinking: /home/walt/ws_moveit/install/xarm_moveit_config/share/xarm_moveit_config//launch/xarm6_moveit_fake.launch.py
[2.080s] -- Symlinking: /home/walt/ws_moveit/install/xarm_moveit_config/share/xarm_moveit_config//launch/xarm6_moveit_gazebo.launch.py
[2.091s] -- Symlinking: /home/walt/ws_moveit/install/xarm_moveit_config/share/xarm_moveit_config//launch/xarm6_moveit_realmove.launch.py
[2.102s] -- Symlinking: /home/walt/ws_moveit/install/xarm_moveit_config/share/xarm_moveit_config//launch/xarm7_mirror_moveit_fake.launch.py
[2.112s] -- Symlinking: /home/walt/ws_moveit/install/xarm_moveit_config/share/xarm_moveit_config//launch/xarm7_mirror_moveit_gazebo.launch.py
[2.127s] -- Symlinking: /home/walt/ws_moveit/install/xarm_moveit_config/share/xarm_moveit_config//launch/xarm7_mirror_moveit_realmove.launch.py
[2.136s] -- Symlinking: /home/walt/ws_moveit/install/xarm_moveit_config/share/xarm_moveit_config//launch/xarm7_moveit_fake.launch.py
[2.149s] -- Symlinking: /home/walt/ws_moveit/install/xarm_moveit_config/share/xarm_moveit_config//launch/xarm7_moveit_gazebo.launch.py
[2.165s] -- Symlinking: /home/walt/ws_moveit/install/xarm_moveit_config/share/xarm_moveit_config//launch/xarm7_moveit_realmove.launch.py
[2.180s] -- Symlinking: /home/walt/ws_moveit/install/xarm_moveit_config/share/ament_index/resource_index/package_run_dependencies/xarm_moveit_config
[2.196s] -- Symlinking: /home/walt/ws_moveit/install/xarm_moveit_config/share/ament_index/resource_index/parent_prefix_path/xarm_moveit_config
[2.208s] -- Symlinking: /home/walt/ws_moveit/install/xarm_moveit_config/share/xarm_moveit_config/environment/ament_prefix_path.sh
[2.222s] -- Symlinking: /home/walt/ws_moveit/install/xarm_moveit_config/share/xarm_moveit_config/environment/ament_prefix_path.dsv
[2.239s] -- Symlinking: /home/walt/ws_moveit/install/xarm_moveit_config/share/xarm_moveit_config/environment/path.sh
[2.253s] -- Symlinking: /home/walt/ws_moveit/install/xarm_moveit_config/share/xarm_moveit_config/environment/path.dsv
[2.264s] -- Symlinking: /home/walt/ws_moveit/install/xarm_moveit_config/share/xarm_moveit_config/local_setup.bash
[2.275s] -- Symlinking: /home/walt/ws_moveit/install/xarm_moveit_config/share/xarm_moveit_config/local_setup.sh
[2.290s] -- Symlinking: /home/walt/ws_moveit/install/xarm_moveit_config/share/xarm_moveit_config/local_setup.zsh
[2.306s] -- Symlinking: /home/walt/ws_moveit/install/xarm_moveit_config/share/xarm_moveit_config/local_setup.dsv
[2.320s] -- Symlinking: /home/walt/ws_moveit/install/xarm_moveit_config/share/xarm_moveit_config/package.dsv
[2.329s] -- Symlinking: /home/walt/ws_moveit/install/xarm_moveit_config/share/ament_index/resource_index/packages/xarm_moveit_config
[2.341s] -- Symlinking: /home/walt/ws_moveit/install/xarm_moveit_config/share/xarm_moveit_config/cmake/xarm_moveit_configConfig.cmake
[2.358s] -- Symlinking: /home/walt/ws_moveit/install/xarm_moveit_config/share/xarm_moveit_config/cmake/xarm_moveit_configConfig-version.cmake
[2.374s] -- Symlinking: /home/walt/ws_moveit/install/xarm_moveit_config/share/xarm_moveit_config/package.xml
[2.389s] Invoked command in '/home/walt/ws_moveit/build/xarm_moveit_config' returned '0': AMENT_PREFIX_PATH=/home/walt/ws_moveit/install/xarm_gazebo:/home/walt/ws_moveit/install/xarm_controller:/home/walt/ws_moveit/install/xarm_api:/home/walt/ws_moveit/install/xarm_sdk:/home/walt/ws_moveit/install/xarm_msgs:/home/walt/ws_moveit/install/xarm_description:/home/walt/ws_moveit/install/uf_ros_lib:${AMENT_PREFIX_PATH} CMAKE_PREFIX_PATH=/home/walt/ws_moveit/install/xarm_gazebo:/home/walt/ws_moveit/install/xarm_controller:/home/walt/ws_moveit/install/xarm_api:/home/walt/ws_moveit/install/xarm_sdk:/home/walt/ws_moveit/install/xarm_msgs:/home/walt/ws_moveit/install/xarm_description:/home/walt/dev_ws/install/xarm_planner:/home/walt/dev_ws/install/xarm_moveit_servo:/home/walt/dev_ws/install/xarm_moveit_config:/home/walt/dev_ws/install/xarm_gazebo:/home/walt/dev_ws/install/xarm_controller:/home/walt/dev_ws/install/xarm_api:/home/walt/dev_ws/install/xarm_sdk:/home/walt/dev_ws/install/xarm_msgs:/home/walt/dev_ws/install/xarm_description:/home/walt/dev_ws/install/realsense_gazebo_plugin:/home/walt/dev_ws/install/mbot_demo:/opt/ros/jazzy/opt/gz_sim_vendor:/opt/ros/jazzy/opt/gz_sensors_vendor:/opt/ros/jazzy/opt/gz_physics_vendor:/opt/ros/jazzy/opt/sdformat_vendor:/opt/ros/jazzy/opt/gz_gui_vendor:/opt/ros/jazzy/opt/gz_transport_vendor:/opt/ros/jazzy/opt/gz_rendering_vendor:/opt/ros/jazzy/opt/gz_plugin_vendor:/opt/ros/jazzy/opt/gz_fuel_tools_vendor:/opt/ros/jazzy/opt/gz_msgs_vendor:/opt/ros/jazzy/opt/gz_common_vendor:/opt/ros/jazzy/opt/gz_tools_vendor:/opt/ros/jazzy/opt/gz_ogre_next_vendor:/opt/ros/jazzy/opt/gz_dartsim_vendor:/opt/ros/jazzy/opt/gz_math_vendor:/opt/ros/jazzy/opt/gz_utils_vendor:/opt/ros/jazzy/opt/gz_cmake_vendor:/home/walt/dev_ws/install/uf_ros_lib:/opt/ros/jazzy DEBUGINFOD_URLS=https://debuginfod.ubuntu.com LD_LIBRARY_PATH=/home/walt/ws_moveit/install/xarm_controller/lib:/home/walt/ws_moveit/install/xarm_api/lib:/home/walt/ws_moveit/install/xarm_sdk/lib:/home/walt/ws_moveit/install/xarm_msgs/lib:${LD_LIBRARY_PATH} PYTHONPATH=/home/walt/ws_moveit/install/xarm_msgs/lib/python3.12/site-packages:/home/walt/ws_moveit/build/uf_ros_lib:/home/walt/ws_moveit/install/uf_ros_lib/lib/python3.12/site-packages:${PYTHONPATH} /usr/bin/cmake --install /home/walt/ws_moveit/build/xarm_moveit_config
