[0.035s] Invoking command in '/home/walt/ws_moveit/build/xarm_moveit_servo': AMENT_PREFIX_PATH=/home/walt/ws_moveit/install/xarm_moveit_config:/home/walt/ws_moveit/install/xarm_gazebo:/home/walt/ws_moveit/install/xarm_controller:/home/walt/ws_moveit/install/xarm_api:/home/walt/ws_moveit/install/xarm_sdk:/home/walt/ws_moveit/install/xarm_msgs:/home/walt/ws_moveit/install/xarm_description:/home/walt/ws_moveit/install/uf_ros_lib:${AMENT_PREFIX_PATH} CMAKE_PREFIX_PATH=/home/walt/ws_moveit/install/xarm_moveit_config:/home/walt/ws_moveit/install/xarm_gazebo:/home/walt/ws_moveit/install/xarm_controller:/home/walt/ws_moveit/install/xarm_api:/home/walt/ws_moveit/install/xarm_sdk:/home/walt/ws_moveit/install/xarm_msgs:/home/walt/ws_moveit/install/xarm_description:/home/walt/dev_ws/install/xarm_planner:/home/walt/dev_ws/install/xarm_moveit_servo:/home/walt/dev_ws/install/xarm_moveit_config:/home/walt/dev_ws/install/xarm_gazebo:/home/walt/dev_ws/install/xarm_controller:/home/walt/dev_ws/install/xarm_api:/home/walt/dev_ws/install/xarm_sdk:/home/walt/dev_ws/install/xarm_msgs:/home/walt/dev_ws/install/xarm_description:/home/walt/dev_ws/install/realsense_gazebo_plugin:/home/walt/dev_ws/install/mbot_demo:/opt/ros/jazzy/opt/gz_sim_vendor:/opt/ros/jazzy/opt/gz_sensors_vendor:/opt/ros/jazzy/opt/gz_physics_vendor:/opt/ros/jazzy/opt/sdformat_vendor:/opt/ros/jazzy/opt/gz_gui_vendor:/opt/ros/jazzy/opt/gz_transport_vendor:/opt/ros/jazzy/opt/gz_rendering_vendor:/opt/ros/jazzy/opt/gz_plugin_vendor:/opt/ros/jazzy/opt/gz_fuel_tools_vendor:/opt/ros/jazzy/opt/gz_msgs_vendor:/opt/ros/jazzy/opt/gz_common_vendor:/opt/ros/jazzy/opt/gz_tools_vendor:/opt/ros/jazzy/opt/gz_ogre_next_vendor:/opt/ros/jazzy/opt/gz_dartsim_vendor:/opt/ros/jazzy/opt/gz_math_vendor:/opt/ros/jazzy/opt/gz_utils_vendor:/opt/ros/jazzy/opt/gz_cmake_vendor:/home/walt/dev_ws/install/uf_ros_lib:/opt/ros/jazzy DEBUGINFOD_URLS=https://debuginfod.ubuntu.com LD_LIBRARY_PATH=/home/walt/ws_moveit/install/xarm_controller/lib:/home/walt/ws_moveit/install/xarm_api/lib:/home/walt/ws_moveit/install/xarm_sdk/lib:/home/walt/ws_moveit/install/xarm_msgs/lib:${LD_LIBRARY_PATH} PYTHONPATH=/home/walt/ws_moveit/install/xarm_msgs/lib/python3.12/site-packages:/home/walt/ws_moveit/build/uf_ros_lib:/home/walt/ws_moveit/install/uf_ros_lib/lib/python3.12/site-packages:${PYTHONPATH} /usr/bin/cmake /home/walt/ws_moveit/src/xarm_ros2/xarm_moveit_servo -DAMENT_CMAKE_SYMLINK_INSTALL=1 -DCMAKE_INSTALL_PREFIX=/home/walt/ws_moveit/install/xarm_moveit_servo
[0.102s] -- The C compiler identification is GNU 13.3.0
[0.157s] -- The CXX compiler identification is GNU 13.3.0
[0.168s] -- Detecting C compiler ABI info
[0.249s] -- Detecting C compiler ABI info - done
[0.256s] -- Check for working C compiler: /usr/bin/cc - skipped
[0.256s] -- Detecting C compile features
[0.256s] -- Detecting C compile features - done
[0.265s] -- Detecting CXX compiler ABI info
[0.353s] -- Detecting CXX compiler ABI info - done
[0.358s] -- Check for working CXX compiler: /usr/bin/c++ - skipped
[0.358s] -- Detecting CXX compile features
[0.358s] -- Detecting CXX compile features - done
[0.362s] -- Found ament_cmake: 2.5.3 (/opt/ros/jazzy/share/ament_cmake/cmake)
[0.471s] -- Found Python3: /usr/bin/python3 (found version "3.12.3") found components: Interpreter 
[0.517s] -- Override CMake install command with custom implementation using symlinks instead of copying resources
[0.545s] -- Found rclcpp: 28.1.6 (/opt/ros/jazzy/share/rclcpp/cmake)
[0.572s] -- Found rosidl_generator_c: 4.6.5 (/opt/ros/jazzy/share/rosidl_generator_c/cmake)
[0.580s] -- Found rosidl_generator_cpp: 4.6.5 (/opt/ros/jazzy/share/rosidl_generator_cpp/cmake)
[0.590s] -- Using all available rosidl_typesupport_c: rosidl_typesupport_fastrtps_c;rosidl_typesupport_introspection_c
[0.601s] -- Using all available rosidl_typesupport_cpp: rosidl_typesupport_fastrtps_cpp;rosidl_typesupport_introspection_cpp
[0.646s] -- Found rmw_implementation_cmake: 7.3.1 (/opt/ros/jazzy/share/rmw_implementation_cmake/cmake)
[0.649s] -- Found rmw_fastrtps_cpp: 8.4.1 (/opt/ros/jazzy/share/rmw_fastrtps_cpp/cmake)
[0.705s] -- Found OpenSSL: /usr/lib/x86_64-linux-gnu/libcrypto.so (found version "3.0.13")  
[0.716s] -- Found FastRTPS: /opt/ros/jazzy/include (Required is at least version "2.13") 
[0.733s] -- Using RMW implementation 'rmw_fastrtps_cpp' as default
[0.775s] -- Found rclcpp_components: 28.1.6 (/opt/ros/jazzy/share/rclcpp_components/cmake)
[0.797s] -- Found std_msgs: 5.3.5 (/opt/ros/jazzy/share/std_msgs/cmake)
[0.805s] -- Found std_srvs: 5.3.5 (/opt/ros/jazzy/share/std_srvs/cmake)
[0.815s] -- Found sensor_msgs: 5.3.5 (/opt/ros/jazzy/share/sensor_msgs/cmake)
[0.837s] -- Found control_msgs: 5.3.0 (/opt/ros/jazzy/share/control_msgs/cmake)
[0.888s] -- Found moveit_msgs: 2.6.0 (/opt/ros/jazzy/share/moveit_msgs/cmake)
[0.970s] -- Found moveit_ros_planning: 2.12.2 (/opt/ros/jazzy/share/moveit_ros_planning/cmake)
[1.050s] -- Found Boost: /usr/lib/x86_64-linux-gnu/cmake/Boost-1.83.0/BoostConfig.cmake (found version "1.83.0") found components: system filesystem date_time program_options thread chrono 
[1.061s] -- Found parameter_traits: 0.4.0 (/opt/ros/jazzy/share/parameter_traits/cmake)
[1.070s] -- Found rclcpp_lifecycle: 28.1.6 (/opt/ros/jazzy/share/rclcpp_lifecycle/cmake)
[1.102s] -- Found Boost: /usr/lib/x86_64-linux-gnu/cmake/Boost-1.83.0/BoostConfig.cmake (found version "1.83.0") found components: chrono date_time filesystem iostreams program_options regex serialization system thread 
[1.133s] -- Found Boost: /usr/lib/x86_64-linux-gnu/cmake/Boost-1.83.0/BoostConfig.cmake (found version "1.83.0") found components: filesystem 
[1.167s] -- Found Eigen3: TRUE (found version "3.4.0") 
[1.167s] -- Ensuring Eigen3 include directory is part of orocos-kdl CMake target
[1.260s] -- Found ament_lint_auto: 0.17.1 (/opt/ros/jazzy/share/ament_lint_auto/cmake)
[1.331s] -- Added test 'copyright' to check source files copyright and LICENSE
[1.332s] -- Added test 'cppcheck' to perform static code analysis on C / C++ code
[1.332s] -- Configured cppcheck include dirs: /home/walt/ws_moveit/src/xarm_ros2/xarm_moveit_servo/include
[1.332s] -- Configured cppcheck exclude dirs and/or files: 
[1.333s] -- Added test 'cpplint' to check C / C++ code against the Google style
[1.333s] -- Configured cpplint exclude dirs and/or files: 
[1.334s] -- Added test 'flake8' to check Python code syntax and style conventions
[1.334s] -- Configured 'flake8' exclude dirs and/or files: 
[1.334s] -- Added test 'lint_cmake' to check CMake code style
[1.335s] -- Added test 'pep257' to check Python code against some of the docstring style conventions in PEP 257
[1.335s] -- Added test 'uncrustify' to check C / C++ code style
[1.335s] -- Configured uncrustify additional arguments: 
[1.336s] -- Added test 'xmllint' to check XML markup files
[1.337s] -- Configuring done (1.3s)
[1.355s] -- Generating done (0.0s)
[1.360s] -- Build files have been written to: /home/walt/ws_moveit/build/xarm_moveit_servo
[1.368s] Invoked command in '/home/walt/ws_moveit/build/xarm_moveit_servo' returned '0': AMENT_PREFIX_PATH=/home/walt/ws_moveit/install/xarm_moveit_config:/home/walt/ws_moveit/install/xarm_gazebo:/home/walt/ws_moveit/install/xarm_controller:/home/walt/ws_moveit/install/xarm_api:/home/walt/ws_moveit/install/xarm_sdk:/home/walt/ws_moveit/install/xarm_msgs:/home/walt/ws_moveit/install/xarm_description:/home/walt/ws_moveit/install/uf_ros_lib:${AMENT_PREFIX_PATH} CMAKE_PREFIX_PATH=/home/walt/ws_moveit/install/xarm_moveit_config:/home/walt/ws_moveit/install/xarm_gazebo:/home/walt/ws_moveit/install/xarm_controller:/home/walt/ws_moveit/install/xarm_api:/home/walt/ws_moveit/install/xarm_sdk:/home/walt/ws_moveit/install/xarm_msgs:/home/walt/ws_moveit/install/xarm_description:/home/walt/dev_ws/install/xarm_planner:/home/walt/dev_ws/install/xarm_moveit_servo:/home/walt/dev_ws/install/xarm_moveit_config:/home/walt/dev_ws/install/xarm_gazebo:/home/walt/dev_ws/install/xarm_controller:/home/walt/dev_ws/install/xarm_api:/home/walt/dev_ws/install/xarm_sdk:/home/walt/dev_ws/install/xarm_msgs:/home/walt/dev_ws/install/xarm_description:/home/walt/dev_ws/install/realsense_gazebo_plugin:/home/walt/dev_ws/install/mbot_demo:/opt/ros/jazzy/opt/gz_sim_vendor:/opt/ros/jazzy/opt/gz_sensors_vendor:/opt/ros/jazzy/opt/gz_physics_vendor:/opt/ros/jazzy/opt/sdformat_vendor:/opt/ros/jazzy/opt/gz_gui_vendor:/opt/ros/jazzy/opt/gz_transport_vendor:/opt/ros/jazzy/opt/gz_rendering_vendor:/opt/ros/jazzy/opt/gz_plugin_vendor:/opt/ros/jazzy/opt/gz_fuel_tools_vendor:/opt/ros/jazzy/opt/gz_msgs_vendor:/opt/ros/jazzy/opt/gz_common_vendor:/opt/ros/jazzy/opt/gz_tools_vendor:/opt/ros/jazzy/opt/gz_ogre_next_vendor:/opt/ros/jazzy/opt/gz_dartsim_vendor:/opt/ros/jazzy/opt/gz_math_vendor:/opt/ros/jazzy/opt/gz_utils_vendor:/opt/ros/jazzy/opt/gz_cmake_vendor:/home/walt/dev_ws/install/uf_ros_lib:/opt/ros/jazzy DEBUGINFOD_URLS=https://debuginfod.ubuntu.com LD_LIBRARY_PATH=/home/walt/ws_moveit/install/xarm_controller/lib:/home/walt/ws_moveit/install/xarm_api/lib:/home/walt/ws_moveit/install/xarm_sdk/lib:/home/walt/ws_moveit/install/xarm_msgs/lib:${LD_LIBRARY_PATH} PYTHONPATH=/home/walt/ws_moveit/install/xarm_msgs/lib/python3.12/site-packages:/home/walt/ws_moveit/build/uf_ros_lib:/home/walt/ws_moveit/install/uf_ros_lib/lib/python3.12/site-packages:${PYTHONPATH} /usr/bin/cmake /home/walt/ws_moveit/src/xarm_ros2/xarm_moveit_servo -DAMENT_CMAKE_SYMLINK_INSTALL=1 -DCMAKE_INSTALL_PREFIX=/home/walt/ws_moveit/install/xarm_moveit_servo
[1.368s] Invoking command in '/home/walt/ws_moveit/build/xarm_moveit_servo': AMENT_PREFIX_PATH=/home/walt/ws_moveit/install/xarm_moveit_config:/home/walt/ws_moveit/install/xarm_gazebo:/home/walt/ws_moveit/install/xarm_controller:/home/walt/ws_moveit/install/xarm_api:/home/walt/ws_moveit/install/xarm_sdk:/home/walt/ws_moveit/install/xarm_msgs:/home/walt/ws_moveit/install/xarm_description:/home/walt/ws_moveit/install/uf_ros_lib:${AMENT_PREFIX_PATH} CMAKE_PREFIX_PATH=/home/walt/ws_moveit/install/xarm_moveit_config:/home/walt/ws_moveit/install/xarm_gazebo:/home/walt/ws_moveit/install/xarm_controller:/home/walt/ws_moveit/install/xarm_api:/home/walt/ws_moveit/install/xarm_sdk:/home/walt/ws_moveit/install/xarm_msgs:/home/walt/ws_moveit/install/xarm_description:/home/walt/dev_ws/install/xarm_planner:/home/walt/dev_ws/install/xarm_moveit_servo:/home/walt/dev_ws/install/xarm_moveit_config:/home/walt/dev_ws/install/xarm_gazebo:/home/walt/dev_ws/install/xarm_controller:/home/walt/dev_ws/install/xarm_api:/home/walt/dev_ws/install/xarm_sdk:/home/walt/dev_ws/install/xarm_msgs:/home/walt/dev_ws/install/xarm_description:/home/walt/dev_ws/install/realsense_gazebo_plugin:/home/walt/dev_ws/install/mbot_demo:/opt/ros/jazzy/opt/gz_sim_vendor:/opt/ros/jazzy/opt/gz_sensors_vendor:/opt/ros/jazzy/opt/gz_physics_vendor:/opt/ros/jazzy/opt/sdformat_vendor:/opt/ros/jazzy/opt/gz_gui_vendor:/opt/ros/jazzy/opt/gz_transport_vendor:/opt/ros/jazzy/opt/gz_rendering_vendor:/opt/ros/jazzy/opt/gz_plugin_vendor:/opt/ros/jazzy/opt/gz_fuel_tools_vendor:/opt/ros/jazzy/opt/gz_msgs_vendor:/opt/ros/jazzy/opt/gz_common_vendor:/opt/ros/jazzy/opt/gz_tools_vendor:/opt/ros/jazzy/opt/gz_ogre_next_vendor:/opt/ros/jazzy/opt/gz_dartsim_vendor:/opt/ros/jazzy/opt/gz_math_vendor:/opt/ros/jazzy/opt/gz_utils_vendor:/opt/ros/jazzy/opt/gz_cmake_vendor:/home/walt/dev_ws/install/uf_ros_lib:/opt/ros/jazzy DEBUGINFOD_URLS=https://debuginfod.ubuntu.com LD_LIBRARY_PATH=/home/walt/ws_moveit/install/xarm_controller/lib:/home/walt/ws_moveit/install/xarm_api/lib:/home/walt/ws_moveit/install/xarm_sdk/lib:/home/walt/ws_moveit/install/xarm_msgs/lib:${LD_LIBRARY_PATH} PYTHONPATH=/home/walt/ws_moveit/install/xarm_msgs/lib/python3.12/site-packages:/home/walt/ws_moveit/build/uf_ros_lib:/home/walt/ws_moveit/install/uf_ros_lib/lib/python3.12/site-packages:${PYTHONPATH} /usr/bin/cmake --build /home/walt/ws_moveit/build/xarm_moveit_servo -- -j32 -l32
[1.407s] [ 25%] [32mBuilding CXX object CMakeFiles/xarm_joystick_input.dir/src/xarm_joystick_input.cpp.o[0m
[1.408s] [ 50%] [32mBuilding CXX object CMakeFiles/xarm_keyboard_input.dir/src/xarm_keyboard_input.cpp.o[0m
[4.443s] [ 75%] [32m[1mLinking CXX executable xarm_keyboard_input[0m
[4.653s] [ 75%] Built target xarm_keyboard_input
[6.235s] [100%] [32m[1mLinking CXX shared library libxarm_joystick_input.so[0m
[6.542s] [100%] Built target xarm_joystick_input
[6.551s] Invoked command in '/home/walt/ws_moveit/build/xarm_moveit_servo' returned '0': AMENT_PREFIX_PATH=/home/walt/ws_moveit/install/xarm_moveit_config:/home/walt/ws_moveit/install/xarm_gazebo:/home/walt/ws_moveit/install/xarm_controller:/home/walt/ws_moveit/install/xarm_api:/home/walt/ws_moveit/install/xarm_sdk:/home/walt/ws_moveit/install/xarm_msgs:/home/walt/ws_moveit/install/xarm_description:/home/walt/ws_moveit/install/uf_ros_lib:${AMENT_PREFIX_PATH} CMAKE_PREFIX_PATH=/home/walt/ws_moveit/install/xarm_moveit_config:/home/walt/ws_moveit/install/xarm_gazebo:/home/walt/ws_moveit/install/xarm_controller:/home/walt/ws_moveit/install/xarm_api:/home/walt/ws_moveit/install/xarm_sdk:/home/walt/ws_moveit/install/xarm_msgs:/home/walt/ws_moveit/install/xarm_description:/home/walt/dev_ws/install/xarm_planner:/home/walt/dev_ws/install/xarm_moveit_servo:/home/walt/dev_ws/install/xarm_moveit_config:/home/walt/dev_ws/install/xarm_gazebo:/home/walt/dev_ws/install/xarm_controller:/home/walt/dev_ws/install/xarm_api:/home/walt/dev_ws/install/xarm_sdk:/home/walt/dev_ws/install/xarm_msgs:/home/walt/dev_ws/install/xarm_description:/home/walt/dev_ws/install/realsense_gazebo_plugin:/home/walt/dev_ws/install/mbot_demo:/opt/ros/jazzy/opt/gz_sim_vendor:/opt/ros/jazzy/opt/gz_sensors_vendor:/opt/ros/jazzy/opt/gz_physics_vendor:/opt/ros/jazzy/opt/sdformat_vendor:/opt/ros/jazzy/opt/gz_gui_vendor:/opt/ros/jazzy/opt/gz_transport_vendor:/opt/ros/jazzy/opt/gz_rendering_vendor:/opt/ros/jazzy/opt/gz_plugin_vendor:/opt/ros/jazzy/opt/gz_fuel_tools_vendor:/opt/ros/jazzy/opt/gz_msgs_vendor:/opt/ros/jazzy/opt/gz_common_vendor:/opt/ros/jazzy/opt/gz_tools_vendor:/opt/ros/jazzy/opt/gz_ogre_next_vendor:/opt/ros/jazzy/opt/gz_dartsim_vendor:/opt/ros/jazzy/opt/gz_math_vendor:/opt/ros/jazzy/opt/gz_utils_vendor:/opt/ros/jazzy/opt/gz_cmake_vendor:/home/walt/dev_ws/install/uf_ros_lib:/opt/ros/jazzy DEBUGINFOD_URLS=https://debuginfod.ubuntu.com LD_LIBRARY_PATH=/home/walt/ws_moveit/install/xarm_controller/lib:/home/walt/ws_moveit/install/xarm_api/lib:/home/walt/ws_moveit/install/xarm_sdk/lib:/home/walt/ws_moveit/install/xarm_msgs/lib:${LD_LIBRARY_PATH} PYTHONPATH=/home/walt/ws_moveit/install/xarm_msgs/lib/python3.12/site-packages:/home/walt/ws_moveit/build/uf_ros_lib:/home/walt/ws_moveit/install/uf_ros_lib/lib/python3.12/site-packages:${PYTHONPATH} /usr/bin/cmake --build /home/walt/ws_moveit/build/xarm_moveit_servo -- -j32 -l32
[6.552s] Invoking command in '/home/walt/ws_moveit/build/xarm_moveit_servo': AMENT_PREFIX_PATH=/home/walt/ws_moveit/install/xarm_moveit_config:/home/walt/ws_moveit/install/xarm_gazebo:/home/walt/ws_moveit/install/xarm_controller:/home/walt/ws_moveit/install/xarm_api:/home/walt/ws_moveit/install/xarm_sdk:/home/walt/ws_moveit/install/xarm_msgs:/home/walt/ws_moveit/install/xarm_description:/home/walt/ws_moveit/install/uf_ros_lib:${AMENT_PREFIX_PATH} CMAKE_PREFIX_PATH=/home/walt/ws_moveit/install/xarm_moveit_config:/home/walt/ws_moveit/install/xarm_gazebo:/home/walt/ws_moveit/install/xarm_controller:/home/walt/ws_moveit/install/xarm_api:/home/walt/ws_moveit/install/xarm_sdk:/home/walt/ws_moveit/install/xarm_msgs:/home/walt/ws_moveit/install/xarm_description:/home/walt/dev_ws/install/xarm_planner:/home/walt/dev_ws/install/xarm_moveit_servo:/home/walt/dev_ws/install/xarm_moveit_config:/home/walt/dev_ws/install/xarm_gazebo:/home/walt/dev_ws/install/xarm_controller:/home/walt/dev_ws/install/xarm_api:/home/walt/dev_ws/install/xarm_sdk:/home/walt/dev_ws/install/xarm_msgs:/home/walt/dev_ws/install/xarm_description:/home/walt/dev_ws/install/realsense_gazebo_plugin:/home/walt/dev_ws/install/mbot_demo:/opt/ros/jazzy/opt/gz_sim_vendor:/opt/ros/jazzy/opt/gz_sensors_vendor:/opt/ros/jazzy/opt/gz_physics_vendor:/opt/ros/jazzy/opt/sdformat_vendor:/opt/ros/jazzy/opt/gz_gui_vendor:/opt/ros/jazzy/opt/gz_transport_vendor:/opt/ros/jazzy/opt/gz_rendering_vendor:/opt/ros/jazzy/opt/gz_plugin_vendor:/opt/ros/jazzy/opt/gz_fuel_tools_vendor:/opt/ros/jazzy/opt/gz_msgs_vendor:/opt/ros/jazzy/opt/gz_common_vendor:/opt/ros/jazzy/opt/gz_tools_vendor:/opt/ros/jazzy/opt/gz_ogre_next_vendor:/opt/ros/jazzy/opt/gz_dartsim_vendor:/opt/ros/jazzy/opt/gz_math_vendor:/opt/ros/jazzy/opt/gz_utils_vendor:/opt/ros/jazzy/opt/gz_cmake_vendor:/home/walt/dev_ws/install/uf_ros_lib:/opt/ros/jazzy DEBUGINFOD_URLS=https://debuginfod.ubuntu.com LD_LIBRARY_PATH=/home/walt/ws_moveit/install/xarm_controller/lib:/home/walt/ws_moveit/install/xarm_api/lib:/home/walt/ws_moveit/install/xarm_sdk/lib:/home/walt/ws_moveit/install/xarm_msgs/lib:${LD_LIBRARY_PATH} PYTHONPATH=/home/walt/ws_moveit/install/xarm_msgs/lib/python3.12/site-packages:/home/walt/ws_moveit/build/uf_ros_lib:/home/walt/ws_moveit/install/uf_ros_lib/lib/python3.12/site-packages:${PYTHONPATH} /usr/bin/cmake --install /home/walt/ws_moveit/build/xarm_moveit_servo
[6.559s] -- Install configuration: ""
[6.559s] -- Execute custom install script
[6.560s] -- Symlinking: /home/walt/ws_moveit/install/xarm_moveit_servo/share/xarm_moveit_servo//config/xarm_moveit_servo_config.yaml
[6.567s] -- Symlinking: /home/walt/ws_moveit/install/xarm_moveit_servo/share/xarm_moveit_servo//launch/_robot_moveit_servo.launch.py
[6.575s] -- Symlinking: /home/walt/ws_moveit/install/xarm_moveit_servo/share/xarm_moveit_servo//launch/_robot_moveit_servo_fake.launch.py
[6.583s] -- Symlinking: /home/walt/ws_moveit/install/xarm_moveit_servo/share/xarm_moveit_servo//launch/_robot_moveit_servo_realmove.launch.py
[6.589s] -- Symlinking: /home/walt/ws_moveit/install/xarm_moveit_servo/share/xarm_moveit_servo//launch/lite6_moveit_servo_fake.launch.py
[6.597s] -- Symlinking: /home/walt/ws_moveit/install/xarm_moveit_servo/share/xarm_moveit_servo//launch/lite6_moveit_servo_realmove.launch.py
[6.605s] -- Symlinking: /home/walt/ws_moveit/install/xarm_moveit_servo/share/xarm_moveit_servo//launch/uf850_moveit_servo_fake.launch.py
[6.612s] -- Symlinking: /home/walt/ws_moveit/install/xarm_moveit_servo/share/xarm_moveit_servo//launch/uf850_moveit_servo_realmove.launch.py
[6.618s] -- Symlinking: /home/walt/ws_moveit/install/xarm_moveit_servo/share/xarm_moveit_servo//launch/xarm_moveit_servo_fake.launch.py
[6.625s] -- Symlinking: /home/walt/ws_moveit/install/xarm_moveit_servo/share/xarm_moveit_servo//launch/xarm_moveit_servo_realmove.launch.py
[6.632s] -- Symlinking: /home/walt/ws_moveit/install/xarm_moveit_servo/share/xarm_moveit_servo//rviz/servo.rviz
[6.640s] -- Symlinking: /home/walt/ws_moveit/install/xarm_moveit_servo/share/ament_index/resource_index/package_run_dependencies/xarm_moveit_servo
[6.648s] -- Symlinking: /home/walt/ws_moveit/install/xarm_moveit_servo/share/ament_index/resource_index/parent_prefix_path/xarm_moveit_servo
[6.655s] -- Symlinking: /home/walt/ws_moveit/install/xarm_moveit_servo/share/xarm_moveit_servo/environment/ament_prefix_path.sh
[6.663s] -- Symlinking: /home/walt/ws_moveit/install/xarm_moveit_servo/share/xarm_moveit_servo/environment/ament_prefix_path.dsv
[6.670s] -- Symlinking: /home/walt/ws_moveit/install/xarm_moveit_servo/share/xarm_moveit_servo/environment/path.sh
[6.678s] -- Symlinking: /home/walt/ws_moveit/install/xarm_moveit_servo/share/xarm_moveit_servo/environment/path.dsv
[6.685s] -- Symlinking: /home/walt/ws_moveit/install/xarm_moveit_servo/share/xarm_moveit_servo/local_setup.bash
[6.693s] -- Symlinking: /home/walt/ws_moveit/install/xarm_moveit_servo/share/xarm_moveit_servo/local_setup.sh
[6.698s] -- Symlinking: /home/walt/ws_moveit/install/xarm_moveit_servo/share/xarm_moveit_servo/local_setup.zsh
[6.706s] -- Symlinking: /home/walt/ws_moveit/install/xarm_moveit_servo/share/xarm_moveit_servo/local_setup.dsv
[6.714s] -- Symlinking: /home/walt/ws_moveit/install/xarm_moveit_servo/share/xarm_moveit_servo/package.dsv
[6.722s] -- Symlinking: /home/walt/ws_moveit/install/xarm_moveit_servo/share/ament_index/resource_index/packages/xarm_moveit_servo
[6.729s] -- Symlinking: /home/walt/ws_moveit/install/xarm_moveit_servo/share/ament_index/resource_index/rclcpp_components/xarm_moveit_servo
[6.737s] -- Symlinking: /home/walt/ws_moveit/install/xarm_moveit_servo/share/xarm_moveit_servo/cmake/xarm_moveit_servoConfig.cmake
[6.745s] -- Symlinking: /home/walt/ws_moveit/install/xarm_moveit_servo/share/xarm_moveit_servo/cmake/xarm_moveit_servoConfig-version.cmake
[6.753s] -- Symlinking: /home/walt/ws_moveit/install/xarm_moveit_servo/share/xarm_moveit_servo/package.xml
[6.760s] -- Installing: /home/walt/ws_moveit/install/xarm_moveit_servo/lib/libxarm_joystick_input.so
[6.763s] -- Set non-toolchain portion of runtime path of "/home/walt/ws_moveit/install/xarm_moveit_servo/lib/libxarm_joystick_input.so" to ""
[6.763s] -- Installing: /home/walt/ws_moveit/install/xarm_moveit_servo/lib/xarm_moveit_servo/xarm_keyboard_input
[6.764s] -- Set non-toolchain portion of runtime path of "/home/walt/ws_moveit/install/xarm_moveit_servo/lib/xarm_moveit_servo/xarm_keyboard_input" to ""
[6.765s] Invoked command in '/home/walt/ws_moveit/build/xarm_moveit_servo' returned '0': AMENT_PREFIX_PATH=/home/walt/ws_moveit/install/xarm_moveit_config:/home/walt/ws_moveit/install/xarm_gazebo:/home/walt/ws_moveit/install/xarm_controller:/home/walt/ws_moveit/install/xarm_api:/home/walt/ws_moveit/install/xarm_sdk:/home/walt/ws_moveit/install/xarm_msgs:/home/walt/ws_moveit/install/xarm_description:/home/walt/ws_moveit/install/uf_ros_lib:${AMENT_PREFIX_PATH} CMAKE_PREFIX_PATH=/home/walt/ws_moveit/install/xarm_moveit_config:/home/walt/ws_moveit/install/xarm_gazebo:/home/walt/ws_moveit/install/xarm_controller:/home/walt/ws_moveit/install/xarm_api:/home/walt/ws_moveit/install/xarm_sdk:/home/walt/ws_moveit/install/xarm_msgs:/home/walt/ws_moveit/install/xarm_description:/home/walt/dev_ws/install/xarm_planner:/home/walt/dev_ws/install/xarm_moveit_servo:/home/walt/dev_ws/install/xarm_moveit_config:/home/walt/dev_ws/install/xarm_gazebo:/home/walt/dev_ws/install/xarm_controller:/home/walt/dev_ws/install/xarm_api:/home/walt/dev_ws/install/xarm_sdk:/home/walt/dev_ws/install/xarm_msgs:/home/walt/dev_ws/install/xarm_description:/home/walt/dev_ws/install/realsense_gazebo_plugin:/home/walt/dev_ws/install/mbot_demo:/opt/ros/jazzy/opt/gz_sim_vendor:/opt/ros/jazzy/opt/gz_sensors_vendor:/opt/ros/jazzy/opt/gz_physics_vendor:/opt/ros/jazzy/opt/sdformat_vendor:/opt/ros/jazzy/opt/gz_gui_vendor:/opt/ros/jazzy/opt/gz_transport_vendor:/opt/ros/jazzy/opt/gz_rendering_vendor:/opt/ros/jazzy/opt/gz_plugin_vendor:/opt/ros/jazzy/opt/gz_fuel_tools_vendor:/opt/ros/jazzy/opt/gz_msgs_vendor:/opt/ros/jazzy/opt/gz_common_vendor:/opt/ros/jazzy/opt/gz_tools_vendor:/opt/ros/jazzy/opt/gz_ogre_next_vendor:/opt/ros/jazzy/opt/gz_dartsim_vendor:/opt/ros/jazzy/opt/gz_math_vendor:/opt/ros/jazzy/opt/gz_utils_vendor:/opt/ros/jazzy/opt/gz_cmake_vendor:/home/walt/dev_ws/install/uf_ros_lib:/opt/ros/jazzy DEBUGINFOD_URLS=https://debuginfod.ubuntu.com LD_LIBRARY_PATH=/home/walt/ws_moveit/install/xarm_controller/lib:/home/walt/ws_moveit/install/xarm_api/lib:/home/walt/ws_moveit/install/xarm_sdk/lib:/home/walt/ws_moveit/install/xarm_msgs/lib:${LD_LIBRARY_PATH} PYTHONPATH=/home/walt/ws_moveit/install/xarm_msgs/lib/python3.12/site-packages:/home/walt/ws_moveit/build/uf_ros_lib:/home/walt/ws_moveit/install/uf_ros_lib/lib/python3.12/site-packages:${PYTHONPATH} /usr/bin/cmake --install /home/walt/ws_moveit/build/xarm_moveit_servo
